<?xml version="1.0" encoding="utf-8"?>
<coverage line-rate="0.8023" branch-rate="0.75" version="1.9" timestamp="1772556717" lines-covered="1279" lines-valid="1594" branches-covered="435" branches-valid="580">
  <sources>
    <source>/Users/lidia/Work/ИПМКН/Duplicate and Conditions/PersonalFinanceCli/</source>
  </sources>
  <packages>
    <package name="PersonalFinanceCli" line-rate="0.8023" branch-rate="0.75" complexity="671">
      <classes>
        <class name="PersonalFinanceCli.Program" filename="Program.cs" line-rate="0" branch-rate="0" complexity="2">
          <methods>
            <method name="Main" signature="(System.String[])" line-rate="0" branch-rate="0" complexity="2">
              <lines>
                <line number="14" hits="0" branch="False" />
                <line number="15" hits="0" branch="False" />
                <line number="16" hits="0" branch="False" />
                <line number="18" hits="0" branch="False" />
                <line number="19" hits="0" branch="False" />
                <line number="20" hits="0" branch="False" />
                <line number="21" hits="0" branch="False" />
                <line number="22" hits="0" branch="False" />
                <line number="23" hits="0" branch="False" />
                <line number="25" hits="0" branch="False" />
                <line number="26" hits="0" branch="False" />
                <line number="27" hits="0" branch="False" />
                <line number="28" hits="0" branch="False" />
                <line number="29" hits="0" branch="False" />
                <line number="30" hits="0" branch="False" />
                <line number="31" hits="0" branch="False" />
                <line number="32" hits="0" branch="False" />
                <line number="33" hits="0" branch="False" />
                <line number="34" hits="0" branch="False" />
                <line number="36" hits="0" branch="False" />
                <line number="37" hits="0" branch="False" />
                <line number="38" hits="0" branch="False" />
                <line number="39" hits="0" branch="False" />
                <line number="40" hits="0" branch="False" />
                <line number="41" hits="0" branch="False" />
                <line number="42" hits="0" branch="False" />
                <line number="43" hits="0" branch="False" />
                <line number="44" hits="0" branch="False" />
                <line number="45" hits="0" branch="False" />
                <line number="46" hits="0" branch="False" />
                <line number="47" hits="0" branch="False" />
                <line number="48" hits="0" branch="False" />
                <line number="49" hits="0" branch="False" />
                <line number="50" hits="0" branch="False" />
                <line number="51" hits="0" branch="False" />
                <line number="53" hits="0" branch="True" condition-coverage="0% (0/2)">
                  <conditions>
                    <condition number="218" type="jump" coverage="0%" />
                  </conditions>
                </line>
                <line number="54" hits="0" branch="False" />
                <line number="55" hits="0" branch="False" />
                <line number="58" hits="0" branch="False" />
                <line number="59" hits="0" branch="False" />
                <line number="60" hits="0" branch="False" />
              </lines>
            </method>
          </methods>
          <lines>
            <line number="14" hits="0" branch="False" />
            <line number="15" hits="0" branch="False" />
            <line number="16" hits="0" branch="False" />
            <line number="18" hits="0" branch="False" />
            <line number="19" hits="0" branch="False" />
            <line number="20" hits="0" branch="False" />
            <line number="21" hits="0" branch="False" />
            <line number="22" hits="0" branch="False" />
            <line number="23" hits="0" branch="False" />
            <line number="25" hits="0" branch="False" />
            <line number="26" hits="0" branch="False" />
            <line number="27" hits="0" branch="False" />
            <line number="28" hits="0" branch="False" />
            <line number="29" hits="0" branch="False" />
            <line number="30" hits="0" branch="False" />
            <line number="31" hits="0" branch="False" />
            <line number="32" hits="0" branch="False" />
            <line number="33" hits="0" branch="False" />
            <line number="34" hits="0" branch="False" />
            <line number="36" hits="0" branch="False" />
            <line number="37" hits="0" branch="False" />
            <line number="38" hits="0" branch="False" />
            <line number="39" hits="0" branch="False" />
            <line number="40" hits="0" branch="False" />
            <line number="41" hits="0" branch="False" />
            <line number="42" hits="0" branch="False" />
            <line number="43" hits="0" branch="False" />
            <line number="44" hits="0" branch="False" />
            <line number="45" hits="0" branch="False" />
            <line number="46" hits="0" branch="False" />
            <line number="47" hits="0" branch="False" />
            <line number="48" hits="0" branch="False" />
            <line number="49" hits="0" branch="False" />
            <line number="50" hits="0" branch="False" />
            <line number="51" hits="0" branch="False" />
            <line number="53" hits="0" branch="True" condition-coverage="0% (0/2)">
              <conditions>
                <condition number="218" type="jump" coverage="0%" />
              </conditions>
            </line>
            <line number="54" hits="0" branch="False" />
            <line number="55" hits="0" branch="False" />
            <line number="58" hits="0" branch="False" />
            <line number="59" hits="0" branch="False" />
            <line number="60" hits="0" branch="False" />
          </lines>
        </class>
        <class name="PersonalFinanceCli.Presentation.Rendering.ConsoleUi" filename="Presentation/Rendering/ConsoleUi.cs" line-rate="0.7859999999999999" branch-rate="0.7695000000000001" complexity="259">
          <methods>
            <method name="Execute" signature="(System.String[])" line-rate="1" branch-rate="1" complexity="1">
              <lines>
                <line number="68" hits="81" branch="False" />
                <line number="70" hits="81" branch="False" />
                <line number="71" hits="81" branch="False" />
                <line number="72" hits="80" branch="False" />
                <line number="73" hits="73" branch="False" />
                <line number="75" hits="8" branch="False" />
                <line number="76" hits="8" branch="False" />
                <line number="77" hits="8" branch="False" />
                <line number="78" hits="8" branch="False" />
                <line number="80" hits="81" branch="False" />
              </lines>
            </method>
            <method name="RunInteractiveLoop" signature="()" line-rate="0.8787" branch-rate="0.9" complexity="10">
              <lines>
                <line number="83" hits="25" branch="False" />
                <line number="84" hits="25" branch="False" />
                <line number="86" hits="51" branch="False" />
                <line number="87" hits="51" branch="False" />
                <line number="88" hits="51" branch="False" />
                <line number="89" hits="51" branch="False" />
                <line number="90" hits="51" branch="True" condition-coverage="50% (1/2)">
                  <conditions>
                    <condition number="49" type="jump" coverage="50%" />
                  </conditions>
                </line>
                <line number="91" hits="0" branch="False" />
                <line number="92" hits="0" branch="False" />
                <line number="95" hits="51" branch="True" condition-coverage="100% (2/2)">
                  <conditions>
                    <condition number="65" type="jump" coverage="100%" />
                  </conditions>
                </line>
                <line number="96" hits="1" branch="False" />
                <line number="97" hits="1" branch="False" />
                <line number="100" hits="50" branch="True" condition-coverage="100% (2/2)">
                  <conditions>
                    <condition number="87" type="jump" coverage="100%" />
                  </conditions>
                </line>
                <line number="101" hits="25" branch="False" />
                <line number="102" hits="25" branch="False" />
                <line number="105" hits="25" branch="True" condition-coverage="100% (2/2)">
                  <conditions>
                    <condition number="111" type="jump" coverage="100%" />
                  </conditions>
                </line>
                <line number="106" hits="2" branch="False" />
                <line number="107" hits="2" branch="False" />
                <line number="108" hits="2" branch="False" />
                <line number="111" hits="23" branch="True" condition-coverage="100% (2/2)">
                  <conditions>
                    <condition number="134" type="jump" coverage="100%" />
                  </conditions>
                </line>
                <line number="112" hits="22" branch="False" />
                <line number="113" hits="22" branch="False" />
                <line number="117" hits="1" branch="False" />
                <line number="118" hits="1" branch="False" />
                <line number="119" hits="0" branch="False" />
                <line number="120" hits="0" branch="False" />
                <line number="121" hits="1" branch="False" />
                <line number="122" hits="1" branch="False" />
                <line number="123" hits="1" branch="False" />
                <line number="124" hits="1" branch="False" />
                <line number="125" hits="1" branch="False" />
                <line number="126" hits="1" branch="False" />
                <line number="127" hits="25" branch="False" />
              </lines>
            </method>
            <method name="EnsureOnboardingOnce" signature="()" line-rate="0.9375" branch-rate="0.9444" complexity="18">
              <lines>
                <line number="130" hits="25" branch="False" />
                <line number="131" hits="25" branch="True" condition-coverage="50% (1/2)">
                  <conditions>
                    <condition number="11" type="jump" coverage="50%" />
                  </conditions>
                </line>
                <line number="132" hits="0" branch="False" />
                <line number="133" hits="0" branch="False" />
                <line number="136" hits="25" branch="False" />
                <line number="138" hits="25" branch="False" />
                <line number="139" hits="25" branch="True" condition-coverage="100% (4/4)">
                  <conditions>
                    <condition number="50" type="jump" coverage="100%" />
                    <condition number="65" type="jump" coverage="100%" />
                  </conditions>
                </line>
                <line number="140" hits="25" branch="False" />
                <line number="141" hits="25" branch="False" />
                <line number="142" hits="25" branch="True" condition-coverage="100% (2/2)">
                  <conditions>
                    <condition number="88" type="jump" coverage="100%" />
                  </conditions>
                </line>
                <line number="143" hits="5" branch="False" />
                <line number="144" hits="5" branch="False" />
                <line number="145" hits="5" branch="False" />
                <line number="146" hits="5" branch="False" />
                <line number="149" hits="20" branch="False" />
                <line number="150" hits="20" branch="True" condition-coverage="100% (4/4)">
                  <conditions>
                    <condition number="144" type="jump" coverage="100%" />
                    <condition number="162" type="jump" coverage="100%" />
                  </conditions>
                </line>
                <line number="151" hits="1" branch="False" />
                <line number="152" hits="1" branch="False" />
                <line number="155" hits="19" branch="False" />
                <line number="156" hits="19" branch="True" condition-coverage="100% (4/4)">
                  <conditions>
                    <condition number="189" type="jump" coverage="100%" />
                    <condition number="232" type="jump" coverage="100%" />
                  </conditions>
                </line>
                <line number="157" hits="1" branch="False" />
                <line number="158" hits="1" branch="False" />
                <line number="161" hits="18" branch="True" condition-coverage="100% (2/2)">
                  <conditions>
                    <condition number="252" type="jump" coverage="100%" />
                  </conditions>
                </line>
                <line number="162" hits="1" branch="False" />
                <line number="163" hits="1" branch="False" />
                <line number="164" hits="1" branch="False" />
                <line number="165" hits="1" branch="False" />
                <line number="167" hits="17" branch="False" />
                <line number="168" hits="17" branch="False" />
                <line number="169" hits="17" branch="False" />
                <line number="171" hits="18" branch="False" />
                <line number="172" hits="25" branch="False" />
              </lines>
            </method>
            <method name="TryHandleWizard" signature="(System.String)" line-rate="0.8" branch-rate="0.6666" complexity="18">
              <lines>
                <line number="175" hits="23" branch="False" />
                <line number="176" hits="23" branch="False" />
                <line number="177" hits="23" branch="True" condition-coverage="100% (2/2)">
                  <conditions>
                    <condition number="19" type="jump" coverage="100%" />
                  </conditions>
                </line>
                <line number="178" hits="1" branch="False" />
                <line number="179" hits="1" branch="False" />
                <line number="182" hits="22" branch="False" />
                <line number="183" hits="22" branch="False" />
                <line number="185" hits="22" branch="True" condition-coverage="100% (4/4)">
                  <conditions>
                    <condition number="67" type="jump" coverage="100%" />
                    <condition number="87" type="jump" coverage="100%" />
                  </conditions>
                </line>
                <line number="186" hits="7" branch="False" />
                <line number="187" hits="7" branch="False" />
                <line number="188" hits="7" branch="False" />
                <line number="191" hits="15" branch="True" condition-coverage="100% (4/4)">
                  <conditions>
                    <condition number="117" type="jump" coverage="100%" />
                    <condition number="137" type="jump" coverage="100%" />
                  </conditions>
                </line>
                <line number="192" hits="3" branch="False" />
                <line number="193" hits="3" branch="False" />
                <line number="194" hits="3" branch="False" />
                <line number="197" hits="12" branch="True" condition-coverage="50% (2/4)">
                  <conditions>
                    <condition number="164" type="jump" coverage="50%" />
                    <condition number="184" type="jump" coverage="50%" />
                  </conditions>
                </line>
                <line number="198" hits="12" branch="False" />
                <line number="199" hits="12" branch="False" />
                <line number="200" hits="12" branch="False" />
                <line number="203" hits="0" branch="True" condition-coverage="0% (0/4)">
                  <conditions>
                    <condition number="211" type="jump" coverage="0%" />
                    <condition number="231" type="jump" coverage="0%" />
                  </conditions>
                </line>
                <line number="204" hits="0" branch="False" />
                <line number="205" hits="0" branch="False" />
                <line number="206" hits="0" branch="False" />
                <line number="209" hits="0" branch="False" />
                <line number="210" hits="23" branch="False" />
              </lines>
            </method>
            <method name="HandleCardAddWizard" signature="(System.Collections.Generic.IReadOnlyList`1&lt;System.String&gt;)" line-rate="0.7058" branch-rate="1" complexity="6">
              <lines>
                <line number="213" hits="7" branch="False" />
                <line number="215" hits="7" branch="False" />
                <line number="216" hits="7" branch="True" condition-coverage="100% (2/2)">
                  <conditions>
                    <condition number="10" type="jump" coverage="100%" />
                  </conditions>
                </line>
                <line number="217" hits="7" branch="True" condition-coverage="100% (2/2)">
                  <conditions>
                    <condition number="41" type="jump" coverage="100%" />
                  </conditions>
                </line>
                <line number="218" hits="6" branch="True" condition-coverage="100% (2/2)">
                  <conditions>
                    <condition number="67" type="jump" coverage="100%" />
                  </conditions>
                </line>
                <line number="219" hits="6" branch="False" />
                <line number="220" hits="6" branch="False" />
                <line number="221" hits="1" branch="False" />
                <line number="222" hits="1" branch="False" />
                <line number="223" hits="1" branch="False" />
                <line number="224" hits="1" branch="False" />
                <line number="225" hits="0" branch="False" />
                <line number="226" hits="0" branch="False" />
                <line number="227" hits="0" branch="False" />
                <line number="228" hits="0" branch="False" />
                <line number="229" hits="0" branch="False" />
                <line number="230" hits="7" branch="False" />
              </lines>
            </method>
            <method name="HandleExpenseAddWizard" signature="(System.Collections.Generic.IReadOnlyList`1&lt;System.String&gt;)" line-rate="0.48479999999999995" branch-rate="0.75" complexity="12">
              <lines>
                <line number="233" hits="3" branch="False" />
                <line number="235" hits="3" branch="False" />
                <line number="236" hits="3" branch="True" condition-coverage="100% (2/2)">
                  <conditions>
                    <condition number="10" type="jump" coverage="100%" />
                  </conditions>
                </line>
                <line number="238" hits="3" branch="True" condition-coverage="100% (2/2)">
                  <conditions>
                    <condition number="40" type="jump" coverage="100%" />
                  </conditions>
                </line>
                <line number="239" hits="3" branch="False" />
                <line number="240" hits="3" branch="True" condition-coverage="75% (3/4)">
                  <conditions>
                    <condition number="56" type="jump" coverage="100%" />
                    <condition number="77" type="jump" coverage="50%" />
                  </conditions>
                </line>
                <line number="241" hits="0" branch="False" />
                <line number="242" hits="0" branch="False" />
                <line number="243" hits="0" branch="False" />
                <line number="244" hits="0" branch="False" />
                <line number="246" hits="3" branch="False" />
                <line number="247" hits="3" branch="True" condition-coverage="50% (1/2)">
                  <conditions>
                    <condition number="113" type="jump" coverage="50%" />
                  </conditions>
                </line>
                <line number="248" hits="0" branch="False" />
                <line number="249" hits="0" branch="False" />
                <line number="250" hits="0" branch="False" />
                <line number="251" hits="0" branch="False" />
                <line number="254" hits="3" branch="False" />
                <line number="255" hits="3" branch="False" />
                <line number="256" hits="3" branch="True" condition-coverage="50% (1/2)">
                  <conditions>
                    <condition number="217" type="jump" coverage="50%" />
                  </conditions>
                </line>
                <line number="258" hits="3" branch="False" />
                <line number="260" hits="3" branch="False" />
                <line number="261" hits="3" branch="False" />
                <line number="262" hits="3" branch="False" />
                <line number="263" hits="0" branch="False" />
                <line number="264" hits="0" branch="False" />
                <line number="265" hits="0" branch="False" />
                <line number="266" hits="0" branch="False" />
                <line number="267" hits="0" branch="False" />
                <line number="268" hits="0" branch="False" />
                <line number="269" hits="0" branch="False" />
                <line number="270" hits="0" branch="False" />
                <line number="271" hits="0" branch="False" />
                <line number="272" hits="3" branch="False" />
              </lines>
            </method>
            <method name="HandleIncomeAddWizard" signature="(System.Collections.Generic.IReadOnlyList`1&lt;System.String&gt;)" line-rate="0.5142" branch-rate="0.5" complexity="12">
              <lines>
                <line number="275" hits="12" branch="False" />
                <line number="277" hits="12" branch="False" />
                <line number="278" hits="12" branch="True" condition-coverage="50% (1/2)">
                  <conditions>
                    <condition number="10" type="jump" coverage="50%" />
                  </conditions>
                </line>
                <line number="280" hits="12" branch="True" condition-coverage="50% (1/2)">
                  <conditions>
                    <condition number="40" type="jump" coverage="50%" />
                  </conditions>
                </line>
                <line number="281" hits="12" branch="False" />
                <line number="282" hits="12" branch="True" condition-coverage="50% (2/4)">
                  <conditions>
                    <condition number="56" type="jump" coverage="50%" />
                    <condition number="77" type="jump" coverage="50%" />
                  </conditions>
                </line>
                <line number="283" hits="0" branch="False" />
                <line number="284" hits="0" branch="False" />
                <line number="285" hits="0" branch="False" />
                <line number="286" hits="0" branch="False" />
                <line number="288" hits="12" branch="False" />
                <line number="289" hits="12" branch="True" condition-coverage="50% (1/2)">
                  <conditions>
                    <condition number="113" type="jump" coverage="50%" />
                  </conditions>
                </line>
                <line number="290" hits="0" branch="False" />
                <line number="291" hits="0" branch="False" />
                <line number="292" hits="0" branch="False" />
                <line number="293" hits="0" branch="False" />
                <line number="296" hits="12" branch="False" />
                <line number="297" hits="12" branch="False" />
                <line number="298" hits="12" branch="True" condition-coverage="50% (1/2)">
                  <conditions>
                    <condition number="217" type="jump" coverage="50%" />
                  </conditions>
                </line>
                <line number="300" hits="12" branch="False" />
                <line number="301" hits="12" branch="False" />
                <line number="303" hits="12" branch="False" />
                <line number="305" hits="12" branch="False" />
                <line number="306" hits="12" branch="False" />
                <line number="307" hits="12" branch="False" />
                <line number="308" hits="0" branch="False" />
                <line number="309" hits="0" branch="False" />
                <line number="310" hits="0" branch="False" />
                <line number="311" hits="0" branch="False" />
                <line number="312" hits="0" branch="False" />
                <line number="313" hits="0" branch="False" />
                <line number="314" hits="0" branch="False" />
                <line number="315" hits="0" branch="False" />
                <line number="316" hits="0" branch="False" />
                <line number="317" hits="12" branch="False" />
              </lines>
            </method>
            <method name="HandleLimitSetWizard" signature="(System.Collections.Generic.IReadOnlyList`1&lt;System.String&gt;)" line-rate="0" branch-rate="0" complexity="2">
              <lines>
                <line number="320" hits="0" branch="False" />
                <line number="322" hits="0" branch="False" />
                <line number="323" hits="0" branch="True" condition-coverage="0% (0/2)">
                  <conditions>
                    <condition number="10" type="jump" coverage="0%" />
                  </conditions>
                </line>
                <line number="324" hits="0" branch="False" />
                <line number="325" hits="0" branch="False" />
                <line number="326" hits="0" branch="False" />
                <line number="327" hits="0" branch="False" />
                <line number="328" hits="0" branch="False" />
                <line number="329" hits="0" branch="False" />
                <line number="330" hits="0" branch="False" />
                <line number="331" hits="0" branch="False" />
                <line number="332" hits="0" branch="False" />
                <line number="333" hits="0" branch="False" />
                <line number="334" hits="0" branch="False" />
                <line number="335" hits="0" branch="False" />
              </lines>
            </method>
            <method name="HandleOptionalCushionTransfer" signature="(System.Decimal,System.String,System.Int32,System.Nullable`1&lt;System.DateOnly&gt;)" line-rate="0.8684000000000001" branch-rate="0.9" complexity="20">
              <lines>
                <line number="338" hits="12" branch="False" />
                <line number="339" hits="12" branch="True" condition-coverage="100% (2/2)">
                  <conditions>
                    <condition number="17" type="jump" coverage="100%" />
                  </conditions>
                </line>
                <line number="340" hits="1" branch="False" />
                <line number="341" hits="1" branch="False" />
                <line number="344" hits="11" branch="False" />
                <line number="345" hits="11" branch="True" condition-coverage="50% (1/2)">
                  <conditions>
                    <condition number="46" type="jump" coverage="50%" />
                  </conditions>
                </line>
                <line number="346" hits="0" branch="False" />
                <line number="347" hits="0" branch="False" />
                <line number="350" hits="11" branch="True" condition-coverage="100% (4/4)">
                  <conditions>
                    <condition number="66" type="jump" coverage="100%" />
                    <condition number="81" type="jump" coverage="100%" />
                  </conditions>
                </line>
                <line number="351" hits="11" branch="False" />
                <line number="352" hits="11" branch="False" />
                <line number="354" hits="11" branch="True" condition-coverage="100% (2/2)">
                  <conditions>
                    <condition number="104" type="jump" coverage="100%" />
                  </conditions>
                </line>
                <line number="355" hits="6" branch="False" />
                <line number="356" hits="6" branch="True" condition-coverage="100% (2/2)">
                  <conditions>
                    <condition number="122" type="jump" coverage="100%" />
                  </conditions>
                </line>
                <line number="357" hits="5" branch="False" />
                <line number="358" hits="5" branch="False" />
                <line number="359" hits="5" branch="False" />
                <line number="361" hits="1" branch="False" />
                <line number="362" hits="1" branch="False" />
                <line number="364" hits="5" branch="False" />
                <line number="366" hits="10" branch="True" condition-coverage="100% (2/2)">
                  <conditions>
                    <condition number="174" type="jump" coverage="100%" />
                  </conditions>
                </line>
                <line number="367" hits="2" branch="False" />
                <line number="368" hits="2" branch="False" />
                <line number="369" hits="2" branch="True" condition-coverage="100% (2/2)">
                  <conditions>
                    <condition number="200" type="jump" coverage="100%" />
                  </conditions>
                </line>
                <line number="370" hits="1" branch="False" />
                <line number="371" hits="1" branch="False" />
                <line number="373" hits="1" branch="False" />
                <line number="375" hits="9" branch="True" condition-coverage="50% (1/2)">
                  <conditions>
                    <condition number="221" type="jump" coverage="50%" />
                  </conditions>
                </line>
                <line number="376" hits="0" branch="False" />
                <line number="377" hits="0" branch="False" />
                <line number="378" hits="0" branch="False" />
                <line number="380" hits="9" branch="False" />
                <line number="381" hits="9" branch="True" condition-coverage="100% (2/2)">
                  <conditions>
                    <condition number="265" type="jump" coverage="100%" />
                  </conditions>
                </line>
                <line number="382" hits="1" branch="False" />
                <line number="383" hits="1" branch="False" />
                <line number="384" hits="1" branch="False" />
                <line number="387" hits="8" branch="False" />
                <line number="388" hits="12" branch="False" />
              </lines>
            </method>
            <method name="AskTransferAmount" signature="(System.Decimal,System.String)" line-rate="0.9117000000000001" branch-rate="0.875" complexity="16">
              <lines>
                <line number="391" hits="9" branch="False" />
                <line number="392" hits="12" branch="False" />
                <line number="393" hits="12" branch="False" />
                <line number="394" hits="12" branch="False" />
                <line number="395" hits="12" branch="False" />
                <line number="396" hits="12" branch="True" condition-coverage="75% (3/4)">
                  <conditions>
                    <condition number="37" type="jump" coverage="50%" />
                    <condition number="56" type="jump" coverage="100%" />
                  </conditions>
                </line>
                <line number="397" hits="1" branch="False" />
                <line number="398" hits="1" branch="False" />
                <line number="402" hits="11" branch="True" condition-coverage="100% (2/2)">
                  <conditions>
                    <condition number="85" type="jump" coverage="100%" />
                  </conditions>
                </line>
                <line number="403" hits="3" branch="False" />
                <line number="404" hits="3" branch="False" />
                <line number="405" hits="3" branch="False" />
                <line number="406" hits="8" branch="True" condition-coverage="100% (2/2)">
                  <conditions>
                    <condition number="129" type="jump" coverage="100%" />
                  </conditions>
                </line>
                <line number="407" hits="1" branch="False" />
                <line number="408" hits="1" branch="False" />
                <line number="409" hits="1" branch="True" condition-coverage="50% (1/2)">
                  <conditions>
                    <condition number="175" type="jump" coverage="50%" />
                  </conditions>
                </line>
                <line number="410" hits="0" branch="False" />
                <line number="411" hits="0" branch="False" />
                <line number="412" hits="0" branch="False" />
                <line number="415" hits="1" branch="False" />
                <line number="416" hits="1" branch="False" />
                <line number="418" hits="7" branch="False" />
                <line number="419" hits="7" branch="True" condition-coverage="100% (2/2)">
                  <conditions>
                    <condition number="250" type="jump" coverage="100%" />
                  </conditions>
                </line>
                <line number="420" hits="1" branch="False" />
                <line number="421" hits="1" branch="False" />
                <line number="422" hits="1" branch="False" />
                <line number="425" hits="6" branch="False" />
                <line number="426" hits="6" branch="False" />
                <line number="428" hits="10" branch="True" condition-coverage="100% (4/4)">
                  <conditions>
                    <condition number="294" type="jump" coverage="100%" />
                    <condition number="310" type="jump" coverage="100%" />
                  </conditions>
                </line>
                <line number="429" hits="2" branch="False" />
                <line number="430" hits="2" branch="False" />
                <line number="431" hits="2" branch="False" />
                <line number="434" hits="8" branch="False" />
                <line number="436" hits="9" branch="False" />
              </lines>
            </method>
            <method name="AskYesNo" signature="(System.String)" line-rate="0.7777" branch-rate="0.7" complexity="10">
              <lines>
                <line number="439" hits="6" branch="False" />
                <line number="440" hits="6" branch="False" />
                <line number="441" hits="6" branch="False" />
                <line number="442" hits="6" branch="False" />
                <line number="443" hits="6" branch="False" />
                <line number="444" hits="6" branch="True" condition-coverage="50% (1/2)">
                  <conditions>
                    <condition number="48" type="jump" coverage="50%" />
                  </conditions>
                </line>
                <line number="445" hits="0" branch="False" />
                <line number="446" hits="0" branch="False" />
                <line number="449" hits="6" branch="False" />
                <line number="450" hits="6" branch="True" condition-coverage="100% (4/4)">
                  <conditions>
                    <condition number="74" type="jump" coverage="100%" />
                    <condition number="95" type="jump" coverage="100%" />
                  </conditions>
                </line>
                <line number="451" hits="5" branch="False" />
                <line number="452" hits="5" branch="False" />
                <line number="455" hits="1" branch="True" condition-coverage="50% (2/4)">
                  <conditions>
                    <condition number="114" type="jump" coverage="50%" />
                    <condition number="135" type="jump" coverage="50%" />
                  </conditions>
                </line>
                <line number="456" hits="1" branch="False" />
                <line number="457" hits="1" branch="False" />
                <line number="460" hits="0" branch="False" />
                <line number="461" hits="0" branch="False" />
                <line number="462" hits="6" branch="False" />
              </lines>
            </method>
            <method name="AskYesNoDefaultYes" signature="(System.String)" line-rate="0.7142000000000001" branch-rate="0.6666" complexity="12">
              <lines>
                <line number="465" hits="12" branch="False" />
                <line number="466" hits="12" branch="False" />
                <line number="467" hits="12" branch="False" />
                <line number="468" hits="12" branch="False" />
                <line number="469" hits="12" branch="False" />
                <line number="470" hits="12" branch="True" condition-coverage="50% (1/2)">
                  <conditions>
                    <condition number="48" type="jump" coverage="50%" />
                  </conditions>
                </line>
                <line number="471" hits="0" branch="False" />
                <line number="472" hits="0" branch="False" />
                <line number="475" hits="12" branch="False" />
                <line number="476" hits="12" branch="True" condition-coverage="50% (1/2)">
                  <conditions>
                    <condition number="78" type="jump" coverage="50%" />
                  </conditions>
                </line>
                <line number="477" hits="0" branch="False" />
                <line number="478" hits="0" branch="False" />
                <line number="481" hits="12" branch="True" condition-coverage="100% (4/4)">
                  <conditions>
                    <condition number="97" type="jump" coverage="100%" />
                    <condition number="118" type="jump" coverage="100%" />
                  </conditions>
                </line>
                <line number="482" hits="11" branch="False" />
                <line number="483" hits="11" branch="False" />
                <line number="486" hits="1" branch="True" condition-coverage="50% (2/4)">
                  <conditions>
                    <condition number="137" type="jump" coverage="50%" />
                    <condition number="158" type="jump" coverage="50%" />
                  </conditions>
                </line>
                <line number="487" hits="1" branch="False" />
                <line number="488" hits="1" branch="False" />
                <line number="491" hits="0" branch="False" />
                <line number="492" hits="0" branch="False" />
                <line number="493" hits="12" branch="False" />
              </lines>
            </method>
            <method name="AskYesNoDefaultNo" signature="(System.String)" line-rate="0.8095" branch-rate="0.75" complexity="12">
              <lines>
                <line number="496" hits="18" branch="False" />
                <line number="497" hits="18" branch="False" />
                <line number="498" hits="18" branch="False" />
                <line number="499" hits="18" branch="False" />
                <line number="500" hits="18" branch="False" />
                <line number="501" hits="18" branch="True" condition-coverage="50% (1/2)">
                  <conditions>
                    <condition number="48" type="jump" coverage="50%" />
                  </conditions>
                </line>
                <line number="502" hits="0" branch="False" />
                <line number="503" hits="0" branch="False" />
                <line number="506" hits="18" branch="False" />
                <line number="507" hits="18" branch="True" condition-coverage="100% (2/2)">
                  <conditions>
                    <condition number="78" type="jump" coverage="100%" />
                  </conditions>
                </line>
                <line number="508" hits="1" branch="False" />
                <line number="509" hits="1" branch="False" />
                <line number="512" hits="17" branch="True" condition-coverage="100% (4/4)">
                  <conditions>
                    <condition number="97" type="jump" coverage="100%" />
                    <condition number="118" type="jump" coverage="100%" />
                  </conditions>
                </line>
                <line number="513" hits="1" branch="False" />
                <line number="514" hits="1" branch="False" />
                <line number="517" hits="16" branch="True" condition-coverage="50% (2/4)">
                  <conditions>
                    <condition number="137" type="jump" coverage="50%" />
                    <condition number="158" type="jump" coverage="50%" />
                  </conditions>
                </line>
                <line number="518" hits="16" branch="False" />
                <line number="519" hits="16" branch="False" />
                <line number="522" hits="0" branch="False" />
                <line number="523" hits="0" branch="False" />
                <line number="524" hits="18" branch="False" />
              </lines>
            </method>
            <method name="AskYesNoWithCancel" signature="(System.String,System.Boolean&amp;)" line-rate="0.5937" branch-rate="0.6111" complexity="18">
              <lines>
                <line number="527" hits="2" branch="False" />
                <line number="528" hits="2" branch="False" />
                <line number="529" hits="2" branch="False" />
                <line number="530" hits="2" branch="False" />
                <line number="531" hits="2" branch="False" />
                <line number="532" hits="2" branch="False" />
                <line number="533" hits="2" branch="True" condition-coverage="50% (1/2)">
                  <conditions>
                    <condition number="51" type="jump" coverage="50%" />
                  </conditions>
                </line>
                <line number="534" hits="0" branch="False" />
                <line number="535" hits="0" branch="False" />
                <line number="538" hits="2" branch="False" />
                <line number="539" hits="2" branch="True" condition-coverage="50% (1/2)">
                  <conditions>
                    <condition number="84" type="jump" coverage="50%" />
                  </conditions>
                </line>
                <line number="540" hits="0" branch="False" />
                <line number="541" hits="0" branch="False" />
                <line number="542" hits="0" branch="False" />
                <line number="545" hits="2" branch="True" condition-coverage="50% (1/2)">
                  <conditions>
                    <condition number="113" type="jump" coverage="50%" />
                  </conditions>
                </line>
                <line number="546" hits="0" branch="False" />
                <line number="547" hits="0" branch="False" />
                <line number="550" hits="2" branch="True" condition-coverage="50% (1/2)">
                  <conditions>
                    <condition number="139" type="jump" coverage="50%" />
                  </conditions>
                </line>
                <line number="551" hits="0" branch="False" />
                <line number="552" hits="0" branch="False" />
                <line number="555" hits="2" branch="True" condition-coverage="50% (1/2)">
                  <conditions>
                    <condition number="159" type="jump" coverage="50%" />
                  </conditions>
                </line>
                <line number="556" hits="0" branch="False" />
                <line number="557" hits="0" branch="False" />
                <line number="560" hits="2" branch="True" condition-coverage="100% (4/4)">
                  <conditions>
                    <condition number="178" type="jump" coverage="100%" />
                    <condition number="199" type="jump" coverage="100%" />
                  </conditions>
                </line>
                <line number="561" hits="1" branch="False" />
                <line number="562" hits="1" branch="False" />
                <line number="565" hits="1" branch="True" condition-coverage="50% (2/4)">
                  <conditions>
                    <condition number="218" type="jump" coverage="50%" />
                    <condition number="239" type="jump" coverage="50%" />
                  </conditions>
                </line>
                <line number="566" hits="1" branch="False" />
                <line number="567" hits="1" branch="False" />
                <line number="570" hits="0" branch="False" />
                <line number="571" hits="0" branch="False" />
                <line number="572" hits="2" branch="False" />
              </lines>
            </method>
            <method name="ExecuteParsedCommand" signature="(PersonalFinanceCli.Presentation.Parsing.ParsedCommand)" line-rate="0.9704999999999999" branch-rate="0.95" complexity="20">
              <lines>
                <line number="575" hits="86" branch="False" />
                <line number="576" hits="86" branch="False" />
                <line number="578" hits="86" branch="True" condition-coverage="92.85% (13/14)">
                  <conditions>
                    <condition number="19" type="jump" coverage="100%" />
                    <condition number="28" type="jump" coverage="100%" />
                    <condition number="39" type="jump" coverage="100%" />
                    <condition number="50" type="jump" coverage="100%" />
                    <condition number="63" type="jump" coverage="100%" />
                    <condition number="75" type="jump" coverage="100%" />
                    <condition number="91" type="jump" coverage="50%" />
                  </conditions>
                </line>
                <line number="581" hits="48" branch="False" />
                <line number="582" hits="47" branch="False" />
                <line number="583" hits="47" branch="False" />
                <line number="585" hits="1" branch="False" />
                <line number="586" hits="1" branch="False" />
                <line number="588" hits="3" branch="False" />
                <line number="589" hits="3" branch="False" />
                <line number="590" hits="3" branch="False" />
                <line number="592" hits="20" branch="True" condition-coverage="100% (2/2)">
                  <conditions>
                    <condition number="194" type="jump" coverage="100%" />
                  </conditions>
                </line>
                <line number="593" hits="7" branch="False" />
                <line number="594" hits="7" branch="False" />
                <line number="595" hits="5" branch="False" />
                <line number="597" hits="13" branch="False" />
                <line number="598" hits="13" branch="False" />
                <line number="599" hits="11" branch="False" />
                <line number="601" hits="16" branch="False" />
                <line number="602" hits="16" branch="False" />
                <line number="604" hits="6" branch="False" />
                <line number="605" hits="4" branch="False" />
                <line number="606" hits="4" branch="False" />
                <line number="608" hits="2" branch="False" />
                <line number="609" hits="2" branch="False" />
                <line number="611" hits="6" branch="True" condition-coverage="100% (2/2)">
                  <conditions>
                    <condition number="348" type="jump" coverage="100%" />
                  </conditions>
                </line>
                <line number="612" hits="6" branch="False" />
                <line number="614" hits="0" branch="False" />
                <line number="617" hits="79" branch="True" condition-coverage="100% (2/2)">
                  <conditions>
                    <condition number="394" type="jump" coverage="100%" />
                  </conditions>
                </line>
                <line number="618" hits="70" branch="False" />
                <line number="619" hits="70" branch="False" />
                <line number="620" hits="70" branch="False" />
                <line number="621" hits="70" branch="False" />
                <line number="622" hits="79" branch="False" />
              </lines>
            </method>
            <method name="PrintHelp" signature="()" line-rate="1" branch-rate="1" complexity="1">
              <lines>
                <line number="625" hits="2" branch="False" />
                <line number="626" hits="2" branch="False" />
                <line number="627" hits="2" branch="False" />
                <line number="628" hits="2" branch="False" />
                <line number="629" hits="2" branch="False" />
                <line number="630" hits="2" branch="False" />
                <line number="631" hits="2" branch="False" />
                <line number="632" hits="2" branch="False" />
                <line number="633" hits="2" branch="False" />
                <line number="634" hits="2" branch="False" />
                <line number="635" hits="2" branch="False" />
                <line number="636" hits="2" branch="False" />
                <line number="637" hits="2" branch="False" />
              </lines>
            </method>
            <method name="PrintCards" signature="()" line-rate="0.7692" branch-rate="0.8332999999999999" complexity="6">
              <lines>
                <line number="640" hits="1" branch="False" />
                <line number="641" hits="1" branch="False" />
                <line number="642" hits="1" branch="True" condition-coverage="50% (1/2)">
                  <conditions>
                    <condition number="24" type="jump" coverage="50%" />
                  </conditions>
                </line>
                <line number="643" hits="0" branch="False" />
                <line number="644" hits="0" branch="False" />
                <line number="645" hits="0" branch="False" />
                <line number="648" hits="1" branch="False" />
                <line number="649" hits="7" branch="True" condition-coverage="100% (2/2)">
                  <conditions>
                    <condition number="267" type="jump" coverage="100%" />
                  </conditions>
                </line>
                <line number="650" hits="2" branch="False" />
                <line number="651" hits="2" branch="True" condition-coverage="100% (2/2)">
                  <conditions>
                    <condition number="93" type="jump" coverage="100%" />
                  </conditions>
                </line>
                <line number="652" hits="2" branch="False" />
                <line number="653" hits="2" branch="False" />
                <line number="654" hits="1" branch="False" />
              </lines>
            </method>
            <method name="ShowLimit" signature="()" line-rate="1" branch-rate="0.5" complexity="6">
              <lines>
                <line number="657" hits="2" branch="False" />
                <line number="658" hits="2" branch="False" />
                <line number="659" hits="2" branch="False" />
                <line number="660" hits="2" branch="True" condition-coverage="100% (2/2)">
                  <conditions>
                    <condition number="34" type="jump" coverage="100%" />
                  </conditions>
                </line>
                <line number="661" hits="1" branch="False" />
                <line number="662" hits="1" branch="False" />
                <line number="663" hits="1" branch="False" />
                <line number="666" hits="1" branch="False" />
                <line number="667" hits="2" branch="True" condition-coverage="25% (1/4)">
                  <conditions>
                    <condition number="109" type="jump" coverage="50%" />
                    <condition number="119" type="jump" coverage="0%" />
                  </conditions>
                </line>
                <line number="668" hits="1" branch="False" />
                <line number="669" hits="1" branch="False" />
                <line number="670" hits="1" branch="False" />
                <line number="671" hits="2" branch="False" />
              </lines>
            </method>
            <method name="AskRequiredText" signature="(System.String,System.String)" line-rate="0.7368000000000001" branch-rate="0.6666" complexity="6">
              <lines>
                <line number="674" hits="22" branch="False" />
                <line number="675" hits="22" branch="False" />
                <line number="676" hits="22" branch="False" />
                <line number="677" hits="22" branch="False" />
                <line number="678" hits="22" branch="True" condition-coverage="100% (2/2)">
                  <conditions>
                    <condition number="12" type="jump" coverage="100%" />
                  </conditions>
                </line>
                <line number="679" hits="5" branch="False" />
                <line number="680" hits="5" branch="False" />
                <line number="681" hits="5" branch="False" />
                <line number="682" hits="5" branch="False" />
                <line number="684" hits="22" branch="True" condition-coverage="50% (1/2)">
                  <conditions>
                    <condition number="60" type="jump" coverage="50%" />
                  </conditions>
                </line>
                <line number="685" hits="0" branch="False" />
                <line number="686" hits="0" branch="False" />
                <line number="689" hits="22" branch="True" condition-coverage="50% (1/2)">
                  <conditions>
                    <condition number="80" type="jump" coverage="50%" />
                  </conditions>
                </line>
                <line number="690" hits="22" branch="False" />
                <line number="691" hits="22" branch="False" />
                <line number="694" hits="0" branch="False" />
                <line number="695" hits="0" branch="False" />
                <line number="696" hits="0" branch="False" />
                <line number="697" hits="22" branch="False" />
              </lines>
            </method>
            <method name="AskRequiredDecimal" signature="(System.String,System.String)" line-rate="0.8946999999999999" branch-rate="0.8332999999999999" complexity="6">
              <lines>
                <line number="700" hits="15" branch="False" />
                <line number="701" hits="15" branch="False" />
                <line number="702" hits="16" branch="False" />
                <line number="703" hits="16" branch="False" />
                <line number="704" hits="16" branch="True" condition-coverage="100% (2/2)">
                  <conditions>
                    <condition number="12" type="jump" coverage="100%" />
                  </conditions>
                </line>
                <line number="705" hits="3" branch="False" />
                <line number="706" hits="3" branch="False" />
                <line number="707" hits="3" branch="False" />
                <line number="708" hits="3" branch="False" />
                <line number="710" hits="16" branch="True" condition-coverage="50% (1/2)">
                  <conditions>
                    <condition number="60" type="jump" coverage="50%" />
                  </conditions>
                </line>
                <line number="711" hits="0" branch="False" />
                <line number="712" hits="0" branch="False" />
                <line number="715" hits="16" branch="True" condition-coverage="100% (2/2)">
                  <conditions>
                    <condition number="81" type="jump" coverage="100%" />
                  </conditions>
                </line>
                <line number="716" hits="15" branch="False" />
                <line number="717" hits="15" branch="False" />
                <line number="720" hits="1" branch="False" />
                <line number="721" hits="1" branch="False" />
                <line number="722" hits="1" branch="False" />
                <line number="723" hits="15" branch="False" />
              </lines>
            </method>
            <method name="AskOptionalDecimal" signature="(System.String,System.String)" line-rate="0.7726999999999999" branch-rate="0.75" complexity="8">
              <lines>
                <line number="726" hits="6" branch="False" />
                <line number="727" hits="6" branch="False" />
                <line number="728" hits="6" branch="False" />
                <line number="729" hits="6" branch="False" />
                <line number="730" hits="6" branch="True" condition-coverage="100% (2/2)">
                  <conditions>
                    <condition number="15" type="jump" coverage="100%" />
                  </conditions>
                </line>
                <line number="731" hits="2" branch="False" />
                <line number="732" hits="2" branch="False" />
                <line number="733" hits="2" branch="False" />
                <line number="734" hits="2" branch="False" />
                <line number="736" hits="6" branch="True" condition-coverage="50% (1/2)">
                  <conditions>
                    <condition number="63" type="jump" coverage="50%" />
                  </conditions>
                </line>
                <line number="737" hits="0" branch="False" />
                <line number="738" hits="0" branch="False" />
                <line number="741" hits="6" branch="True" condition-coverage="100% (2/2)">
                  <conditions>
                    <condition number="82" type="jump" coverage="100%" />
                  </conditions>
                </line>
                <line number="742" hits="1" branch="False" />
                <line number="743" hits="1" branch="False" />
                <line number="746" hits="5" branch="True" condition-coverage="50% (1/2)">
                  <conditions>
                    <condition number="111" type="jump" coverage="50%" />
                  </conditions>
                </line>
                <line number="747" hits="5" branch="False" />
                <line number="748" hits="5" branch="False" />
                <line number="751" hits="0" branch="False" />
                <line number="752" hits="0" branch="False" />
                <line number="753" hits="0" branch="False" />
                <line number="754" hits="6" branch="False" />
              </lines>
            </method>
            <method name="AskOptionalDate" signature="(System.String,System.String)" line-rate="0.8181" branch-rate="0.75" complexity="8">
              <lines>
                <line number="757" hits="3" branch="False" />
                <line number="758" hits="3" branch="False" />
                <line number="759" hits="4" branch="False" />
                <line number="760" hits="4" branch="False" />
                <line number="761" hits="4" branch="True" condition-coverage="100% (2/2)">
                  <conditions>
                    <condition number="15" type="jump" coverage="100%" />
                  </conditions>
                </line>
                <line number="762" hits="4" branch="False" />
                <line number="763" hits="4" branch="False" />
                <line number="764" hits="4" branch="False" />
                <line number="765" hits="4" branch="False" />
                <line number="767" hits="4" branch="True" condition-coverage="50% (1/2)">
                  <conditions>
                    <condition number="63" type="jump" coverage="50%" />
                  </conditions>
                </line>
                <line number="768" hits="0" branch="False" />
                <line number="769" hits="0" branch="False" />
                <line number="772" hits="4" branch="True" condition-coverage="50% (1/2)">
                  <conditions>
                    <condition number="82" type="jump" coverage="50%" />
                  </conditions>
                </line>
                <line number="773" hits="0" branch="False" />
                <line number="774" hits="0" branch="False" />
                <line number="777" hits="4" branch="True" condition-coverage="100% (2/2)">
                  <conditions>
                    <condition number="111" type="jump" coverage="100%" />
                  </conditions>
                </line>
                <line number="778" hits="3" branch="False" />
                <line number="779" hits="3" branch="False" />
                <line number="782" hits="1" branch="False" />
                <line number="783" hits="1" branch="False" />
                <line number="784" hits="1" branch="False" />
                <line number="785" hits="3" branch="False" />
              </lines>
            </method>
            <method name="ResolveCardWizard" signature="(System.String,System.String)" line-rate="0.7368000000000001" branch-rate="0.7272" complexity="22">
              <lines>
                <line number="788" hits="15" branch="False" />
                <line number="789" hits="15" branch="False" />
                <line number="790" hits="16" branch="False" />
                <line number="791" hits="16" branch="False" />
                <line number="792" hits="16" branch="True" condition-coverage="100% (2/2)">
                  <conditions>
                    <condition number="33" type="jump" coverage="100%" />
                  </conditions>
                </line>
                <line number="793" hits="4" branch="False" />
                <line number="794" hits="4" branch="False" />
                <line number="795" hits="4" branch="False" />
                <line number="796" hits="4" branch="False" />
                <line number="798" hits="16" branch="True" condition-coverage="50% (1/2)">
                  <conditions>
                    <condition number="93" type="jump" coverage="50%" />
                  </conditions>
                </line>
                <line number="799" hits="0" branch="False" />
                <line number="800" hits="0" branch="False" />
                <line number="803" hits="16" branch="True" condition-coverage="100% (2/2)">
                  <conditions>
                    <condition number="117" type="jump" coverage="100%" />
                  </conditions>
                </line>
                <line number="804" hits="1" branch="False" />
                <line number="805" hits="1" branch="False" />
                <line number="808" hits="15" branch="True" condition-coverage="100% (2/2)">
                  <conditions>
                    <condition number="159" type="jump" coverage="100%" />
                  </conditions>
                </line>
                <line number="809" hits="13" branch="False" />
                <line number="810" hits="13" branch="False" />
                <line number="813" hits="2" branch="True" condition-coverage="50% (2/4)">
                  <conditions>
                    <condition number="191" type="jump" coverage="50%" />
                    <condition number="213" type="jump" coverage="50%" />
                  </conditions>
                </line>
                <line number="814" hits="0" branch="False" />
                <line number="815" hits="0" branch="False" />
                <line number="816" hits="0" branch="True" condition-coverage="0% (0/2)">
                  <conditions>
                    <condition number="264" type="jump" coverage="0%" />
                  </conditions>
                </line>
                <line number="817" hits="0" branch="False" />
                <line number="818" hits="0" branch="False" />
                <line number="820" hits="0" branch="False" />
                <line number="822" hits="2" branch="False" />
                <line number="823" hits="5" branch="True" condition-coverage="100% (2/2)">
                  <conditions>
                    <condition number="302" type="jump" coverage="100%" />
                  </conditions>
                </line>
                <line number="824" hits="2" branch="True" condition-coverage="100% (2/2)">
                  <conditions>
                    <condition number="344" type="jump" coverage="100%" />
                  </conditions>
                </line>
                <line number="825" hits="1" branch="False" />
                <line number="826" hits="1" branch="False" />
                <line number="829" hits="2" branch="True" condition-coverage="100% (2/2)">
                  <conditions>
                    <condition number="371" type="jump" coverage="100%" />
                  </conditions>
                </line>
                <line number="830" hits="1" branch="True" condition-coverage="50% (1/2)">
                  <conditions>
                    <condition number="423" type="jump" coverage="50%" />
                  </conditions>
                </line>
                <line number="831" hits="0" branch="False" />
                <line number="832" hits="0" branch="False" />
                <line number="835" hits="1" branch="False" />
                <line number="836" hits="1" branch="False" />
                <line number="837" hits="1" branch="False" />
                <line number="838" hits="15" branch="False" />
              </lines>
            </method>
            <method name="AskCurrency" signature="(System.String)" line-rate="1" branch-rate="1" complexity="6">
              <lines>
                <line number="841" hits="7" branch="False" />
                <line number="842" hits="7" branch="False" />
                <line number="843" hits="8" branch="False" />
                <line number="844" hits="8" branch="False" />
                <line number="845" hits="8" branch="True" condition-coverage="100% (2/2)">
                  <conditions>
                    <condition number="12" type="jump" coverage="100%" />
                  </conditions>
                </line>
                <line number="846" hits="4" branch="False" />
                <line number="847" hits="4" branch="False" />
                <line number="848" hits="4" branch="False" />
                <line number="849" hits="4" branch="False" />
                <line number="851" hits="8" branch="True" condition-coverage="100% (2/2)">
                  <conditions>
                    <condition number="54" type="jump" coverage="100%" />
                  </conditions>
                </line>
                <line number="852" hits="1" branch="False" />
                <line number="853" hits="1" branch="False" />
                <line number="856" hits="7" branch="True" condition-coverage="100% (2/2)">
                  <conditions>
                    <condition number="74" type="jump" coverage="100%" />
                  </conditions>
                </line>
                <line number="857" hits="6" branch="False" />
                <line number="858" hits="6" branch="False" />
                <line number="861" hits="1" branch="False" />
                <line number="862" hits="1" branch="False" />
                <line number="863" hits="1" branch="False" />
                <line number="864" hits="6" branch="False" />
              </lines>
            </method>
            <method name="ReadWizardAnswer" signature="()" line-rate="0.7142000000000001" branch-rate="0.5" complexity="2">
              <lines>
                <line number="867" hits="22" branch="False" />
                <line number="868" hits="22" branch="False" />
                <line number="869" hits="22" branch="True" condition-coverage="50% (1/2)">
                  <conditions>
                    <condition number="19" type="jump" coverage="50%" />
                  </conditions>
                </line>
                <line number="870" hits="0" branch="False" />
                <line number="871" hits="0" branch="False" />
                <line number="874" hits="22" branch="False" />
                <line number="875" hits="22" branch="False" />
              </lines>
            </method>
            <method name=".ctor" signature="(PersonalFinanceCli.Presentation.Parsing.CommandParser,PersonalFinanceCli.Application.CommandHandlers.AddCardHandler,PersonalFinanceCli.Application.CommandHandlers.SetDefaultCardHandler,PersonalFinanceCli.Application.CommandHandlers.AddTransactionHandler,PersonalFinanceCli.Application.CommandHandlers.AddIncomeHandler,PersonalFinanceCli.Application.CommandHandlers.AddExpenseHandler,PersonalFinanceCli.Application.CommandHandlers.SetDailyLimitHandler,PersonalFinanceCli.Domain.Services.DailyReportService,PersonalFinanceCli.Presentation.Rendering.ReportPrinter,PersonalFinanceCli.Application.Repositories.ICardRepository,PersonalFinanceCli.Application.Repositories.ILimitRepository,PersonalFinanceCli.Application.Repositories.IOnboardingStateRepository,PersonalFinanceCli.Infrastructure.Time.IClock,PersonalFinanceCli.Presentation.Rendering.IConsole,PersonalFinanceCli.Application.Services.CushionService)" line-rate="1" branch-rate="1" complexity="1">
              <lines>
                <line number="32" hits="48" branch="False" />
                <line number="33" hits="48" branch="False" />
                <line number="34" hits="48" branch="False" />
                <line number="35" hits="48" branch="False" />
                <line number="36" hits="48" branch="False" />
                <line number="37" hits="48" branch="False" />
                <line number="38" hits="48" branch="False" />
                <line number="39" hits="48" branch="False" />
                <line number="40" hits="48" branch="False" />
                <line number="41" hits="48" branch="False" />
                <line number="42" hits="48" branch="False" />
                <line number="43" hits="48" branch="False" />
                <line number="44" hits="48" branch="False" />
                <line number="45" hits="48" branch="False" />
                <line number="46" hits="48" branch="False" />
                <line number="47" hits="48" branch="False" />
                <line number="48" hits="48" branch="False" />
                <line number="49" hits="48" branch="False" />
                <line number="50" hits="48" branch="False" />
                <line number="51" hits="48" branch="False" />
                <line number="52" hits="48" branch="False" />
                <line number="53" hits="48" branch="False" />
                <line number="54" hits="48" branch="False" />
                <line number="55" hits="48" branch="False" />
                <line number="56" hits="48" branch="False" />
                <line number="57" hits="48" branch="False" />
                <line number="58" hits="48" branch="False" />
                <line number="59" hits="48" branch="False" />
                <line number="60" hits="48" branch="False" />
                <line number="61" hits="48" branch="False" />
                <line number="62" hits="48" branch="False" />
                <line number="63" hits="48" branch="False" />
                <line number="64" hits="48" branch="False" />
                <line number="65" hits="48" branch="False" />
              </lines>
            </method>
          </methods>
          <lines>
            <line number="68" hits="81" branch="False" />
            <line number="70" hits="81" branch="False" />
            <line number="71" hits="81" branch="False" />
            <line number="72" hits="80" branch="False" />
            <line number="73" hits="73" branch="False" />
            <line number="75" hits="8" branch="False" />
            <line number="76" hits="8" branch="False" />
            <line number="77" hits="8" branch="False" />
            <line number="78" hits="8" branch="False" />
            <line number="80" hits="81" branch="False" />
            <line number="83" hits="25" branch="False" />
            <line number="84" hits="25" branch="False" />
            <line number="86" hits="51" branch="False" />
            <line number="87" hits="51" branch="False" />
            <line number="88" hits="51" branch="False" />
            <line number="89" hits="51" branch="False" />
            <line number="90" hits="51" branch="True" condition-coverage="50% (1/2)">
              <conditions>
                <condition number="49" type="jump" coverage="50%" />
              </conditions>
            </line>
            <line number="91" hits="0" branch="False" />
            <line number="92" hits="0" branch="False" />
            <line number="95" hits="51" branch="True" condition-coverage="100% (2/2)">
              <conditions>
                <condition number="65" type="jump" coverage="100%" />
              </conditions>
            </line>
            <line number="96" hits="1" branch="False" />
            <line number="97" hits="1" branch="False" />
            <line number="100" hits="50" branch="True" condition-coverage="100% (2/2)">
              <conditions>
                <condition number="87" type="jump" coverage="100%" />
              </conditions>
            </line>
            <line number="101" hits="25" branch="False" />
            <line number="102" hits="25" branch="False" />
            <line number="105" hits="25" branch="True" condition-coverage="100% (2/2)">
              <conditions>
                <condition number="111" type="jump" coverage="100%" />
              </conditions>
            </line>
            <line number="106" hits="2" branch="False" />
            <line number="107" hits="2" branch="False" />
            <line number="108" hits="2" branch="False" />
            <line number="111" hits="23" branch="True" condition-coverage="100% (2/2)">
              <conditions>
                <condition number="134" type="jump" coverage="100%" />
              </conditions>
            </line>
            <line number="112" hits="22" branch="False" />
            <line number="113" hits="22" branch="False" />
            <line number="117" hits="1" branch="False" />
            <line number="118" hits="1" branch="False" />
            <line number="119" hits="0" branch="False" />
            <line number="120" hits="0" branch="False" />
            <line number="121" hits="1" branch="False" />
            <line number="122" hits="1" branch="False" />
            <line number="123" hits="1" branch="False" />
            <line number="124" hits="1" branch="False" />
            <line number="125" hits="1" branch="False" />
            <line number="126" hits="1" branch="False" />
            <line number="127" hits="25" branch="False" />
            <line number="130" hits="25" branch="False" />
            <line number="131" hits="25" branch="True" condition-coverage="50% (1/2)">
              <conditions>
                <condition number="11" type="jump" coverage="50%" />
              </conditions>
            </line>
            <line number="132" hits="0" branch="False" />
            <line number="133" hits="0" branch="False" />
            <line number="136" hits="25" branch="False" />
            <line number="138" hits="25" branch="False" />
            <line number="139" hits="25" branch="True" condition-coverage="100% (4/4)">
              <conditions>
                <condition number="50" type="jump" coverage="100%" />
                <condition number="65" type="jump" coverage="100%" />
              </conditions>
            </line>
            <line number="140" hits="25" branch="False" />
            <line number="141" hits="25" branch="False" />
            <line number="142" hits="25" branch="True" condition-coverage="100% (2/2)">
              <conditions>
                <condition number="88" type="jump" coverage="100%" />
              </conditions>
            </line>
            <line number="143" hits="5" branch="False" />
            <line number="144" hits="5" branch="False" />
            <line number="145" hits="5" branch="False" />
            <line number="146" hits="5" branch="False" />
            <line number="149" hits="20" branch="False" />
            <line number="150" hits="20" branch="True" condition-coverage="100% (4/4)">
              <conditions>
                <condition number="144" type="jump" coverage="100%" />
                <condition number="162" type="jump" coverage="100%" />
              </conditions>
            </line>
            <line number="151" hits="1" branch="False" />
            <line number="152" hits="1" branch="False" />
            <line number="155" hits="19" branch="False" />
            <line number="156" hits="19" branch="True" condition-coverage="100% (4/4)">
              <conditions>
                <condition number="189" type="jump" coverage="100%" />
                <condition number="232" type="jump" coverage="100%" />
              </conditions>
            </line>
            <line number="157" hits="1" branch="False" />
            <line number="158" hits="1" branch="False" />
            <line number="161" hits="18" branch="True" condition-coverage="100% (2/2)">
              <conditions>
                <condition number="252" type="jump" coverage="100%" />
              </conditions>
            </line>
            <line number="162" hits="1" branch="False" />
            <line number="163" hits="1" branch="False" />
            <line number="164" hits="1" branch="False" />
            <line number="165" hits="1" branch="False" />
            <line number="167" hits="17" branch="False" />
            <line number="168" hits="17" branch="False" />
            <line number="169" hits="17" branch="False" />
            <line number="171" hits="18" branch="False" />
            <line number="172" hits="25" branch="False" />
            <line number="175" hits="23" branch="False" />
            <line number="176" hits="23" branch="False" />
            <line number="177" hits="23" branch="True" condition-coverage="100% (2/2)">
              <conditions>
                <condition number="19" type="jump" coverage="100%" />
              </conditions>
            </line>
            <line number="178" hits="1" branch="False" />
            <line number="179" hits="1" branch="False" />
            <line number="182" hits="22" branch="False" />
            <line number="183" hits="22" branch="False" />
            <line number="185" hits="22" branch="True" condition-coverage="100% (4/4)">
              <conditions>
                <condition number="67" type="jump" coverage="100%" />
                <condition number="87" type="jump" coverage="100%" />
              </conditions>
            </line>
            <line number="186" hits="7" branch="False" />
            <line number="187" hits="7" branch="False" />
            <line number="188" hits="7" branch="False" />
            <line number="191" hits="15" branch="True" condition-coverage="100% (4/4)">
              <conditions>
                <condition number="117" type="jump" coverage="100%" />
                <condition number="137" type="jump" coverage="100%" />
              </conditions>
            </line>
[...]
                  </conditions>
                </line>
                <line number="97" hits="5" branch="False" />
                <line number="98" hits="5" branch="False" />
                <line number="101" hits="0" branch="False" />
                <line number="102" hits="0" branch="True" condition-coverage="0% (0/2)">
                  <conditions>
                    <condition number="214" type="jump" coverage="0%" />
                  </conditions>
                </line>
                <line number="103" hits="0" branch="False" />
                <line number="104" hits="0" branch="False" />
                <line number="107" hits="0" branch="False" />
                <line number="108" hits="29" branch="False" />
              </lines>
            </method>
            <method name="ResolveCardId" signature="(System.Nullable`1&lt;System.Int32&gt;)" line-rate="1" branch-rate="1" complexity="1">
              <lines>
                <line number="111" hits="12" branch="False" />
                <line number="112" hits="12" branch="False" />
                <line number="113" hits="12" branch="False" />
              </lines>
            </method>
            <method name="FindCushionCardLoose" signature="()" line-rate="0.6666" branch-rate="0.5" complexity="4">
              <lines>
                <line number="116" hits="28" branch="False" />
                <line number="117" hits="28" branch="False" />
                <line number="118" hits="47" branch="False" />
                <line number="119" hits="28" branch="True" condition-coverage="50% (1/2)">
                  <conditions>
                    <condition number="57" type="jump" coverage="50%" />
                  </conditions>
                </line>
                <line number="120" hits="0" branch="False" />
                <line number="121" hits="0" branch="False" />
                <line number="124" hits="47" branch="False" />
                <line number="125" hits="28" branch="True" condition-coverage="50% (1/2)">
                  <conditions>
                    <condition number="111" type="jump" coverage="50%" />
                  </conditions>
                </line>
                <line number="126" hits="0" branch="False" />
                <line number="127" hits="0" branch="False" />
                <line number="130" hits="47" branch="False" />
                <line number="131" hits="28" branch="False" />
              </lines>
            </method>
            <method name="AddTransferPair" signature="(System.Int32,System.Int32,System.Decimal,System.Nullable`1&lt;System.DateOnly&gt;)" line-rate="1" branch-rate="0.5" complexity="2">
              <lines>
                <line number="134" hits="8" branch="False" />
                <line number="135" hits="8" branch="True" condition-coverage="50% (1/2)">
                  <conditions>
                    <condition number="11" type="jump" coverage="50%" />
                  </conditions>
                </line>
                <line number="137" hits="8" branch="False" />
                <line number="138" hits="8" branch="False" />
                <line number="139" hits="8" branch="False" />
                <line number="140" hits="8" branch="False" />
                <line number="141" hits="8" branch="False" />
                <line number="142" hits="8" branch="False" />
                <line number="143" hits="8" branch="False" />
                <line number="144" hits="8" branch="False" />
                <line number="145" hits="8" branch="False" />
                <line number="147" hits="8" branch="False" />
                <line number="148" hits="8" branch="False" />
                <line number="149" hits="8" branch="False" />
                <line number="150" hits="8" branch="False" />
                <line number="151" hits="8" branch="False" />
                <line number="152" hits="8" branch="False" />
                <line number="153" hits="8" branch="False" />
                <line number="154" hits="8" branch="False" />
                <line number="155" hits="8" branch="False" />
                <line number="156" hits="8" branch="False" />
              </lines>
            </method>
            <method name=".ctor" signature="(PersonalFinanceCli.Application.Repositories.ITransactionRepository,PersonalFinanceCli.Application.Repositories.ICardRepository,PersonalFinanceCli.Infrastructure.Time.IClock)" line-rate="1" branch-rate="1" complexity="1">
              <lines>
                <line number="17" hits="48" branch="False" />
                <line number="18" hits="48" branch="False" />
                <line number="19" hits="48" branch="False" />
                <line number="20" hits="48" branch="False" />
                <line number="21" hits="48" branch="False" />
                <line number="22" hits="48" branch="False" />
                <line number="23" hits="48" branch="False" />
                <line number="24" hits="48" branch="False" />
                <line number="25" hits="48" branch="False" />
              </lines>
            </method>
          </methods>
          <lines>
            <line number="34" hits="19" branch="False" />
            <line number="35" hits="19" branch="True" condition-coverage="50% (1/2)">
              <conditions>
                <condition number="14" type="jump" coverage="50%" />
              </conditions>
            </line>
            <line number="36" hits="0" branch="False" />
            <line number="37" hits="0" branch="False" />
            <line number="40" hits="19" branch="True" condition-coverage="100% (2/2)">
              <conditions>
                <condition number="38" type="jump" coverage="100%" />
              </conditions>
            </line>
            <line number="41" hits="1" branch="False" />
            <line number="42" hits="1" branch="False" />
            <line number="45" hits="18" branch="False" />
            <line number="46" hits="17" branch="False" />
            <line number="47" hits="17" branch="True" condition-coverage="50% (1/2)">
              <conditions>
                <condition number="83" type="jump" coverage="50%" />
              </conditions>
            </line>
            <line number="48" hits="0" branch="False" />
            <line number="49" hits="0" branch="False" />
            <line number="52" hits="17" branch="True" condition-coverage="100% (2/2)">
              <conditions>
                <condition number="138" type="jump" coverage="100%" />
              </conditions>
            </line>
            <line number="53" hits="17" branch="False" />
            <line number="54" hits="17" branch="False" />
            <line number="55" hits="17" branch="False" />
            <line number="56" hits="17" branch="False" />
            <line number="57" hits="17" branch="False" />
            <line number="58" hits="17" branch="False" />
            <line number="59" hits="17" branch="False" />
            <line number="60" hits="17" branch="False" />
            <line number="62" hits="17" branch="False" />
            <line number="63" hits="17" branch="False" />
            <line number="66" hits="30" branch="False" />
            <line number="67" hits="30" branch="True" condition-coverage="100% (2/2)">
              <conditions>
                <condition number="10" type="jump" coverage="100%" />
              </conditions>
            </line>
            <line number="68" hits="25" branch="False" />
            <line number="69" hits="25" branch="False" />
            <line number="70" hits="25" branch="True" condition-coverage="100% (2/2)">
              <conditions>
                <condition number="40" type="jump" coverage="100%" />
              </conditions>
            </line>
            <line number="71" hits="1" branch="False" />
            <line number="72" hits="1" branch="False" />
            <line number="75" hits="24" branch="False" />
            <line number="78" hits="5" branch="True" condition-coverage="50% (1/2)">
              <conditions>
                <condition number="75" type="jump" coverage="50%" />
              </conditions>
            </line>
            <line number="79" hits="0" branch="False" />
            <line number="80" hits="0" branch="False" />
            <line number="81" hits="0" branch="True" condition-coverage="0% (0/2)">
              <conditions>
                <condition number="100" type="jump" coverage="0%" />
              </conditions>
            </line>
            <line number="82" hits="0" branch="False" />
            <line number="83" hits="0" branch="False" />
            <line number="86" hits="0" branch="False" />
            <line number="87" hits="0" branch="True" condition-coverage="0% (0/2)">
              <conditions>
                <condition number="136" type="jump" coverage="0%" />
              </conditions>
            </line>
            <line number="88" hits="0" branch="False" />
            <line number="89" hits="0" branch="False" />
            <line number="92" hits="0" branch="False" />
            <line number="95" hits="5" branch="False" />
            <line number="96" hits="5" branch="True" condition-coverage="50% (1/2)">
              <conditions>
                <condition number="181" type="jump" coverage="50%" />
              </conditions>
            </line>
            <line number="97" hits="5" branch="False" />
            <line number="98" hits="5" branch="False" />
            <line number="101" hits="0" branch="False" />
            <line number="102" hits="0" branch="True" condition-coverage="0% (0/2)">
              <conditions>
                <condition number="214" type="jump" coverage="0%" />
              </conditions>
            </line>
            <line number="103" hits="0" branch="False" />
            <line number="104" hits="0" branch="False" />
            <line number="107" hits="0" branch="False" />
            <line number="108" hits="29" branch="False" />
            <line number="111" hits="12" branch="False" />
            <line number="112" hits="12" branch="False" />
            <line number="113" hits="12" branch="False" />
            <line number="116" hits="28" branch="False" />
            <line number="117" hits="28" branch="False" />
            <line number="118" hits="47" branch="False" />
            <line number="119" hits="28" branch="True" condition-coverage="50% (1/2)">
              <conditions>
                <condition number="57" type="jump" coverage="50%" />
              </conditions>
            </line>
            <line number="120" hits="0" branch="False" />
            <line number="121" hits="0" branch="False" />
            <line number="124" hits="47" branch="False" />
            <line number="125" hits="28" branch="True" condition-coverage="50% (1/2)">
              <conditions>
                <condition number="111" type="jump" coverage="50%" />
              </conditions>
            </line>
            <line number="126" hits="0" branch="False" />
            <line number="127" hits="0" branch="False" />
            <line number="130" hits="47" branch="False" />
            <line number="131" hits="28" branch="False" />
            <line number="134" hits="8" branch="False" />
            <line number="135" hits="8" branch="True" condition-coverage="50% (1/2)">
              <conditions>
                <condition number="11" type="jump" coverage="50%" />
              </conditions>
            </line>
            <line number="137" hits="8" branch="False" />
            <line number="138" hits="8" branch="False" />
            <line number="139" hits="8" branch="False" />
            <line number="140" hits="8" branch="False" />
            <line number="141" hits="8" branch="False" />
            <line number="142" hits="8" branch="False" />
            <line number="143" hits="8" branch="False" />
            <line number="144" hits="8" branch="False" />
            <line number="145" hits="8" branch="False" />
            <line number="147" hits="8" branch="False" />
            <line number="148" hits="8" branch="False" />
            <line number="149" hits="8" branch="False" />
            <line number="150" hits="8" branch="False" />
            <line number="151" hits="8" branch="False" />
            <line number="152" hits="8" branch="False" />
            <line number="153" hits="8" branch="False" />
            <line number="154" hits="8" branch="False" />
            <line number="155" hits="8" branch="False" />
            <line number="156" hits="8" branch="False" />
            <line number="17" hits="48" branch="False" />
            <line number="18" hits="48" branch="False" />
            <line number="19" hits="48" branch="False" />
            <line number="20" hits="48" branch="False" />
            <line number="21" hits="48" branch="False" />
            <line number="22" hits="48" branch="False" />
            <line number="23" hits="48" branch="False" />
            <line number="24" hits="48" branch="False" />
            <line number="25" hits="48" branch="False" />
          </lines>
        </class>
        <class name="PersonalFinanceCli.Application.CommandHandlers.SetDailyLimitHandler" filename="Application/CommandHandlers/SetDailyLimitHandler.cs" line-rate="1" branch-rate="0.625" complexity="9">
          <methods>
            <method name="Handle" signature="(System.Decimal)" line-rate="1" branch-rate="0.625" complexity="8">
              <lines>
                <line number="20" hits="6" branch="False" />
                <line number="21" hits="6" branch="True" condition-coverage="100% (2/2)">
                  <conditions>
                    <condition number="14" type="jump" coverage="100%" />
                  </conditions>
                </line>
                <line number="22" hits="1" branch="False" />
                <line number="23" hits="1" branch="False" />
                <line number="26" hits="5" branch="False" />
                <line number="27" hits="5" branch="True" condition-coverage="100% (2/2)">
                  <conditions>
                    <condition number="51" type="jump" coverage="100%" />
                  </conditions>
                </line>
                <line number="28" hits="1" branch="False" />
                <line number="29" hits="1" branch="False" />
                <line number="32" hits="4" branch="True" condition-coverage="25% (1/4)">
                  <conditions>
                    <condition number="77" type="jump" coverage="50%" />
                    <condition number="92" type="jump" coverage="0%" />
                  </conditions>
                </line>
                <line number="33" hits="4" branch="False" />
                <line number="34" hits="4" branch="False" />
                <line number="36" hits="4" branch="False" />
                <line number="37" hits="4" branch="False" />
              </lines>
            </method>
            <method name=".ctor" signature="(PersonalFinanceCli.Application.Repositories.ILimitRepository,PersonalFinanceCli.Application.Repositories.ICardRepository,PersonalFinanceCli.Infrastructure.Time.IClock)" line-rate="1" branch-rate="1" complexity="1">
              <lines>
                <line number="12" hits="48" branch="False" />
                <line number="13" hits="48" branch="False" />
                <line number="14" hits="48" branch="False" />
                <line number="15" hits="48" branch="False" />
                <line number="16" hits="48" branch="False" />
                <line number="17" hits="48" branch="False" />
              </lines>
            </method>
          </methods>
          <lines>
            <line number="20" hits="6" branch="False" />
            <line number="21" hits="6" branch="True" condition-coverage="100% (2/2)">
              <conditions>
                <condition number="14" type="jump" coverage="100%" />
              </conditions>
            </line>
            <line number="22" hits="1" branch="False" />
            <line number="23" hits="1" branch="False" />
            <line number="26" hits="5" branch="False" />
            <line number="27" hits="5" branch="True" condition-coverage="100% (2/2)">
              <conditions>
                <condition number="51" type="jump" coverage="100%" />
              </conditions>
            </line>
            <line number="28" hits="1" branch="False" />
            <line number="29" hits="1" branch="False" />
            <line number="32" hits="4" branch="True" condition-coverage="25% (1/4)">
              <conditions>
                <condition number="77" type="jump" coverage="50%" />
                <condition number="92" type="jump" coverage="0%" />
              </conditions>
            </line>
            <line number="33" hits="4" branch="False" />
            <line number="34" hits="4" branch="False" />
            <line number="36" hits="4" branch="False" />
            <line number="37" hits="4" branch="False" />
            <line number="12" hits="48" branch="False" />
            <line number="13" hits="48" branch="False" />
            <line number="14" hits="48" branch="False" />
            <line number="15" hits="48" branch="False" />
            <line number="16" hits="48" branch="False" />
            <line number="17" hits="48" branch="False" />
          </lines>
        </class>
        <class name="PersonalFinanceCli.Application.CommandHandlers.SetDefaultCardHandler" filename="Application/CommandHandlers/SetDefaultCardHandler.cs" line-rate="0.8181" branch-rate="0.5" complexity="3">
          <methods>
            <method name="Handle" signature="(System.Int32)" line-rate="0.7142000000000001" branch-rate="0.5" complexity="2">
              <lines>
                <line number="15" hits="3" branch="False" />
                <line number="16" hits="3" branch="False" />
                <line number="17" hits="3" branch="True" condition-coverage="50% (1/2)">
                  <conditions>
                    <condition number="20" type="jump" coverage="50%" />
                  </conditions>
                </line>
                <line number="18" hits="0" branch="False" />
                <line number="19" hits="0" branch="False" />
                <line number="22" hits="3" branch="False" />
                <line number="23" hits="3" branch="False" />
              </lines>
            </method>
            <method name=".ctor" signature="(PersonalFinanceCli.Application.Repositories.ICardRepository)" line-rate="1" branch-rate="1" complexity="1">
              <lines>
                <line number="9" hits="48" branch="False" />
                <line number="10" hits="48" branch="False" />
                <line number="11" hits="48" branch="False" />
                <line number="12" hits="48" branch="False" />
              </lines>
            </method>
          </methods>
          <lines>
            <line number="15" hits="3" branch="False" />
            <line number="16" hits="3" branch="False" />
            <line number="17" hits="3" branch="True" condition-coverage="50% (1/2)">
              <conditions>
                <condition number="20" type="jump" coverage="50%" />
              </conditions>
            </line>
            <line number="18" hits="0" branch="False" />
            <line number="19" hits="0" branch="False" />
            <line number="22" hits="3" branch="False" />
            <line number="23" hits="3" branch="False" />
            <line number="9" hits="48" branch="False" />
            <line number="10" hits="48" branch="False" />
            <line number="11" hits="48" branch="False" />
            <line number="12" hits="48" branch="False" />
          </lines>
        </class>
      </classes>
    </package>
  </packages>
</coverage>