<?xml version="1.0" encoding="utf-8"?>
<coverage line-rate="0.7223" branch-rate="0.6531" version="1.9" timestamp="1772551969" lines-covered="955" lines-valid="1322" branches-covered="307" branches-valid="470">
  <sources>
    <source>/Users/lidia/Work/ИПМКН/Duplicate and Conditions/PersonalFinanceCli/</source>
  </sources>
  <packages>
    <package name="PersonalFinanceCli" line-rate="0.7223" branch-rate="0.6531" complexity="545">
      <classes>
        <class name="PersonalFinanceCli.Program" filename="Program.cs" line-rate="0" branch-rate="0" complexity="2">
          <methods>
            <method name="Main" signature="(System.String[])" line-rate="0" branch-rate="0" complexity="2">
              <lines>
                <line number="14" hits="0" branch="False" />
                <line number="15" hits="0" branch="False" />
                <line number="16" hits="0" branch="False" />
                <line number="18" hits="0" branch="False" />
                <line number="19" hits="0" branch="False" />
                <line number="20" hits="0" branch="False" />
                <line number="21" hits="0" branch="False" />
                <line number="22" hits="0" branch="False" />
                <line number="24" hits="0" branch="False" />
                <line number="25" hits="0" branch="False" />
                <line number="26" hits="0" branch="False" />
                <line number="27" hits="0" branch="False" />
                <line number="28" hits="0" branch="False" />
                <line number="29" hits="0" branch="False" />
                <line number="30" hits="0" branch="False" />
                <line number="31" hits="0" branch="False" />
                <line number="33" hits="0" branch="False" />
                <line number="34" hits="0" branch="False" />
                <line number="35" hits="0" branch="False" />
                <line number="36" hits="0" branch="False" />
                <line number="37" hits="0" branch="False" />
                <line number="38" hits="0" branch="False" />
                <line number="39" hits="0" branch="False" />
                <line number="40" hits="0" branch="False" />
                <line number="41" hits="0" branch="False" />
                <line number="42" hits="0" branch="False" />
                <line number="43" hits="0" branch="False" />
                <line number="44" hits="0" branch="False" />
                <line number="45" hits="0" branch="False" />
                <line number="47" hits="0" branch="True" condition-coverage="0% (0/2)">
                  <conditions>
                    <condition number="183" type="jump" coverage="0%" />
                  </conditions>
                </line>
                <line number="48" hits="0" branch="False" />
                <line number="49" hits="0" branch="False" />
                <line number="52" hits="0" branch="False" />
                <line number="53" hits="0" branch="False" />
                <line number="54" hits="0" branch="False" />
              </lines>
            </method>
          </methods>
          <lines>
            <line number="14" hits="0" branch="False" />
            <line number="15" hits="0" branch="False" />
            <line number="16" hits="0" branch="False" />
            <line number="18" hits="0" branch="False" />
            <line number="19" hits="0" branch="False" />
            <line number="20" hits="0" branch="False" />
            <line number="21" hits="0" branch="False" />
            <line number="22" hits="0" branch="False" />
            <line number="24" hits="0" branch="False" />
            <line number="25" hits="0" branch="False" />
            <line number="26" hits="0" branch="False" />
            <line number="27" hits="0" branch="False" />
            <line number="28" hits="0" branch="False" />
            <line number="29" hits="0" branch="False" />
            <line number="30" hits="0" branch="False" />
            <line number="31" hits="0" branch="False" />
            <line number="33" hits="0" branch="False" />
            <line number="34" hits="0" branch="False" />
            <line number="35" hits="0" branch="False" />
            <line number="36" hits="0" branch="False" />
            <line number="37" hits="0" branch="False" />
            <line number="38" hits="0" branch="False" />
            <line number="39" hits="0" branch="False" />
            <line number="40" hits="0" branch="False" />
            <line number="41" hits="0" branch="False" />
            <line number="42" hits="0" branch="False" />
            <line number="43" hits="0" branch="False" />
            <line number="44" hits="0" branch="False" />
            <line number="45" hits="0" branch="False" />
            <line number="47" hits="0" branch="True" condition-coverage="0% (0/2)">
              <conditions>
                <condition number="183" type="jump" coverage="0%" />
              </conditions>
            </line>
            <line number="48" hits="0" branch="False" />
            <line number="49" hits="0" branch="False" />
            <line number="52" hits="0" branch="False" />
            <line number="53" hits="0" branch="False" />
            <line number="54" hits="0" branch="False" />
          </lines>
        </class>
        <class name="PersonalFinanceCli.Presentation.Rendering.ConsoleUi" filename="Presentation/Rendering/ConsoleUi.cs" line-rate="0.6503" branch-rate="0.5474" complexity="235">
          <methods>
            <method name="Execute" signature="(System.String[])" line-rate="1" branch-rate="1" complexity="1">
              <lines>
                <line number="56" hits="75" branch="False" />
                <line number="58" hits="75" branch="False" />
                <line number="59" hits="75" branch="False" />
                <line number="60" hits="74" branch="False" />
                <line number="61" hits="67" branch="False" />
                <line number="63" hits="8" branch="False" />
                <line number="64" hits="8" branch="False" />
                <line number="65" hits="8" branch="False" />
                <line number="66" hits="8" branch="False" />
                <line number="68" hits="75" branch="False" />
              </lines>
            </method>
            <method name="RunInteractiveLoop" signature="()" line-rate="0.9393" branch-rate="1" complexity="10">
              <lines>
                <line number="71" hits="20" branch="False" />
                <line number="72" hits="20" branch="False" />
                <line number="74" hits="41" branch="False" />
                <line number="75" hits="41" branch="False" />
                <line number="76" hits="41" branch="False" />
                <line number="77" hits="41" branch="False" />
                <line number="78" hits="41" branch="True" condition-coverage="100% (2/2)">
                  <conditions>
                    <condition number="49" type="jump" coverage="100%" />
                  </conditions>
                </line>
                <line number="79" hits="10" branch="False" />
                <line number="80" hits="10" branch="False" />
                <line number="83" hits="31" branch="True" condition-coverage="100% (2/2)">
                  <conditions>
                    <condition number="65" type="jump" coverage="100%" />
                  </conditions>
                </line>
                <line number="84" hits="1" branch="False" />
                <line number="85" hits="1" branch="False" />
                <line number="88" hits="30" branch="True" condition-coverage="100% (2/2)">
                  <conditions>
                    <condition number="87" type="jump" coverage="100%" />
                  </conditions>
                </line>
                <line number="89" hits="10" branch="False" />
                <line number="90" hits="10" branch="False" />
                <line number="93" hits="20" branch="True" condition-coverage="100% (2/2)">
                  <conditions>
                    <condition number="111" type="jump" coverage="100%" />
                  </conditions>
                </line>
                <line number="94" hits="2" branch="False" />
                <line number="95" hits="2" branch="False" />
                <line number="96" hits="2" branch="False" />
                <line number="99" hits="18" branch="True" condition-coverage="100% (2/2)">
                  <conditions>
                    <condition number="134" type="jump" coverage="100%" />
                  </conditions>
                </line>
                <line number="100" hits="17" branch="False" />
                <line number="101" hits="17" branch="False" />
                <line number="105" hits="1" branch="False" />
                <line number="106" hits="1" branch="False" />
                <line number="107" hits="0" branch="False" />
                <line number="108" hits="0" branch="False" />
                <line number="109" hits="1" branch="False" />
                <line number="110" hits="1" branch="False" />
                <line number="111" hits="1" branch="False" />
                <line number="112" hits="1" branch="False" />
                <line number="113" hits="1" branch="False" />
                <line number="114" hits="1" branch="False" />
                <line number="115" hits="20" branch="False" />
              </lines>
            </method>
            <method name="EnsureOnboardingOnce" signature="()" line-rate="0.8571" branch-rate="0.8332999999999999" complexity="6">
              <lines>
                <line number="118" hits="20" branch="False" />
                <line number="119" hits="20" branch="True" condition-coverage="50% (1/2)">
                  <conditions>
                    <condition number="9" type="jump" coverage="50%" />
                  </conditions>
                </line>
                <line number="120" hits="0" branch="False" />
                <line number="121" hits="0" branch="False" />
                <line number="124" hits="20" branch="False" />
                <line number="125" hits="20" branch="False" />
                <line number="126" hits="20" branch="True" condition-coverage="100% (2/2)">
                  <conditions>
                    <condition number="44" type="jump" coverage="100%" />
                  </conditions>
                </line>
                <line number="127" hits="12" branch="False" />
                <line number="128" hits="12" branch="False" />
                <line number="131" hits="8" branch="True" condition-coverage="100% (2/2)">
                  <conditions>
                    <condition number="62" type="jump" coverage="100%" />
                  </conditions>
                </line>
                <line number="132" hits="1" branch="False" />
                <line number="133" hits="1" branch="False" />
                <line number="134" hits="1" branch="False" />
                <line number="135" hits="20" branch="False" />
              </lines>
            </method>
            <method name="TryHandleWizard" signature="(System.String)" line-rate="0.8" branch-rate="0.6666" complexity="18">
              <lines>
                <line number="138" hits="18" branch="False" />
                <line number="139" hits="18" branch="False" />
                <line number="140" hits="18" branch="True" condition-coverage="100% (2/2)">
                  <conditions>
                    <condition number="19" type="jump" coverage="100%" />
                  </conditions>
                </line>
                <line number="141" hits="1" branch="False" />
                <line number="142" hits="1" branch="False" />
                <line number="145" hits="17" branch="False" />
                <line number="146" hits="17" branch="False" />
                <line number="147" hits="17" branch="True" condition-coverage="100% (4/4)">
                  <conditions>
                    <condition number="67" type="jump" coverage="100%" />
                    <condition number="87" type="jump" coverage="100%" />
                  </conditions>
                </line>
                <line number="148" hits="4" branch="False" />
                <line number="149" hits="4" branch="False" />
                <line number="150" hits="4" branch="False" />
                <line number="153" hits="13" branch="True" condition-coverage="100% (4/4)">
                  <conditions>
                    <condition number="117" type="jump" coverage="100%" />
                    <condition number="137" type="jump" coverage="100%" />
                  </conditions>
                </line>
                <line number="154" hits="2" branch="False" />
                <line number="155" hits="2" branch="False" />
                <line number="156" hits="2" branch="False" />
                <line number="159" hits="11" branch="True" condition-coverage="50% (2/4)">
                  <conditions>
                    <condition number="164" type="jump" coverage="50%" />
                    <condition number="184" type="jump" coverage="50%" />
                  </conditions>
                </line>
                <line number="160" hits="11" branch="False" />
                <line number="161" hits="11" branch="False" />
                <line number="162" hits="11" branch="False" />
                <line number="165" hits="0" branch="True" condition-coverage="0% (0/4)">
                  <conditions>
                    <condition number="211" type="jump" coverage="0%" />
                    <condition number="231" type="jump" coverage="0%" />
                  </conditions>
                </line>
                <line number="166" hits="0" branch="False" />
                <line number="167" hits="0" branch="False" />
                <line number="168" hits="0" branch="False" />
                <line number="171" hits="0" branch="False" />
                <line number="172" hits="18" branch="False" />
              </lines>
            </method>
            <method name="HandleCardAddWizard" signature="(System.Collections.Generic.IReadOnlyList`1&lt;System.String&gt;)" line-rate="0.7058" branch-rate="1" complexity="6">
              <lines>
                <line number="175" hits="4" branch="False" />
                <line number="177" hits="4" branch="False" />
                <line number="178" hits="4" branch="True" condition-coverage="100% (2/2)">
                  <conditions>
                    <condition number="10" type="jump" coverage="100%" />
                  </conditions>
                </line>
                <line number="179" hits="4" branch="True" condition-coverage="100% (2/2)">
                  <conditions>
                    <condition number="41" type="jump" coverage="100%" />
                  </conditions>
                </line>
                <line number="180" hits="3" branch="True" condition-coverage="100% (2/2)">
                  <conditions>
                    <condition number="67" type="jump" coverage="100%" />
                  </conditions>
                </line>
                <line number="181" hits="3" branch="False" />
                <line number="182" hits="3" branch="False" />
                <line number="183" hits="1" branch="False" />
                <line number="184" hits="1" branch="False" />
                <line number="185" hits="1" branch="False" />
                <line number="186" hits="1" branch="False" />
                <line number="187" hits="0" branch="False" />
                <line number="188" hits="0" branch="False" />
                <line number="189" hits="0" branch="False" />
                <line number="190" hits="0" branch="False" />
                <line number="191" hits="0" branch="False" />
                <line number="192" hits="4" branch="False" />
              </lines>
            </method>
            <method name="HandleExpenseAddWizard" signature="(System.Collections.Generic.IReadOnlyList`1&lt;System.String&gt;)" line-rate="0.45159999999999995" branch-rate="0.5" complexity="10">
              <lines>
                <line number="195" hits="2" branch="False" />
                <line number="197" hits="2" branch="False" />
                <line number="198" hits="2" branch="True" condition-coverage="50% (1/2)">
                  <conditions>
                    <condition number="10" type="jump" coverage="50%" />
                  </conditions>
                </line>
                <line number="200" hits="2" branch="True" condition-coverage="50% (1/2)">
                  <conditions>
                    <condition number="40" type="jump" coverage="50%" />
                  </conditions>
                </line>
                <line number="201" hits="2" branch="False" />
                <line number="202" hits="2" branch="True" condition-coverage="50% (2/4)">
                  <conditions>
                    <condition number="56" type="jump" coverage="50%" />
                    <condition number="77" type="jump" coverage="50%" />
                  </conditions>
                </line>
                <line number="203" hits="0" branch="False" />
                <line number="204" hits="0" branch="False" />
                <line number="205" hits="0" branch="False" />
                <line number="206" hits="0" branch="False" />
                <line number="208" hits="2" branch="False" />
                <line number="209" hits="2" branch="True" condition-coverage="50% (1/2)">
                  <conditions>
                    <condition number="110" type="jump" coverage="50%" />
                  </conditions>
                </line>
                <line number="210" hits="0" branch="False" />
                <line number="211" hits="0" branch="False" />
                <line number="212" hits="0" branch="False" />
                <line number="213" hits="0" branch="False" />
                <line number="216" hits="2" branch="False" />
                <line number="217" hits="2" branch="False" />
                <line number="218" hits="2" branch="False" />
                <line number="219" hits="2" branch="False" />
                <line number="220" hits="2" branch="False" />
                <line number="221" hits="0" branch="False" />
                <line number="222" hits="0" branch="False" />
                <line number="223" hits="0" branch="False" />
                <line number="224" hits="0" branch="False" />
                <line number="225" hits="0" branch="False" />
                <line number="226" hits="0" branch="False" />
                <line number="227" hits="0" branch="False" />
                <line number="228" hits="0" branch="False" />
                <line number="229" hits="0" branch="False" />
                <line number="230" hits="2" branch="False" />
              </lines>
            </method>
            <method name="HandleIncomeAddWizard" signature="(System.Collections.Generic.IReadOnlyList`1&lt;System.String&gt;)" line-rate="0.6285000000000001" branch-rate="0.5" complexity="10">
              <lines>
                <line number="233" hits="11" branch="False" />
                <line number="235" hits="11" branch="False" />
                <line number="236" hits="11" branch="True" condition-coverage="50% (1/2)">
                  <conditions>
                    <condition number="10" type="jump" coverage="50%" />
                  </conditions>
                </line>
                <line number="238" hits="11" branch="True" condition-coverage="50% (1/2)">
                  <conditions>
                    <condition number="40" type="jump" coverage="50%" />
                  </conditions>
                </line>
                <line number="239" hits="11" branch="False" />
                <line number="240" hits="11" branch="True" condition-coverage="50% (2/4)">
                  <conditions>
                    <condition number="56" type="jump" coverage="50%" />
                    <condition number="77" type="jump" coverage="50%" />
                  </conditions>
                </line>
                <line number="241" hits="0" branch="False" />
                <line number="242" hits="0" branch="False" />
                <line number="243" hits="0" branch="False" />
                <line number="244" hits="0" branch="False" />
                <line number="246" hits="11" branch="False" />
                <line number="247" hits="11" branch="True" condition-coverage="50% (1/2)">
                  <conditions>
                    <condition number="110" type="jump" coverage="50%" />
                  </conditions>
                </line>
                <line number="248" hits="0" branch="False" />
                <line number="249" hits="0" branch="False" />
                <line number="250" hits="0" branch="False" />
                <line number="251" hits="0" branch="False" />
                <line number="254" hits="11" branch="False" />
                <line number="255" hits="11" branch="False" />
                <line number="256" hits="11" branch="False" />
                <line number="258" hits="4" branch="False" />
                <line number="259" hits="4" branch="False" />
                <line number="261" hits="4" branch="False" />
                <line number="263" hits="4" branch="False" />
                <line number="264" hits="4" branch="False" />
                <line number="265" hits="4" branch="False" />
                <line number="266" hits="7" branch="False" />
                <line number="267" hits="7" branch="False" />
                <line number="268" hits="7" branch="False" />
                <line number="269" hits="7" branch="False" />
                <line number="270" hits="0" branch="False" />
                <line number="271" hits="0" branch="False" />
                <line number="272" hits="0" branch="False" />
                <line number="273" hits="0" branch="False" />
                <line number="274" hits="0" branch="False" />
                <line number="275" hits="11" branch="False" />
              </lines>
            </method>
            <method name="HandleLimitSetWizard" signature="(System.Collections.Generic.IReadOnlyList`1&lt;System.String&gt;)" line-rate="0" branch-rate="0" complexity="2">
              <lines>
                <line number="278" hits="0" branch="False" />
                <line number="280" hits="0" branch="False" />
                <line number="281" hits="0" branch="True" condition-coverage="0% (0/2)">
                  <conditions>
                    <condition number="10" type="jump" coverage="0%" />
                  </conditions>
                </line>
                <line number="282" hits="0" branch="False" />
                <line number="283" hits="0" branch="False" />
                <line number="284" hits="0" branch="False" />
                <line number="285" hits="0" branch="False" />
                <line number="286" hits="0" branch="False" />
                <line number="287" hits="0" branch="False" />
                <line number="288" hits="0" branch="False" />
                <line number="289" hits="0" branch="False" />
                <line number="290" hits="0" branch="False" />
                <line number="291" hits="0" branch="False" />
                <line number="292" hits="0" branch="False" />
                <line number="293" hits="0" branch="False" />
              </lines>
            </method>
            <method name="HandleOptionalCushionTransfer" signature="(System.Decimal,System.String,System.Int32,System.Nullable`1&lt;System.DateOnly&gt;)" line-rate="0.1515" branch-rate="0.0555" complexity="18">
              <lines>
                <line number="296" hits="4" branch="False" />
                <line number="297" hits="4" branch="True" condition-coverage="50% (1/2)">
                  <conditions>
                    <condition number="17" type="jump" coverage="50%" />
                  </conditions>
                </line>
                <line number="298" hits="4" branch="False" />
                <line number="299" hits="4" branch="False" />
                <line number="302" hits="0" branch="False" />
                <line number="303" hits="0" branch="True" condition-coverage="0% (0/2)">
                  <conditions>
                    <condition number="46" type="jump" coverage="0%" />
                  </conditions>
                </line>
                <line number="304" hits="0" branch="False" />
                <line number="305" hits="0" branch="False" />
                <line number="308" hits="0" branch="False" />
                <line number="309" hits="0" branch="True" condition-coverage="0% (0/2)">
                  <conditions>
                    <condition number="67" type="jump" coverage="0%" />
                  </conditions>
                </line>
                <line number="310" hits="0" branch="True" condition-coverage="0% (0/2)">
                  <conditions>
                    <condition number="82" type="jump" coverage="0%" />
                  </conditions>
                </line>
                <line number="312" hits="0" branch="True" condition-coverage="0% (0/2)">
                  <conditions>
                    <condition number="104" type="jump" coverage="0%" />
                  </conditions>
                </line>
                <line number="313" hits="0" branch="False" />
                <line number="314" hits="0" branch="True" condition-coverage="0% (0/2)">
                  <conditions>
                    <condition number="122" type="jump" coverage="0%" />
                  </conditions>
                </line>
                <line number="315" hits="0" branch="False" />
                <line number="316" hits="0" branch="False" />
                <line number="317" hits="0" branch="False" />
                <line number="319" hits="0" branch="False" />
                <line number="320" hits="0" branch="False" />
                <line number="322" hits="0" branch="False" />
                <line number="324" hits="0" branch="True" condition-coverage="0% (0/2)">
                  <conditions>
                    <condition number="171" type="jump" coverage="0%" />
                  </conditions>
                </line>
                <line number="325" hits="0" branch="False" />
                <line number="326" hits="0" branch="True" condition-coverage="0% (0/2)">
                  <conditions>
                    <condition number="192" type="jump" coverage="0%" />
                  </conditions>
                </line>
                <line number="327" hits="0" branch="False" />
                <line number="328" hits="0" branch="False" />
                <line number="330" hits="0" branch="False" />
                <line number="332" hits="0" branch="False" />
                <line number="333" hits="0" branch="True" condition-coverage="0% (0/2)">
                  <conditions>
                    <condition number="221" type="jump" coverage="0%" />
                  </conditions>
                </line>
                <line number="334" hits="0" branch="False" />
                <line number="335" hits="0" branch="False" />
                <line number="336" hits="0" branch="False" />
                <line number="339" hits="0" branch="False" />
                <line number="340" hits="4" branch="False" />
              </lines>
            </method>
            <method name="AskTransferAmount" signature="(System.Decimal,System.String)" line-rate="0" branch-rate="0" complexity="16">
              <lines>
                <line number="343" hits="0" branch="False" />
                <line number="344" hits="0" branch="False" />
                <line number="345" hits="0" branch="False" />
                <line number="346" hits="0" branch="False" />
                <line number="347" hits="0" branch="False" />
                <line number="348" hits="0" branch="True" condition-coverage="0% (0/2)">
                  <conditions>
                    <condition number="42" type="jump" coverage="0%" />
                  </conditions>
                </line>
                <line number="349" hits="0" branch="False" />
                <line number="350" hits="0" branch="False" />
                <line number="353" hits="0" branch="True" condition-coverage="0% (0/2)">
                  <conditions>
                    <condition number="77" type="jump" coverage="0%" />
                  </conditions>
                </line>
                <line number="354" hits="0" branch="False" />
                <line number="355" hits="0" branch="False" />
                <line number="359" hits="0" branch="True" condition-coverage="0% (0/2)">
                  <conditions>
                    <condition number="106" type="jump" coverage="0%" />
                  </conditions>
                </line>
                <line number="360" hits="0" branch="False" />
                <line number="361" hits="0" branch="False" />
                <line number="362" hits="0" branch="False" />
                <line number="363" hits="0" branch="True" condition-coverage="0% (0/2)">
                  <conditions>
                    <condition number="150" type="jump" coverage="0%" />
                  </conditions>
                </line>
                <line number="364" hits="0" branch="False" />
                <line number="365" hits="0" branch="False" />
                <line number="366" hits="0" branch="False" />
                <line number="367" hits="0" branch="True" condition-coverage="0% (0/2)">
                  <conditions>
                    <condition number="196" type="jump" coverage="0%" />
                  </conditions>
                </line>
                <line number="368" hits="0" branch="False" />
                <line number="369" hits="0" branch="False" />
                <line number="370" hits="0" branch="False" />
                <line number="373" hits="0" branch="False" />
                <line number="374" hits="0" branch="False" />
                <line number="376" hits="0" branch="False" />
                <line number="377" hits="0" branch="True" condition-coverage="0% (0/2)">
                  <conditions>
                    <condition number="271" type="jump" coverage="0%" />
                  </conditions>
                </line>
                <line number="378" hits="0" branch="False" />
                <line number="379" hits="0" branch="False" />
                <line number="380" hits="0" branch="False" />
                <line number="383" hits="0" branch="False" />
                <line number="384" hits="0" branch="False" />
                <line number="386" hits="0" branch="True" condition-coverage="0% (0/4)">
                  <conditions>
                    <condition number="315" type="jump" coverage="0%" />
                    <condition number="331" type="jump" coverage="0%" />
                  </conditions>
                </line>
                <line number="387" hits="0" branch="False" />
                <line number="388" hits="0" branch="False" />
                <line number="389" hits="0" branch="False" />
                <line number="392" hits="0" branch="False" />
                <line number="394" hits="0" branch="False" />
              </lines>
            </method>
            <method name="AskYesNoOnboarding" signature="(System.String)" line-rate="0.8095" branch-rate="0.75" complexity="12">
              <lines>
                <line number="397" hits="8" branch="False" />
                <line number="398" hits="8" branch="False" />
                <line number="399" hits="8" branch="False" />
                <line number="400" hits="8" branch="False" />
                <line number="401" hits="8" branch="False" />
                <line number="402" hits="8" branch="True" condition-coverage="50% (1/2)">
                  <conditions>
                    <condition number="48" type="jump" coverage="50%" />
                  </conditions>
                </line>
                <line number="403" hits="0" branch="False" />
                <line number="404" hits="0" branch="False" />
                <line number="407" hits="8" branch="False" />
                <line number="408" hits="8" branch="True" condition-coverage="100% (2/2)">
                  <conditions>
                    <condition number="78" type="jump" coverage="100%" />
                  </conditions>
                </line>
                <line number="409" hits="1" branch="False" />
                <line number="410" hits="1" branch="False" />
                <line number="413" hits="7" branch="True" condition-coverage="100% (4/4)">
                  <conditions>
                    <condition number="97" type="jump" coverage="100%" />
                    <condition number="118" type="jump" coverage="100%" />
                  </conditions>
                </line>
                <line number="414" hits="1" branch="False" />
                <line number="415" hits="1" branch="False" />
                <line number="418" hits="6" branch="True" condition-coverage="50% (2/4)">
                  <conditions>
                    <condition number="137" type="jump" coverage="50%" />
                    <condition number="158" type="jump" coverage="50%" />
                  </conditions>
                </line>
                <line number="419" hits="6" branch="False" />
                <line number="420" hits="6" branch="False" />
                <line number="423" hits="0" branch="False" />
                <line number="424" hits="0" branch="False" />
                <line number="425" hits="8" branch="False" />
              </lines>
            </method>
            <method name="AskYesNoForTransfer" signature="(System.String)" line-rate="0.7142000000000001" branch-rate="0.5832999999999999" complexity="12">
              <lines>
                <line number="428" hits="4" branch="False" />
                <line number="429" hits="8" branch="False" />
                <line number="430" hits="8" branch="False" />
                <line number="431" hits="8" branch="False" />
                <line number="432" hits="8" branch="False" />
                <line number="433" hits="8" branch="True" condition-coverage="100% (2/2)">
                  <conditions>
                    <condition number="48" type="jump" coverage="100%" />
                  </conditions>
                </line>
                <line number="434" hits="4" branch="False" />
                <line number="435" hits="4" branch="False" />
                <line number="438" hits="4" branch="False" />
                <line number="439" hits="4" branch="True" condition-coverage="50% (1/2)">
                  <conditions>
                    <condition number="78" type="jump" coverage="50%" />
                  </conditions>
                </line>
                <line number="440" hits="0" branch="False" />
                <line number="441" hits="0" branch="False" />
                <line number="444" hits="4" branch="True" condition-coverage="50% (2/4)">
                  <conditions>
                    <condition number="97" type="jump" coverage="50%" />
                    <condition number="118" type="jump" coverage="50%" />
                  </conditions>
                </line>
                <line number="445" hits="0" branch="False" />
                <line number="446" hits="0" branch="False" />
                <line number="449" hits="4" branch="True" condition-coverage="50% (2/4)">
                  <conditions>
                    <condition number="137" type="jump" coverage="50%" />
                    <condition number="158" type="jump" coverage="50%" />
                  </conditions>
                </line>
                <line number="450" hits="0" branch="False" />
                <line number="451" hits="0" branch="False" />
                <line number="454" hits="4" branch="False" />
                <line number="455" hits="4" branch="False" />
                <line number="456" hits="4" branch="False" />
              </lines>
            </method>
            <method name="AskYesNoCreateCushion" signature="(System.String)" line-rate="0" branch-rate="0" complexity="12">
              <lines>
                <line number="459" hits="0" branch="False" />
                <line number="460" hits="0" branch="False" />
                <line number="461" hits="0" branch="False" />
                <line number="462" hits="0" branch="False" />
                <line number="463" hits="0" branch="False" />
                <line number="464" hits="0" branch="True" condition-coverage="0% (0/2)">
                  <conditions>
                    <condition number="48" type="jump" coverage="0%" />
                  </conditions>
                </line>
                <line number="465" hits="0" branch="False" />
                <line number="466" hits="0" branch="False" />
                <line number="469" hits="0" branch="False" />
                <line number="470" hits="0" branch="True" condition-coverage="0% (0/2)">
                  <conditions>
                    <condition number="78" type="jump" coverage="0%" />
                  </conditions>
                </line>
                <line number="471" hits="0" branch="False" />
                <line number="472" hits="0" branch="False" />
                <line number="475" hits="0" branch="True" condition-coverage="0% (0/4)">
                  <conditions>
                    <condition number="96" type="jump" coverage="0%" />
                    <condition number="117" type="jump" coverage="0%" />
                  </conditions>
                </line>
                <line number="476" hits="0" branch="False" />
                <line number="477" hits="0" branch="False" />
                <line number="480" hits="0" branch="True" condition-coverage="0% (0/4)">
                  <conditions>
                    <condition number="135" type="jump" coverage="0%" />
                    <condition number="156" type="jump" coverage="0%" />
                  </conditions>
                </line>
                <line number="481" hits="0" branch="False" />
                <line number="482" hits="0" branch="False" />
                <line number="485" hits="0" branch="False" />
                <line number="486" hits="0" branch="False" />
                <line number="487" hits="0" branch="False" />
              </lines>
            </method>
            <method name="AskYesNoCurrencyMismatch" signature="(System.String)" line-rate="0" branch-rate="0" complexity="12">
              <lines>
                <line number="490" hits="0" branch="False" />
                <line number="491" hits="0" branch="False" />
                <line number="492" hits="0" branch="False" />
                <line number="493" hits="0" branch="False" />
                <line number="494" hits="0" branch="False" />
                <line number="495" hits="0" branch="True" condition-coverage="0% (0/2)">
                  <conditions>
                    <condition number="48" type="jump" coverage="0%" />
                  </conditions>
                </line>
                <line number="496" hits="0" branch="False" />
                <line number="497" hits="0" branch="False" />
                <line number="500" hits="0" branch="False" />
                <line number="501" hits="0" branch="True" condition-coverage="0% (0/2)">
                  <conditions>
                    <condition number="78" type="jump" coverage="0%" />
                  </conditions>
                </line>
                <line number="502" hits="0" branch="False" />
                <line number="503" hits="0" branch="False" />
                <line number="506" hits="0" branch="True" condition-coverage="0% (0/4)">
                  <conditions>
                    <condition number="97" type="jump" coverage="0%" />
                    <condition number="118" type="jump" coverage="0%" />
                  </conditions>
                </line>
                <line number="507" hits="0" branch="False" />
                <line number="508" hits="0" branch="False" />
                <line number="511" hits="0" branch="True" condition-coverage="0% (0/4)">
                  <conditions>
                    <condition number="137" type="jump" coverage="0%" />
                    <condition number="158" type="jump" coverage="0%" />
                  </conditions>
                </line>
                <line number="512" hits="0" branch="False" />
                <line number="513" hits="0" branch="False" />
                <line number="516" hits="0" branch="False" />
                <line number="517" hits="0" branch="False" />
                <line number="518" hits="0" branch="False" />
              </lines>
            </method>
            <method name="ExecuteParsedCommand" signature="(PersonalFinanceCli.Presentation.Parsing.ParsedCommand)" line-rate="0.9642000000000001" branch-rate="0.9444" complexity="18">
              <lines>
                <line number="521" hits="79" branch="False" />
                <line number="522" hits="79" branch="False" />
                <line number="524" hits="79" branch="True" condition-coverage="92.85% (13/14)">
                  <conditions>
                    <condition number="19" type="jump" coverage="100%" />
                    <condition number="28" type="jump" coverage="100%" />
                    <condition number="39" type="jump" coverage="100%" />
                    <condition number="50" type="jump" coverage="100%" />
                    <condition number="63" type="jump" coverage="100%" />
                    <condition number="75" type="jump" coverage="100%" />
                    <condition number="91" type="jump" coverage="50%" />
                  </conditions>
                </line>
                <line number="527" hits="41" branch="False" />
                <line number="528" hits="40" branch="False" />
                <line number="529" hits="40" branch="False" />
                <line number="531" hits="1" branch="False" />
                <line number="532" hits="1" branch="False" />
                <line number="534" hits="3" branch="False" />
                <line number="535" hits="3" branch="False" />
                <line number="536" hits="3" branch="False" />
                <line number="538" hits="20" branch="False" />
                <line number="539" hits="16" branch="False" />
                <line number="540" hits="16" branch="False" />
                <line number="542" hits="6" branch="False" />
                <line number="543" hits="4" branch="False" />
                <line number="544" hits="4" branch="False" />
                <line number="546" hits="2" branch="False" />
                <line number="547" hits="2" branch="False" />
                <line number="549" hits="6" branch="True" condition-coverage="100% (2/2)">
                  <conditions>
                    <condition number="291" type="jump" coverage="100%" />
                  </conditions>
                </line>
                <line number="550" hits="6" branch="False" />
                <line number="552" hits="0" branch="False" />
                <line number="555" hits="72" branch="True" condition-coverage="100% (2/2)">
                  <conditions>
                    <condition number="337" type="jump" coverage="100%" />
                  </conditions>
                </line>
                <line number="556" hits="63" branch="False" />
                <line number="557" hits="63" branch="False" />
                <line number="558" hits="63" branch="False" />
                <line number="559" hits="63" branch="False" />
                <line number="560" hits="72" branch="False" />
              </lines>
            </method>
            <method name="PrintHelp" signature="()" line-rate="1" branch-rate="1" complexity="1">
              <lines>
                <line number="563" hits="2" branch="False" />
                <line number="564" hits="2" branch="False" />
                <line number="565" hits="2" branch="False" />
                <line number="566" hits="2" branch="False" />
                <line number="567" hits="2" branch="False" />
                <line number="568" hits="2" branch="False" />
                <line number="569" hits="2" branch="False" />
                <line number="570" hits="2" branch="False" />
                <line number="571" hits="2" branch="False" />
                <line number="572" hits="2" branch="False" />
                <line number="573" hits="2" branch="False" />
                <line number="574" hits="2" branch="False" />
                <line number="575" hits="2" branch="False" />
                <line number="576" hits="2" branch="False" />
                <line number="577" hits="2" branch="False" />
                <line number="578" hits="2" branch="False" />
                <line number="579" hits="2" branch="False" />
              </lines>
            </method>
            <method name="PrintCards" signature="()" line-rate="0.7692" branch-rate="0.8332999999999999" complexity="6">
              <lines>
                <line number="582" hits="1" branch="False" />
                <line number="583" hits="1" branch="False" />
                <line number="584" hits="1" branch="True" condition-coverage="50% (1/2)">
                  <conditions>
                    <condition number="24" type="jump" coverage="50%" />
                  </conditions>
                </line>
                <line number="585" hits="0" branch="False" />
                <line number="586" hits="0" branch="False" />
                <line number="587" hits="0" branch="False" />
                <line number="590" hits="1" branch="False" />
                <line number="591" hits="7" branch="True" condition-coverage="100% (2/2)">
                  <conditions>
                    <condition number="267" type="jump" coverage="100%" />
                  </conditions>
                </line>
                <line number="592" hits="2" branch="False" />
                <line number="593" hits="2" branch="True" condition-coverage="100% (2/2)">
                  <conditions>
                    <condition number="93" type="jump" coverage="100%" />
                  </conditions>
                </line>
                <line number="594" hits="2" branch="False" />
                <line number="595" hits="2" branch="False" />
                <line number="596" hits="1" branch="False" />
              </lines>
            </method>
            <method name="ShowLimit" signature="()" line-rate="1" branch-rate="0.5" complexity="6">
              <lines>
                <line number="599" hits="2" branch="False" />
                <line number="600" hits="2" branch="False" />
                <line number="601" hits="2" branch="False" />
                <line number="603" hits="2" branch="True" condition-coverage="100% (2/2)">
                  <conditions>
                    <condition number="34" type="jump" coverage="100%" />
                  </conditions>
                </line>
                <line number="604" hits="1" branch="False" />
                <line number="605" hits="1" branch="False" />
                <line number="606" hits="1" branch="False" />
                <line number="609" hits="1" branch="False" />
                <line number="610" hits="2" branch="True" condition-coverage="25% (1/4)">
                  <conditions>
                    <condition number="109" type="jump" coverage="50%" />
                    <condition number="119" type="jump" coverage="0%" />
                  </conditions>
                </line>
                <line number="611" hits="1" branch="False" />
                <line number="612" hits="1" branch="False" />
                <line number="614" hits="1" branch="False" />
                <line number="615" hits="2" branch="False" />
              </lines>
            </method>
            <method name="AskRequiredText" signature="(System.String,System.String)" line-rate="0.7368000000000001" branch-rate="0.6666" complexity="6">
              <lines>
                <line number="618" hits="17" branch="False" />
                <line number="619" hits="17" branch="False" />
                <line number="620" hits="17" branch="False" />
                <line number="621" hits="17" branch="False" />
                <line number="622" hits="17" branch="True" condition-coverage="100% (2/2)">
                  <conditions>
                    <condition number="12" type="jump" coverage="100%" />
                  </conditions>
                </line>
                <line number="623" hits="5" branch="False" />
                <line number="624" hits="5" branch="False" />
                <line number="625" hits="5" branch="False" />
                <line number="626" hits="5" branch="False" />
                <line number="628" hits="17" branch="True" condition-coverage="50% (1/2)">
                  <conditions>
                    <condition number="60" type="jump" coverage="50%" />
                  </conditions>
                </line>
                <line number="629" hits="0" branch="False" />
                <line number="630" hits="0" branch="False" />
                <line number="633" hits="17" branch="True" condition-coverage="50% (1/2)">
                  <conditions>
                    <condition number="80" type="jump" coverage="50%" />
                  </conditions>
                </line>
                <line number="634" hits="17" branch="False" />
                <line number="635" hits="17" branch="False" />
                <line number="638" hits="0" branch="False" />
                <line number="639" hits="0" branch="False" />
                <line number="640" hits="0" branch="False" />
                <line number="641" hits="17" branch="False" />
              </lines>
            </method>
            <method name="AskRequiredDecimal" signature="(System.String,System.String)" line-rate="0.8946999999999999" branch-rate="0.8332999999999999" complexity="6">
              <lines>
                <line number="644" hits="13" branch="False" />
                <line number="645" hits="13" branch="False" />
                <line number="646" hits="14" branch="False" />
                <line number="647" hits="14" branch="False" />
                <line number="648" hits="14" branch="True" condition-coverage="100% (2/2)">
                  <conditions>
                    <condition number="12" type="jump" coverage="100%" />
                  </conditions>
                </line>
                <line number="649" hits="3" branch="False" />
                <line number="650" hits="3" branch="False" />
                <line number="651" hits="3" branch="False" />
                <line number="652" hits="3" branch="False" />
                <line number="654" hits="14" branch="True" condition-coverage="50% (1/2)">
                  <conditions>
                    <condition number="60" type="jump" coverage="50%" />
                  </conditions>
                </line>
                <line number="655" hits="0" branch="False" />
                <line number="656" hits="0" branch="False" />
                <line number="659" hits="14" branch="True" condition-coverage="100% (2/2)">
                  <conditions>
                    <condition number="81" type="jump" coverage="100%" />
                  </conditions>
                </line>
                <line number="660" hits="13" branch="False" />
                <line number="661" hits="13" branch="False" />
                <line number="664" hits="1" branch="False" />
                <line number="665" hits="1" branch="False" />
                <line number="666" hits="1" branch="False" />
                <line number="667" hits="13" branch="False" />
              </lines>
            </method>
            <method name="AskOptionalDecimal" signature="(System.String,System.String)" line-rate="0.7726999999999999" branch-rate="0.75" complexity="8">
              <lines>
                <line number="670" hits="3" branch="False" />
                <line number="671" hits="3" branch="False" />
                <line number="672" hits="3" branch="False" />
                <line number="673" hits="3" branch="False" />
                <line number="674" hits="3" branch="True" condition-coverage="100% (2/2)">
                  <conditions>
                    <condition number="15" type="jump" coverage="100%" />
                  </conditions>
                </line>
                <line number="675" hits="2" branch="False" />
                <line number="676" hits="2" branch="False" />
                <line number="677" hits="2" branch="False" />
                <line number="678" hits="2" branch="False" />
                <line number="680" hits="3" branch="True" condition-coverage="50% (1/2)">
                  <conditions>
                    <condition number="63" type="jump" coverage="50%" />
                  </conditions>
                </line>
                <line number="681" hits="0" branch="False" />
                <line number="682" hits="0" branch="False" />
                <line number="685" hits="3" branch="True" condition-coverage="100% (2/2)">
                  <conditions>
                    <condition number="82" type="jump" coverage="100%" />
                  </conditions>
                </line>
                <line number="686" hits="1" branch="False" />
                <line number="687" hits="1" branch="False" />
                <line number="690" hits="2" branch="True" condition-coverage="50% (1/2)">
                  <conditions>
                    <condition number="111" type="jump" coverage="50%" />
                  </conditions>
                </line>
                <line number="691" hits="2" branch="False" />
                <line number="692" hits="2" branch="False" />
                <line number="695" hits="0" branch="False" />
                <line number="696" hits="0" branch="False" />
                <line number="697" hits="0" branch="False" />
                <line number="698" hits="3" branch="False" />
              </lines>
            </method>
            <method name="AskOptionalInt" signature="(System.String,System.String)" line-rate="0.909" branch-rate="0.875" complexity="8">
              <lines>
                <line number="701" hits="13" branch="False" />
                <line number="702" hits="13" branch="False" />
                <line number="703" hits="14" branch="False" />
                <line number="704" hits="14" branch="False" />
                <line number="705" hits="14" branch="True" condition-coverage="100% (2/2)">
                  <conditions>
                    <condition number="15" type="jump" coverage="100%" />
                  </conditions>
                </line>
                <line number="706" hits="3" branch="False" />
                <line number="707" hits="3" branch="False" />
                <line number="708" hits="3" branch="False" />
                <line number="709" hits="3" branch="False" />
                <line number="711" hits="14" branch="True" condition-coverage="50% (1/2)">
                  <conditions>
                    <condition number="63" type="jump" coverage="50%" />
                  </conditions>
                </line>
                <line number="712" hits="0" branch="False" />
                <line number="713" hits="0" branch="False" />
                <line number="716" hits="14" branch="True" condition-coverage="100% (2/2)">
                  <conditions>
                    <condition number="82" type="jump" coverage="100%" />
                  </conditions>
                </line>
                <line number="717" hits="1" branch="False" />
                <line number="718" hits="1" branch="False" />
                <line number="721" hits="13" branch="True" condition-coverage="100% (2/2)">
                  <conditions>
                    <condition number="111" type="jump" coverage="100%" />
                  </conditions>
                </line>
                <line number="722" hits="12" branch="False" />
                <line number="723" hits="12" branch="False" />
                <line number="726" hits="1" branch="False" />
                <line number="727" hits="1" branch="False" />
                <line number="728" hits="1" branch="False" />
                <line number="729" hits="13" branch="False" />
              </lines>
            </method>
            <method name="AskOptionalDate" signature="(System.String,System.String)" line-rate="1" branch-rate="1" complexity="8">
              <lines>
                <line number="732" hits="13" branch="False" />
                <line number="733" hits="13" branch="False" />
                <line number="734" hits="45" branch="False" />
                <line number="735" hits="45" branch="False" />
                <line number="736" hits="45" branch="True" condition-coverage="100% (2/2)">
                  <conditions>
                    <condition number="15" type="jump" coverage="100%" />
                  </conditions>
                </line>
                <line number="737" hits="45" branch="False" />
                <line number="738" hits="45" branch="False" />
                <line number="739" hits="45" branch="False" />
                <line number="740" hits="39" branch="False" />
                <line number="742" hits="39" branch="True" condition-coverage="100% (2/2)">
                  <conditions>
                    <condition number="63" type="jump" coverage="100%" />
                  </conditions>
                </line>
                <line number="743" hits="1" branch="False" />
                <line number="744" hits="1" branch="False" />
                <line number="747" hits="38" branch="True" condition-coverage="100% (2/2)">
                  <conditions>
                    <condition number="82" type="jump" coverage="100%" />
                  </conditions>
                </line>
                <line number="748" hits="3" branch="False" />
                <line number="749" hits="3" branch="False" />
                <line number="752" hits="35" branch="True" condition-coverage="100% (2/2)">
                  <conditions>
                    <condition number="111" type="jump" coverage="100%" />
                  </conditions>
                </line>
                <line number="753" hits="3" branch="False" />
                <line number="754" hits="3" branch="False" />
                <line number="757" hits="32" branch="False" />
                <line number="758" hits="32" branch="False" />
                <line number="759" hits="32" branch="False" />
                <line number="760" hits="6" branch="False" />
              </lines>
            </method>
            <method name="AskCurrency" signature="(System.String)" line-rate="1" branch-rate="1" complexity="6">
              <lines>
                <line number="763" hits="4" branch="False" />
                <line number="764" hits="4" branch="False" />
                <line number="765" hits="5" branch="False" />
                <line number="766" hits="5" branch="False" />
                <line number="767" hits="5" branch="True" condition-coverage="100% (2/2)">
                  <conditions>
                    <condition number="12" type="jump" coverage="100%" />
                  </conditions>
                </line>
                <line number="768" hits="4" branch="False" />
                <line number="769" hits="4" branch="False" />
                <line number="770" hits="4" branch="False" />
                <line number="771" hits="4" branch="False" />
                <line number="773" hits="5" branch="True" condition-coverage="100% (2/2)">
                  <conditions>
                    <condition number="54" type="jump" coverage="100%" />
                  </conditions>
                </line>
                <line number="774" hits="1" branch="False" />
                <line number="775" hits="1" branch="False" />
                <line number="778" hits="4" branch="True" condition-coverage="100% (2/2)">
                  <conditions>
                    <condition number="74" type="jump" coverage="100%" />
                  </conditions>
                </line>
                <line number="779" hits="3" branch="False" />
                <line number="780" hits="3" branch="False" />
                <line number="783" hits="1" branch="False" />
                <line number="784" hits="1" branch="False" />
                <line number="785" hits="1" branch="False" />
                <line number="786" hits="3" branch="False" />
              </lines>
            </method>
            <method name="ReadWizardAnswer" signature="()" line-rate="1" branch-rate="1" complexity="2">
              <lines>
                <line number="789" hits="62" branch="False" />
                <line number="790" hits="62" branch="False" />
                <line number="791" hits="62" branch="True" condition-coverage="100% (2/2)">
                  <conditions>
                    <condition number="19" type="jump" coverage="100%" />
                  </conditions>
                </line>
                <line number="792" hits="6" branch="False" />
                <line number="793" hits="6" branch="False" />
                <line number="796" hits="56" branch="False" />
                <line number="797" hits="56" branch="False" />
              </lines>
            </method>
            <method name="ParseWizardTransactionOptions" signature="(System.Collections.Generic.IReadOnlyList`1&lt;System.String&gt;,System.Int32)" line-rate="0.5861999999999999" branch-rate="0.2857" complexity="14">
              <lines>
                <line number="800" hits="13" branch="False" />
                <line number="801" hits="13" branch="False" />
                <line number="802" hits="13" branch="False" />
                <line number="803" hits="13" branch="False" />
                <line number="805" hits="13" branch="False" />
                <line number="806" hits="24" branch="True" condition-coverage="100% (2/2)">
                  <conditions>
                    <condition number="210" type="jump" coverage="100%" />
                  </conditions>
                </line>
                <line number="807" hits="11" branch="False" />
                <line number="808" hits="11" branch="False" />
                <line number="809" hits="11" branch="True" condition-coverage="50% (1/2)">
                  <conditions>
                    <condition number="40" type="jump" coverage="50%" />
                  </conditions>
                </line>
                <line number="810" hits="11" branch="False" />
                <line number="811" hits="11" branch="False" />
                <line number="812" hits="11" branch="True" condition-coverage="50% (1/2)">
                  <conditions>
                    <condition number="54" type="jump" coverage="50%" />
                  </conditions>
                </line>
                <line number="813" hits="11" branch="False" />
                <line number="814" hits="0" branch="True" condition-coverage="0% (0/2)">
                  <conditions>
                    <condition number="86" type="jump" coverage="0%" />
                  </conditions>
                </line>
                <line number="815" hits="0" branch="False" />
                <line number="816" hits="0" branch="False" />
                <line number="817" hits="0" branch="True" condition-coverage="0% (0/2)">
                  <conditions>
                    <condition number="100" type="jump" coverage="0%" />
                  </conditions>
                </line>
                <line number="818" hits="0" branch="False" />
                <line number="819" hits="0" branch="True" condition-coverage="0% (0/2)">
                  <conditions>
                    <condition number="132" type="jump" coverage="0%" />
                  </conditions>
                </line>
                <line number="820" hits="0" branch="False" />
                <line number="821" hits="0" branch="False" />
                <line number="822" hits="0" branch="True" condition-coverage="0% (0/2)">
                  <conditions>
                    <condition number="146" type="jump" coverage="0%" />
                  </conditions>
                </line>
                <line number="823" hits="0" branch="False" />
                <line number="825" hits="0" branch="False" />
                <line number="826" hits="0" branch="False" />
                <line number="829" hits="11" branch="False" />
                <line number="830" hits="11" branch="False" />
                <line number="832" hits="13" branch="False" />
                <line number="833" hits="13" branch="False" />
              </lines>
            </method>
            <method name=".ctor" signature="(PersonalFinanceCli.Presentation.Parsing.CommandParser,PersonalFinanceCli.Application.CommandHandlers.AddCardHandler,PersonalFinanceCli.Application.CommandHandlers.SetDefaultCardHandler,PersonalFinanceCli.Application.CommandHandlers.AddTransactionHandler,PersonalFinanceCli.Application.CommandHandlers.SetDailyLimitHandler,PersonalFinanceCli.Domain.Services.DailyReportService,PersonalFinanceCli.Presentation.Rendering.ReportPrinter,PersonalFinanceCli.Application.Repositories.ICardRepository,PersonalFinanceCli.Application.Repositories.ILimitRepository,PersonalFinanceCli.Infrastructure.Time.IClock,PersonalFinanceCli.Presentation.Rendering.IConsole,PersonalFinanceCli.Application.Services.CushionService)" line-rate="1" branch-rate="1" complexity="1">
              <lines>
                <line number="27" hits="42" branch="False" />
                <line number="28" hits="42" branch="False" />
                <line number="29" hits="42" branch="False" />
                <line number="30" hits="42" branch="False" />
                <line number="31" hits="42" branch="False" />
                <line number="32" hits="42" branch="False" />
                <line number="33" hits="42" branch="False" />
                <line number="34" hits="42" branch="False" />
                <line number="35" hits="42" branch="False" />
                <line number="36" hits="42" branch="False" />
                <line number="37" hits="42" branch="False" />
                <line number="38" hits="42" branch="False" />
                <line number="39" hits="42" branch="False" />
                <line number="40" hits="42" branch="False" />
                <line number="41" hits="42" branch="False" />
                <line number="42" hits="42" branch="False" />
                <line number="43" hits="42" branch="False" />
                <line number="44" hits="42" branch="False" />
                <line number="45" hits="42" branch="False" />
                <line number="46" hits="42" branch="False" />
                <line number="47" hits="42" branch="False" />
                <line number="48" hits="42" branch="False" />
                <line number="49" hits="42" branch="False" />
                <line number="50" hits="42" branch="False" />
                <line number="51" hits="42" branch="False" />
                <line number="52" hits="42" branch="False" />
                <line number="53" hits="42" branch="False" />
              </lines>
            </method>
          </methods>
          <lines>
            <line number="56" hits="75" branch="False" />
            <line number="58" hits="75" branch="False" />
            <line number="59" hits="75" branch="False" />
            <line number="60" hits="74" branch="False" />
            <line number="61" hits="67" branch="False" />
            <line number="63" hits="8" branch="False" />
            <line number="64" hits="8" branch="False" />
            <line number="65" hits="8" branch="False" />
            <line number="66" hits="8" branch="False" />
            <line number="68" hits="75" branch="False" />
            <line number="71" hits="20" branch="False" />
            <line number="72" hits="20" branch="False" />
            <line number="74" hits="41" branch="False" />
            <line number="75" hits="41" branch="False" />
            <line number="76" hits="41" branch="False" />
            <line number="77" hits="41" branch="False" />
            <line number="78" hits="41" branch="True" condition-coverage="100% (2/2)">
              <conditions>
                <condition number="49" type="jump" coverage="100%" />
              </conditions>
            </line>
            <line number="79" hits="10" branch="False" />
            <line number="80" hits="10" branch="False" />
            <line number="83" hits="31" branch="True" condition-coverage="100% (2/2)">
              <conditions>
                <condition number="65" type="jump" coverage="100%" />
              </conditions>
            </line>
            <line number="84" hits="1" branch="False" />
            <line number="85" hits="1" branch="False" />
            <line number="88" hits="30" branch="True" condition-coverage="100% (2/2)">
              <conditions>
                <condition number="87" type="jump" coverage="100%" />
              </conditions>
            </line>
            <line number="89" hits="10" branch="False" />
            <line number="90" hits="10" branch="False" />
            <line number="93" hits="20" branch="True" condition-coverage="100% (2/2)">
              <conditions>
                <condition number="111" type="jump" coverage="100%" />
              </conditions>
            </line>
            <line number="94" hits="2" branch="False" />
            <line number="95" hits="2" branch="False" />
            <line number="96" hits="2" branch="False" />
            <line number="99" hits="18" branch="True" condition-coverage="100% (2/2)">
              <conditions>
                <condition number="134" type="jump" coverage="100%" />
              </conditions>
            </line>
            <line number="100" hits="17" branch="False" />
            <line number="101" hits="17" branch="False" />
            <line number="105" hits="1" branch="False" />
            <line number="106" hits="1" branch="False" />
            <line number="107" hits="0" branch="False" />
            <line number="108" hits="0" branch="False" />
            <line number="109" hits="1" branch="False" />
            <line number="110" hits="1" branch="False" />
            <line number="111" hits="1" branch="False" />
            <line number="112" hits="1" branch="False" />
            <line number="113" hits="1" branch="False" />
            <line number="114" hits="1" branch="False" />
            <line number="115" hits="20" branch="False" />
            <line number="118" hits="20" branch="False" />
            <line number="119" hits="20" branch="True" condition-coverage="50% (1/2)">
              <conditions>
                <condition number="9" type="jump" coverage="50%" />
              </conditions>
            </line>
            <line number="120" hits="0" branch="False" />
            <line number="121" hits="0" branch="False" />
            <line number="124" hits="20" branch="False" />
            <line number="125" hits="20" branch="False" />
            <line number="126" hits="20" branch="True" condition-coverage="100% (2/2)">
              <conditions>
                <condition number="44" type="jump" coverage="100%" />
              </conditions>
            </line>
            <line number="127" hits="12" branch="False" />
            <line number="128" hits="12" branch="False" />
            <line number="131" hits="8" branch="True" condition-coverage="100% (2/2)">
              <conditions>
                <condition number="62" type="jump" coverage="100%" />
              </conditions>
            </line>
            <line number="132" hits="1" branch="False" />
            <line number="133" hits="1" branch="False" />
            <line number="134" hits="1" branch="False" />
            <line number="135" hits="20" branch="False" />
            <line number="138" hits="18" branch="False" />
            <line number="139" hits="18" branch="False" />
            <line number="140" hits="18" branch="True" condition-coverage="100% (2/2)">
              <conditions>
                <condition number="19" type="jump" coverage="100%" />
              </conditions>
            </line>
            <line number="141" hits="1" branch="False" />
            <line number="142" hits="1" branch="False" />
            <line number="145" hits="17" branch="False" />
            <line number="146" hits="17" branch="False" />
            <line number="147" hits="17" branch="True" condition-coverage="100% (4/4)">
              <conditions>
                <condition number="67" type="jump" coverage="100%" />
                <condition number="87" type="jump" coverage="100%" />
              </conditions>
            </line>
            <line number="148" hits="4" branch="False" />
            <line number="149" hits="4" branch="False" />
            <line number="150" hits="4" branch="False" />
            <line number="153" hits="13" branch="True" condition-coverage="100% (4/4)">
              <conditions>
                <condition number="117" type="jump" coverage="100%" />
                <condition number="137" type="jump" coverage="100%" />
              </conditions>
            </line>
            <line number="154" hits="2" branch="False" />
            <line number="155" hits="2" branch="False" />
            <line number="156" hits="2" branch="False" />
            <line number="159" hits="11" branch="True" condition-coverage="50% (2/4)">
              <conditions>
                <condition number="164" type="jump" coverage="50%" />
                <condition number="184" type="jump" coverage="50%" />
              </conditions>
            </line>
            <line number="160" hits="11" branch="False" />
            <line number="161" hits="11" branch="False" />
            <line number="162" hits="11" branch="False" />
            <line number="165" hits="0" branch="True" condition-coverage="0% (0/4)">
              <conditions>
                <condition number="211" type="jump" coverage="0%" />
                <condition number="231" type="jump" coverage="0%" />
              </conditions>
            </line>
            <line number="166" hits="0" branch="False" />
            <line number="167" hits="0" branch="False" />
            <line number="168" hits="0" branch="False" />
            <line number="171" hits="0" branch="False" />
            <line number="172" hits="18" branch="False" />
            <line number="175" hits="4" branch="False" />
            <line number="177" hits="4" branch="False" />
            <line number="178" hits="4" branch="True" condition-coverage="100% (2/2)">
              <conditions>
                <condition number="10" type="jump" coverage="100%" />
              </conditions>
            </line>
            <line number="179" hits="4" branch="True" condition-coverage="100% (2/2)">
              <conditions>
                <condition number="41" type="jump" coverage="100%" />
              </conditions>
            </line>
            <line number="180" hits="3" branch="True" condition-coverage="100% (2/2)">
              <conditions>
                <condition number="67" type="jump" coverage="100%" />
              </conditions>
            </line>
            <line number="181" hits="3" branch="False" />
            <line number="182" hits="3" branch="False" />
            <line number="183" hits="1" branch="False" />
            <line number="184" hits="1" branch="False" />
            <line number="185" hits="1" branch="False" />
            <line number="186" hits="1" branch="False" />
            <line number="187" hits="0" branch="False" />
            <line number="188" hits="0" branch="False" />
            <line number="189" hits="0" branch="False" />
            <line number="190" hits="0" branch="False" />
            <line number="191" hits="0" branch="False" />
            <line number="192" hits="4" branch="False" />
            <line number="195" hits="2" branch="False" />
            <line number="197" hits="2" branch="False" />
            <line number="198" hits="2" branch="True" condition-coverage="50% (1/2)">
              <conditions>
                <condition number="10" type="jump" coverage="50%" />
              </conditions>
            </line>
            <line number="200" hits="2" branch="True" condition-coverage="50% (1/2)">
              <conditions>
                <condition number="40" type="jump" coverage="50%" />
              </conditions>
            </line>
            <line number="201" hits="2" branch="False" />
            <line number="202" hits="2" branch="True" condition-coverage="50% (2/4)">
              <conditions>
                <condition number="56" type="jump" coverage="50%" />
                <condition number="77" type="jump" coverage="50%" />
              </conditions>
            </line>
            <line number="203" hits="0" branch="False" />
            <line number="204" hits="0" branch="False" />
            <line number="205" hits="0" branch="False" />
            <line number="206" hits="0" branch="False" />
            <line number="208" hits="2" branch="False" />
            <line number="209" hits="2" branch="True" condition-coverage="50% (1/2)">
              <conditions>
                <condition number="110" type="jump" coverage="50%" />
              </conditions>
            </line>
            <line number="210" hits="0" branch="False" />
            <line number="211" hits="0" branch="False" />
            <line number="212" hits="0" branch="False" />
            <line number="213" hits="0" branch="False" />
            <line number="216" hits="2" branch="False" />
            <line number="217" hits="2" branch="False" />
            <line number="218" hits="2" branch="False" />
            <line number="219" hits="2" branch="False" />
            <line number="220" hits="2" branch="False" />
            <line number="221" hits="0" branch="False" />
            <line number="222" hits="0" branch="False" />
            <line number="223" hits="0" branch="False" />
            <line number="224" hits="0" branch="False" />
            <line number="225" hits="0" branch="False" />
            <line number="226" hits="0" branch="False" />
            <line number="227" hits="0" branch="False" />
            <line number="228" hits="0" branch="False" />
            <line number="229" hits="0" branch="False" />
            <line number="230" hits="2" branch="False" />
            <line number="233" hits="11" branch="False" />
            <line number="235" hits="11" branch="False" />
            <line number="236" hits="11" branch="True" condition-coverage="50% (1/2)">
              <conditions>
                <condition number="10" type="jump" coverage="50%" />
              </conditions>
            </line>
            <line number="238" hits="11" branch="True" condition-coverage="50% (1/2)">
              <conditions>
[...]
                <line number="44" hits="20" branch="True" condition-coverage="50% (1/2)">
                  <conditions>
                    <condition number="82" type="jump" coverage="50%" />
                  </conditions>
                </line>
                <line number="45" hits="0" branch="False" />
                <line number="46" hits="0" branch="False" />
                <line number="49" hits="20" branch="True" condition-coverage="100% (2/2)">
                  <conditions>
                    <condition number="137" type="jump" coverage="100%" />
                  </conditions>
                </line>
                <line number="50" hits="20" branch="False" />
                <line number="51" hits="20" branch="False" />
                <line number="52" hits="20" branch="False" />
                <line number="53" hits="20" branch="False" />
                <line number="54" hits="20" branch="False" />
                <line number="55" hits="20" branch="False" />
                <line number="56" hits="20" branch="False" />
                <line number="57" hits="20" branch="False" />
                <line number="59" hits="20" branch="False" />
                <line number="60" hits="20" branch="False" />
              </lines>
            </method>
            <method name="ResolveCardId" signature="(System.Nullable`1&lt;System.Int32&gt;)" line-rate="1" branch-rate="1" complexity="8">
              <lines>
                <line number="63" hits="26" branch="False" />
                <line number="64" hits="26" branch="True" condition-coverage="100% (2/2)">
                  <conditions>
                    <condition number="10" type="jump" coverage="100%" />
                  </conditions>
                </line>
                <line number="65" hits="11" branch="False" />
                <line number="66" hits="11" branch="False" />
                <line number="67" hits="11" branch="True" condition-coverage="100% (2/2)">
                  <conditions>
                    <condition number="40" type="jump" coverage="100%" />
                  </conditions>
                </line>
                <line number="68" hits="1" branch="False" />
                <line number="69" hits="1" branch="False" />
                <line number="72" hits="10" branch="False" />
                <line number="75" hits="15" branch="False" />
                <line number="76" hits="15" branch="True" condition-coverage="100% (2/2)">
                  <conditions>
                    <condition number="84" type="jump" coverage="100%" />
                  </conditions>
                </line>
                <line number="77" hits="13" branch="False" />
                <line number="78" hits="13" branch="False" />
                <line number="81" hits="2" branch="False" />
                <line number="82" hits="2" branch="True" condition-coverage="100% (2/2)">
                  <conditions>
                    <condition number="117" type="jump" coverage="100%" />
                  </conditions>
                </line>
                <line number="83" hits="1" branch="False" />
                <line number="84" hits="1" branch="False" />
                <line number="87" hits="1" branch="False" />
                <line number="88" hits="24" branch="False" />
              </lines>
            </method>
            <method name="FindCushionCardLoose" signature="()" line-rate="0" branch-rate="0" complexity="2">
              <lines>
                <line number="91" hits="0" branch="False" />
                <line number="92" hits="0" branch="False" />
                <line number="93" hits="0" branch="False" />
                <line number="94" hits="0" branch="True" condition-coverage="0% (0/2)">
                  <conditions>
                    <condition number="57" type="jump" coverage="0%" />
                  </conditions>
                </line>
                <line number="95" hits="0" branch="False" />
                <line number="96" hits="0" branch="False" />
                <line number="99" hits="0" branch="False" />
                <line number="100" hits="0" branch="False" />
              </lines>
            </method>
            <method name="AddTransferPair" signature="(System.Int32,System.Int32,System.Decimal,System.Nullable`1&lt;System.DateOnly&gt;)" line-rate="0" branch-rate="0" complexity="2">
              <lines>
                <line number="103" hits="0" branch="False" />
                <line number="104" hits="0" branch="True" condition-coverage="0% (0/2)">
                  <conditions>
                    <condition number="11" type="jump" coverage="0%" />
                  </conditions>
                </line>
                <line number="106" hits="0" branch="False" />
                <line number="107" hits="0" branch="False" />
                <line number="108" hits="0" branch="False" />
                <line number="109" hits="0" branch="False" />
                <line number="110" hits="0" branch="False" />
                <line number="111" hits="0" branch="False" />
                <line number="112" hits="0" branch="False" />
                <line number="113" hits="0" branch="False" />
                <line number="114" hits="0" branch="False" />
                <line number="116" hits="0" branch="False" />
                <line number="117" hits="0" branch="False" />
                <line number="118" hits="0" branch="False" />
                <line number="119" hits="0" branch="False" />
                <line number="120" hits="0" branch="False" />
                <line number="121" hits="0" branch="False" />
                <line number="122" hits="0" branch="False" />
                <line number="123" hits="0" branch="False" />
                <line number="124" hits="0" branch="False" />
                <line number="125" hits="0" branch="False" />
              </lines>
            </method>
            <method name=".ctor" signature="(PersonalFinanceCli.Application.Repositories.ITransactionRepository,PersonalFinanceCli.Application.Repositories.ICardRepository,PersonalFinanceCli.Infrastructure.Time.IClock)" line-rate="1" branch-rate="1" complexity="1">
              <lines>
                <line number="14" hits="42" branch="False" />
                <line number="15" hits="42" branch="False" />
                <line number="16" hits="42" branch="False" />
                <line number="17" hits="42" branch="False" />
                <line number="18" hits="42" branch="False" />
                <line number="19" hits="42" branch="False" />
                <line number="20" hits="42" branch="False" />
                <line number="21" hits="42" branch="False" />
                <line number="22" hits="42" branch="False" />
              </lines>
            </method>
          </methods>
          <lines>
            <line number="31" hits="24" branch="False" />
            <line number="32" hits="24" branch="True" condition-coverage="100% (2/2)">
              <conditions>
                <condition number="14" type="jump" coverage="100%" />
              </conditions>
            </line>
            <line number="33" hits="1" branch="False" />
            <line number="34" hits="1" branch="False" />
            <line number="37" hits="23" branch="True" condition-coverage="100% (2/2)">
              <conditions>
                <condition number="38" type="jump" coverage="100%" />
              </conditions>
            </line>
            <line number="38" hits="1" branch="False" />
            <line number="39" hits="1" branch="False" />
            <line number="42" hits="22" branch="False" />
            <line number="43" hits="20" branch="False" />
            <line number="44" hits="20" branch="True" condition-coverage="50% (1/2)">
              <conditions>
                <condition number="82" type="jump" coverage="50%" />
              </conditions>
            </line>
            <line number="45" hits="0" branch="False" />
            <line number="46" hits="0" branch="False" />
            <line number="49" hits="20" branch="True" condition-coverage="100% (2/2)">
              <conditions>
                <condition number="137" type="jump" coverage="100%" />
              </conditions>
            </line>
            <line number="50" hits="20" branch="False" />
            <line number="51" hits="20" branch="False" />
            <line number="52" hits="20" branch="False" />
            <line number="53" hits="20" branch="False" />
            <line number="54" hits="20" branch="False" />
            <line number="55" hits="20" branch="False" />
            <line number="56" hits="20" branch="False" />
            <line number="57" hits="20" branch="False" />
            <line number="59" hits="20" branch="False" />
            <line number="60" hits="20" branch="False" />
            <line number="63" hits="26" branch="False" />
            <line number="64" hits="26" branch="True" condition-coverage="100% (2/2)">
              <conditions>
                <condition number="10" type="jump" coverage="100%" />
              </conditions>
            </line>
            <line number="65" hits="11" branch="False" />
            <line number="66" hits="11" branch="False" />
            <line number="67" hits="11" branch="True" condition-coverage="100% (2/2)">
              <conditions>
                <condition number="40" type="jump" coverage="100%" />
              </conditions>
            </line>
            <line number="68" hits="1" branch="False" />
            <line number="69" hits="1" branch="False" />
            <line number="72" hits="10" branch="False" />
            <line number="75" hits="15" branch="False" />
            <line number="76" hits="15" branch="True" condition-coverage="100% (2/2)">
              <conditions>
                <condition number="84" type="jump" coverage="100%" />
              </conditions>
            </line>
            <line number="77" hits="13" branch="False" />
            <line number="78" hits="13" branch="False" />
            <line number="81" hits="2" branch="False" />
            <line number="82" hits="2" branch="True" condition-coverage="100% (2/2)">
              <conditions>
                <condition number="117" type="jump" coverage="100%" />
              </conditions>
            </line>
            <line number="83" hits="1" branch="False" />
            <line number="84" hits="1" branch="False" />
            <line number="87" hits="1" branch="False" />
            <line number="88" hits="24" branch="False" />
            <line number="91" hits="0" branch="False" />
            <line number="92" hits="0" branch="False" />
            <line number="93" hits="0" branch="False" />
            <line number="94" hits="0" branch="True" condition-coverage="0% (0/2)">
              <conditions>
                <condition number="57" type="jump" coverage="0%" />
              </conditions>
            </line>
            <line number="95" hits="0" branch="False" />
            <line number="96" hits="0" branch="False" />
            <line number="99" hits="0" branch="False" />
            <line number="100" hits="0" branch="False" />
            <line number="103" hits="0" branch="False" />
            <line number="104" hits="0" branch="True" condition-coverage="0% (0/2)">
              <conditions>
                <condition number="11" type="jump" coverage="0%" />
              </conditions>
            </line>
            <line number="106" hits="0" branch="False" />
            <line number="107" hits="0" branch="False" />
            <line number="108" hits="0" branch="False" />
            <line number="109" hits="0" branch="False" />
            <line number="110" hits="0" branch="False" />
            <line number="111" hits="0" branch="False" />
            <line number="112" hits="0" branch="False" />
            <line number="113" hits="0" branch="False" />
            <line number="114" hits="0" branch="False" />
            <line number="116" hits="0" branch="False" />
            <line number="117" hits="0" branch="False" />
            <line number="118" hits="0" branch="False" />
            <line number="119" hits="0" branch="False" />
            <line number="120" hits="0" branch="False" />
            <line number="121" hits="0" branch="False" />
            <line number="122" hits="0" branch="False" />
            <line number="123" hits="0" branch="False" />
            <line number="124" hits="0" branch="False" />
            <line number="125" hits="0" branch="False" />
            <line number="14" hits="42" branch="False" />
            <line number="15" hits="42" branch="False" />
            <line number="16" hits="42" branch="False" />
            <line number="17" hits="42" branch="False" />
            <line number="18" hits="42" branch="False" />
            <line number="19" hits="42" branch="False" />
            <line number="20" hits="42" branch="False" />
            <line number="21" hits="42" branch="False" />
            <line number="22" hits="42" branch="False" />
          </lines>
        </class>
        <class name="PersonalFinanceCli.Application.CommandHandlers.SetDailyLimitHandler" filename="Application/CommandHandlers/SetDailyLimitHandler.cs" line-rate="1" branch-rate="0.625" complexity="9">
          <methods>
            <method name="Handle" signature="(System.Decimal)" line-rate="1" branch-rate="0.625" complexity="8">
              <lines>
                <line number="20" hits="6" branch="False" />
                <line number="21" hits="6" branch="True" condition-coverage="100% (2/2)">
                  <conditions>
                    <condition number="14" type="jump" coverage="100%" />
                  </conditions>
                </line>
                <line number="22" hits="1" branch="False" />
                <line number="23" hits="1" branch="False" />
                <line number="26" hits="5" branch="False" />
                <line number="27" hits="5" branch="True" condition-coverage="100% (2/2)">
                  <conditions>
                    <condition number="51" type="jump" coverage="100%" />
                  </conditions>
                </line>
                <line number="28" hits="1" branch="False" />
                <line number="29" hits="1" branch="False" />
                <line number="32" hits="4" branch="True" condition-coverage="25% (1/4)">
                  <conditions>
                    <condition number="77" type="jump" coverage="50%" />
                    <condition number="92" type="jump" coverage="0%" />
                  </conditions>
                </line>
                <line number="33" hits="4" branch="False" />
                <line number="34" hits="4" branch="False" />
                <line number="36" hits="4" branch="False" />
                <line number="37" hits="4" branch="False" />
              </lines>
            </method>
            <method name=".ctor" signature="(PersonalFinanceCli.Application.Repositories.ILimitRepository,PersonalFinanceCli.Application.Repositories.ICardRepository,PersonalFinanceCli.Infrastructure.Time.IClock)" line-rate="1" branch-rate="1" complexity="1">
              <lines>
                <line number="12" hits="42" branch="False" />
                <line number="13" hits="42" branch="False" />
                <line number="14" hits="42" branch="False" />
                <line number="15" hits="42" branch="False" />
                <line number="16" hits="42" branch="False" />
                <line number="17" hits="42" branch="False" />
              </lines>
            </method>
          </methods>
          <lines>
            <line number="20" hits="6" branch="False" />
            <line number="21" hits="6" branch="True" condition-coverage="100% (2/2)">
              <conditions>
                <condition number="14" type="jump" coverage="100%" />
              </conditions>
            </line>
            <line number="22" hits="1" branch="False" />
            <line number="23" hits="1" branch="False" />
            <line number="26" hits="5" branch="False" />
            <line number="27" hits="5" branch="True" condition-coverage="100% (2/2)">
              <conditions>
                <condition number="51" type="jump" coverage="100%" />
              </conditions>
            </line>
            <line number="28" hits="1" branch="False" />
            <line number="29" hits="1" branch="False" />
            <line number="32" hits="4" branch="True" condition-coverage="25% (1/4)">
              <conditions>
                <condition number="77" type="jump" coverage="50%" />
                <condition number="92" type="jump" coverage="0%" />
              </conditions>
            </line>
            <line number="33" hits="4" branch="False" />
            <line number="34" hits="4" branch="False" />
            <line number="36" hits="4" branch="False" />
            <line number="37" hits="4" branch="False" />
            <line number="12" hits="42" branch="False" />
            <line number="13" hits="42" branch="False" />
            <line number="14" hits="42" branch="False" />
            <line number="15" hits="42" branch="False" />
            <line number="16" hits="42" branch="False" />
            <line number="17" hits="42" branch="False" />
          </lines>
        </class>
        <class name="PersonalFinanceCli.Application.CommandHandlers.SetDefaultCardHandler" filename="Application/CommandHandlers/SetDefaultCardHandler.cs" line-rate="0.8181" branch-rate="0.5" complexity="3">
          <methods>
            <method name="Handle" signature="(System.Int32)" line-rate="0.7142000000000001" branch-rate="0.5" complexity="2">
              <lines>
                <line number="15" hits="3" branch="False" />
                <line number="16" hits="3" branch="False" />
                <line number="17" hits="3" branch="True" condition-coverage="50% (1/2)">
                  <conditions>
                    <condition number="20" type="jump" coverage="50%" />
                  </conditions>
                </line>
                <line number="18" hits="0" branch="False" />
                <line number="19" hits="0" branch="False" />
                <line number="22" hits="3" branch="False" />
                <line number="23" hits="3" branch="False" />
              </lines>
            </method>
            <method name=".ctor" signature="(PersonalFinanceCli.Application.Repositories.ICardRepository)" line-rate="1" branch-rate="1" complexity="1">
              <lines>
                <line number="9" hits="42" branch="False" />
                <line number="10" hits="42" branch="False" />
                <line number="11" hits="42" branch="False" />
                <line number="12" hits="42" branch="False" />
              </lines>
            </method>
          </methods>
          <lines>
            <line number="15" hits="3" branch="False" />
            <line number="16" hits="3" branch="False" />
            <line number="17" hits="3" branch="True" condition-coverage="50% (1/2)">
              <conditions>
                <condition number="20" type="jump" coverage="50%" />
              </conditions>
            </line>
            <line number="18" hits="0" branch="False" />
            <line number="19" hits="0" branch="False" />
            <line number="22" hits="3" branch="False" />
            <line number="23" hits="3" branch="False" />
            <line number="9" hits="42" branch="False" />
            <line number="10" hits="42" branch="False" />
            <line number="11" hits="42" branch="False" />
            <line number="12" hits="42" branch="False" />
          </lines>
        </class>
      </classes>
    </package>
  </packages>
</coverage>