<?xml version="1.0" encoding="utf-8"?>
<coverage line-rate="0.7852" branch-rate="0.7173" version="1.9" timestamp="1772550554" lines-covered="841" lines-valid="1071" branches-covered="264" branches-valid="368">
  <sources>
    <source>/Users/lidia/Work/ИПМКН/Duplicate and Conditions/PersonalFinanceCli/</source>
  </sources>
  <packages>
    <package name="PersonalFinanceCli" line-rate="0.7852" branch-rate="0.7173" complexity="439">
      <classes>
        <class name="PersonalFinanceCli.Program" filename="Program.cs" line-rate="0" branch-rate="0" complexity="2">
          <methods>
            <method name="Main" signature="(System.String[])" line-rate="0" branch-rate="0" complexity="2">
              <lines>
                <line number="13" hits="0" branch="False" />
                <line number="14" hits="0" branch="False" />
                <line number="15" hits="0" branch="False" />
                <line number="17" hits="0" branch="False" />
                <line number="18" hits="0" branch="False" />
                <line number="19" hits="0" branch="False" />
                <line number="20" hits="0" branch="False" />
                <line number="21" hits="0" branch="False" />
                <line number="23" hits="0" branch="False" />
                <line number="24" hits="0" branch="False" />
                <line number="25" hits="0" branch="False" />
                <line number="26" hits="0" branch="False" />
                <line number="27" hits="0" branch="False" />
                <line number="28" hits="0" branch="False" />
                <line number="29" hits="0" branch="False" />
                <line number="31" hits="0" branch="False" />
                <line number="32" hits="0" branch="False" />
                <line number="33" hits="0" branch="False" />
                <line number="34" hits="0" branch="False" />
                <line number="35" hits="0" branch="False" />
                <line number="36" hits="0" branch="False" />
                <line number="37" hits="0" branch="False" />
                <line number="38" hits="0" branch="False" />
                <line number="39" hits="0" branch="False" />
                <line number="40" hits="0" branch="False" />
                <line number="41" hits="0" branch="False" />
                <line number="42" hits="0" branch="False" />
                <line number="44" hits="0" branch="True" condition-coverage="0% (0/2)">
                  <conditions>
                    <condition number="173" type="jump" coverage="0%" />
                  </conditions>
                </line>
                <line number="45" hits="0" branch="False" />
                <line number="46" hits="0" branch="False" />
                <line number="49" hits="0" branch="False" />
                <line number="50" hits="0" branch="False" />
                <line number="51" hits="0" branch="False" />
              </lines>
            </method>
          </methods>
          <lines>
            <line number="13" hits="0" branch="False" />
            <line number="14" hits="0" branch="False" />
            <line number="15" hits="0" branch="False" />
            <line number="17" hits="0" branch="False" />
            <line number="18" hits="0" branch="False" />
            <line number="19" hits="0" branch="False" />
            <line number="20" hits="0" branch="False" />
            <line number="21" hits="0" branch="False" />
            <line number="23" hits="0" branch="False" />
            <line number="24" hits="0" branch="False" />
            <line number="25" hits="0" branch="False" />
            <line number="26" hits="0" branch="False" />
            <line number="27" hits="0" branch="False" />
            <line number="28" hits="0" branch="False" />
            <line number="29" hits="0" branch="False" />
            <line number="31" hits="0" branch="False" />
            <line number="32" hits="0" branch="False" />
            <line number="33" hits="0" branch="False" />
            <line number="34" hits="0" branch="False" />
            <line number="35" hits="0" branch="False" />
            <line number="36" hits="0" branch="False" />
            <line number="37" hits="0" branch="False" />
            <line number="38" hits="0" branch="False" />
            <line number="39" hits="0" branch="False" />
            <line number="40" hits="0" branch="False" />
            <line number="41" hits="0" branch="False" />
            <line number="42" hits="0" branch="False" />
            <line number="44" hits="0" branch="True" condition-coverage="0% (0/2)">
              <conditions>
                <condition number="173" type="jump" coverage="0%" />
              </conditions>
            </line>
            <line number="45" hits="0" branch="False" />
            <line number="46" hits="0" branch="False" />
            <line number="49" hits="0" branch="False" />
            <line number="50" hits="0" branch="False" />
            <line number="51" hits="0" branch="False" />
          </lines>
        </class>
        <class name="PersonalFinanceCli.Presentation.Rendering.ConsoleUi" filename="Presentation/Rendering/ConsoleUi.cs" line-rate="0.6970999999999999" branch-rate="0.5972" complexity="147">
          <methods>
            <method name="Execute" signature="(System.String[])" line-rate="1" branch-rate="1" complexity="1">
              <lines>
                <line number="51" hits="60" branch="False" />
                <line number="53" hits="60" branch="False" />
                <line number="54" hits="60" branch="False" />
                <line number="55" hits="59" branch="False" />
                <line number="56" hits="52" branch="False" />
                <line number="58" hits="8" branch="False" />
                <line number="59" hits="8" branch="False" />
                <line number="60" hits="8" branch="False" />
                <line number="61" hits="8" branch="False" />
                <line number="63" hits="60" branch="False" />
              </lines>
            </method>
            <method name="RunInteractiveLoop" signature="()" line-rate="0.875" branch-rate="0.9" complexity="10">
              <lines>
                <line number="66" hits="5" branch="False" />
                <line number="67" hits="13" branch="False" />
                <line number="68" hits="13" branch="False" />
                <line number="69" hits="13" branch="False" />
                <line number="70" hits="13" branch="False" />
                <line number="71" hits="13" branch="True" condition-coverage="50% (1/2)">
                  <conditions>
                    <condition number="42" type="jump" coverage="50%" />
                  </conditions>
                </line>
                <line number="72" hits="0" branch="False" />
                <line number="73" hits="0" branch="False" />
                <line number="76" hits="13" branch="True" condition-coverage="100% (2/2)">
                  <conditions>
                    <condition number="58" type="jump" coverage="100%" />
                  </conditions>
                </line>
                <line number="77" hits="1" branch="False" />
                <line number="78" hits="1" branch="False" />
                <line number="81" hits="12" branch="True" condition-coverage="100% (2/2)">
                  <conditions>
                    <condition number="80" type="jump" coverage="100%" />
                  </conditions>
                </line>
                <line number="82" hits="5" branch="False" />
                <line number="83" hits="5" branch="False" />
                <line number="86" hits="7" branch="True" condition-coverage="100% (2/2)">
                  <conditions>
                    <condition number="104" type="jump" coverage="100%" />
                  </conditions>
                </line>
                <line number="87" hits="1" branch="False" />
                <line number="88" hits="1" branch="False" />
                <line number="89" hits="1" branch="False" />
                <line number="92" hits="6" branch="True" condition-coverage="100% (2/2)">
                  <conditions>
                    <condition number="127" type="jump" coverage="100%" />
                  </conditions>
                </line>
                <line number="93" hits="5" branch="False" />
                <line number="94" hits="5" branch="False" />
                <line number="98" hits="1" branch="False" />
                <line number="99" hits="1" branch="False" />
                <line number="100" hits="0" branch="False" />
                <line number="101" hits="0" branch="False" />
                <line number="102" hits="1" branch="False" />
                <line number="103" hits="1" branch="False" />
                <line number="104" hits="1" branch="False" />
                <line number="105" hits="1" branch="False" />
                <line number="106" hits="1" branch="False" />
                <line number="107" hits="1" branch="False" />
                <line number="108" hits="5" branch="False" />
              </lines>
            </method>
            <method name="TryHandleWizard" signature="(System.String)" line-rate="0.64" branch-rate="0.44439999999999996" complexity="18">
              <lines>
                <line number="111" hits="6" branch="False" />
                <line number="112" hits="6" branch="False" />
                <line number="113" hits="6" branch="True" condition-coverage="100% (2/2)">
                  <conditions>
                    <condition number="19" type="jump" coverage="100%" />
                  </conditions>
                </line>
                <line number="114" hits="1" branch="False" />
                <line number="115" hits="1" branch="False" />
                <line number="118" hits="5" branch="False" />
                <line number="119" hits="5" branch="False" />
                <line number="120" hits="5" branch="True" condition-coverage="100% (4/4)">
                  <conditions>
                    <condition number="67" type="jump" coverage="100%" />
                    <condition number="87" type="jump" coverage="100%" />
                  </conditions>
                </line>
                <line number="121" hits="3" branch="False" />
                <line number="122" hits="3" branch="False" />
                <line number="123" hits="3" branch="False" />
                <line number="126" hits="2" branch="True" condition-coverage="50% (2/4)">
                  <conditions>
                    <condition number="117" type="jump" coverage="50%" />
                    <condition number="137" type="jump" coverage="50%" />
                  </conditions>
                </line>
                <line number="127" hits="2" branch="False" />
                <line number="128" hits="2" branch="False" />
                <line number="129" hits="2" branch="False" />
                <line number="132" hits="0" branch="True" condition-coverage="0% (0/4)">
                  <conditions>
                    <condition number="164" type="jump" coverage="0%" />
                    <condition number="184" type="jump" coverage="0%" />
                  </conditions>
                </line>
                <line number="133" hits="0" branch="False" />
                <line number="134" hits="0" branch="False" />
                <line number="135" hits="0" branch="False" />
                <line number="138" hits="0" branch="True" condition-coverage="0% (0/4)">
                  <conditions>
                    <condition number="211" type="jump" coverage="0%" />
                    <condition number="231" type="jump" coverage="0%" />
                  </conditions>
                </line>
                <line number="139" hits="0" branch="False" />
                <line number="140" hits="0" branch="False" />
                <line number="141" hits="0" branch="False" />
                <line number="144" hits="0" branch="False" />
                <line number="145" hits="6" branch="False" />
              </lines>
            </method>
            <method name="HandleCardAddWizard" signature="(System.Collections.Generic.IReadOnlyList`1&lt;System.String&gt;)" line-rate="0.7058" branch-rate="0.5" complexity="6">
              <lines>
                <line number="148" hits="3" branch="False" />
                <line number="150" hits="3" branch="False" />
                <line number="151" hits="3" branch="True" condition-coverage="50% (1/2)">
                  <conditions>
                    <condition number="10" type="jump" coverage="50%" />
                  </conditions>
                </line>
                <line number="152" hits="3" branch="True" condition-coverage="50% (1/2)">
                  <conditions>
                    <condition number="41" type="jump" coverage="50%" />
                  </conditions>
                </line>
                <line number="153" hits="2" branch="True" condition-coverage="50% (1/2)">
                  <conditions>
                    <condition number="67" type="jump" coverage="50%" />
                  </conditions>
                </line>
                <line number="154" hits="2" branch="False" />
                <line number="155" hits="2" branch="False" />
                <line number="156" hits="1" branch="False" />
                <line number="157" hits="1" branch="False" />
                <line number="158" hits="1" branch="False" />
                <line number="159" hits="1" branch="False" />
                <line number="160" hits="0" branch="False" />
                <line number="161" hits="0" branch="False" />
                <line number="162" hits="0" branch="False" />
                <line number="163" hits="0" branch="False" />
                <line number="164" hits="0" branch="False" />
                <line number="165" hits="3" branch="False" />
              </lines>
            </method>
            <method name="HandleExpenseAddWizard" signature="(System.Collections.Generic.IReadOnlyList`1&lt;System.String&gt;)" line-rate="0.45159999999999995" branch-rate="0.5" complexity="10">
              <lines>
                <line number="168" hits="2" branch="False" />
                <line number="170" hits="2" branch="False" />
                <line number="171" hits="2" branch="True" condition-coverage="50% (1/2)">
                  <conditions>
                    <condition number="10" type="jump" coverage="50%" />
                  </conditions>
                </line>
                <line number="173" hits="2" branch="True" condition-coverage="50% (1/2)">
                  <conditions>
                    <condition number="40" type="jump" coverage="50%" />
                  </conditions>
                </line>
                <line number="174" hits="2" branch="False" />
                <line number="175" hits="2" branch="True" condition-coverage="50% (2/4)">
                  <conditions>
                    <condition number="56" type="jump" coverage="50%" />
                    <condition number="77" type="jump" coverage="50%" />
                  </conditions>
                </line>
                <line number="176" hits="0" branch="False" />
                <line number="177" hits="0" branch="False" />
                <line number="178" hits="0" branch="False" />
                <line number="179" hits="0" branch="False" />
                <line number="181" hits="2" branch="False" />
                <line number="182" hits="2" branch="True" condition-coverage="50% (1/2)">
                  <conditions>
                    <condition number="110" type="jump" coverage="50%" />
                  </conditions>
                </line>
                <line number="183" hits="0" branch="False" />
                <line number="184" hits="0" branch="False" />
                <line number="185" hits="0" branch="False" />
                <line number="186" hits="0" branch="False" />
                <line number="189" hits="2" branch="False" />
                <line number="190" hits="2" branch="False" />
                <line number="191" hits="2" branch="False" />
                <line number="192" hits="2" branch="False" />
                <line number="193" hits="2" branch="False" />
                <line number="194" hits="0" branch="False" />
                <line number="195" hits="0" branch="False" />
                <line number="196" hits="0" branch="False" />
                <line number="197" hits="0" branch="False" />
                <line number="198" hits="0" branch="False" />
                <line number="199" hits="0" branch="False" />
                <line number="200" hits="0" branch="False" />
                <line number="201" hits="0" branch="False" />
                <line number="202" hits="0" branch="False" />
                <line number="203" hits="2" branch="False" />
              </lines>
            </method>
            <method name="HandleIncomeAddWizard" signature="(System.Collections.Generic.IReadOnlyList`1&lt;System.String&gt;)" line-rate="0" branch-rate="0" complexity="10">
              <lines>
                <line number="206" hits="0" branch="False" />
                <line number="208" hits="0" branch="False" />
                <line number="209" hits="0" branch="True" condition-coverage="0% (0/2)">
                  <conditions>
                    <condition number="10" type="jump" coverage="0%" />
                  </conditions>
                </line>
                <line number="211" hits="0" branch="True" condition-coverage="0% (0/2)">
                  <conditions>
                    <condition number="40" type="jump" coverage="0%" />
                  </conditions>
                </line>
                <line number="212" hits="0" branch="False" />
                <line number="213" hits="0" branch="True" condition-coverage="0% (0/4)">
                  <conditions>
                    <condition number="56" type="jump" coverage="0%" />
                    <condition number="77" type="jump" coverage="0%" />
                  </conditions>
                </line>
                <line number="214" hits="0" branch="False" />
                <line number="215" hits="0" branch="False" />
                <line number="216" hits="0" branch="False" />
                <line number="217" hits="0" branch="False" />
                <line number="219" hits="0" branch="False" />
                <line number="220" hits="0" branch="True" condition-coverage="0% (0/2)">
                  <conditions>
                    <condition number="110" type="jump" coverage="0%" />
                  </conditions>
                </line>
                <line number="221" hits="0" branch="False" />
                <line number="222" hits="0" branch="False" />
                <line number="223" hits="0" branch="False" />
                <line number="224" hits="0" branch="False" />
                <line number="227" hits="0" branch="False" />
                <line number="228" hits="0" branch="False" />
                <line number="229" hits="0" branch="False" />
                <line number="230" hits="0" branch="False" />
                <line number="231" hits="0" branch="False" />
                <line number="232" hits="0" branch="False" />
                <line number="233" hits="0" branch="False" />
                <line number="234" hits="0" branch="False" />
                <line number="235" hits="0" branch="False" />
                <line number="236" hits="0" branch="False" />
                <line number="237" hits="0" branch="False" />
                <line number="238" hits="0" branch="False" />
                <line number="239" hits="0" branch="False" />
                <line number="240" hits="0" branch="False" />
                <line number="241" hits="0" branch="False" />
              </lines>
            </method>
            <method name="HandleLimitSetWizard" signature="(System.Collections.Generic.IReadOnlyList`1&lt;System.String&gt;)" line-rate="0" branch-rate="0" complexity="2">
              <lines>
                <line number="244" hits="0" branch="False" />
                <line number="246" hits="0" branch="False" />
                <line number="247" hits="0" branch="True" condition-coverage="0% (0/2)">
                  <conditions>
                    <condition number="10" type="jump" coverage="0%" />
                  </conditions>
                </line>
                <line number="248" hits="0" branch="False" />
                <line number="249" hits="0" branch="False" />
                <line number="250" hits="0" branch="False" />
                <line number="251" hits="0" branch="False" />
                <line number="252" hits="0" branch="False" />
                <line number="253" hits="0" branch="False" />
                <line number="254" hits="0" branch="False" />
                <line number="255" hits="0" branch="False" />
                <line number="256" hits="0" branch="False" />
                <line number="257" hits="0" branch="False" />
                <line number="258" hits="0" branch="False" />
                <line number="259" hits="0" branch="False" />
              </lines>
            </method>
            <method name="ExecuteParsedCommand" signature="(PersonalFinanceCli.Presentation.Parsing.ParsedCommand)" line-rate="0.9642000000000001" branch-rate="0.9444" complexity="18">
              <lines>
                <line number="262" hits="63" branch="False" />
                <line number="263" hits="63" branch="False" />
                <line number="265" hits="63" branch="True" condition-coverage="92.85% (13/14)">
                  <conditions>
                    <condition number="19" type="jump" coverage="100%" />
                    <condition number="28" type="jump" coverage="100%" />
                    <condition number="39" type="jump" coverage="100%" />
                    <condition number="50" type="jump" coverage="100%" />
                    <condition number="63" type="jump" coverage="100%" />
                    <condition number="75" type="jump" coverage="100%" />
                    <condition number="91" type="jump" coverage="50%" />
                  </conditions>
                </line>
                <line number="268" hits="25" branch="False" />
                <line number="269" hits="24" branch="False" />
                <line number="270" hits="24" branch="False" />
                <line number="272" hits="1" branch="False" />
                <line number="273" hits="1" branch="False" />
                <line number="275" hits="3" branch="False" />
                <line number="276" hits="3" branch="False" />
                <line number="277" hits="3" branch="False" />
                <line number="279" hits="20" branch="False" />
                <line number="280" hits="16" branch="False" />
                <line number="281" hits="16" branch="False" />
                <line number="283" hits="6" branch="False" />
                <line number="284" hits="4" branch="False" />
                <line number="285" hits="4" branch="False" />
                <line number="287" hits="2" branch="False" />
                <line number="288" hits="2" branch="False" />
                <line number="290" hits="6" branch="True" condition-coverage="100% (2/2)">
                  <conditions>
                    <condition number="291" type="jump" coverage="100%" />
                  </conditions>
                </line>
                <line number="291" hits="6" branch="False" />
                <line number="293" hits="0" branch="False" />
                <line number="296" hits="56" branch="True" condition-coverage="100% (2/2)">
                  <conditions>
                    <condition number="337" type="jump" coverage="100%" />
                  </conditions>
                </line>
                <line number="297" hits="47" branch="False" />
                <line number="298" hits="47" branch="False" />
                <line number="299" hits="47" branch="False" />
                <line number="300" hits="47" branch="False" />
                <line number="301" hits="56" branch="False" />
              </lines>
            </method>
            <method name="PrintHelp" signature="()" line-rate="1" branch-rate="1" complexity="1">
              <lines>
                <line number="304" hits="1" branch="False" />
                <line number="305" hits="1" branch="False" />
                <line number="306" hits="1" branch="False" />
                <line number="307" hits="1" branch="False" />
                <line number="308" hits="1" branch="False" />
                <line number="309" hits="1" branch="False" />
                <line number="310" hits="1" branch="False" />
                <line number="311" hits="1" branch="False" />
                <line number="312" hits="1" branch="False" />
                <line number="313" hits="1" branch="False" />
                <line number="314" hits="1" branch="False" />
                <line number="315" hits="1" branch="False" />
                <line number="316" hits="1" branch="False" />
                <line number="317" hits="1" branch="False" />
                <line number="318" hits="1" branch="False" />
                <line number="319" hits="1" branch="False" />
                <line number="320" hits="1" branch="False" />
              </lines>
            </method>
            <method name="PrintCards" signature="()" line-rate="0.7692" branch-rate="0.8332999999999999" complexity="6">
              <lines>
                <line number="323" hits="1" branch="False" />
                <line number="324" hits="1" branch="False" />
                <line number="325" hits="1" branch="True" condition-coverage="50% (1/2)">
                  <conditions>
                    <condition number="24" type="jump" coverage="50%" />
                  </conditions>
                </line>
                <line number="326" hits="0" branch="False" />
                <line number="327" hits="0" branch="False" />
                <line number="328" hits="0" branch="False" />
                <line number="331" hits="1" branch="False" />
                <line number="332" hits="7" branch="True" condition-coverage="100% (2/2)">
                  <conditions>
                    <condition number="267" type="jump" coverage="100%" />
                  </conditions>
                </line>
                <line number="333" hits="2" branch="False" />
                <line number="334" hits="2" branch="True" condition-coverage="100% (2/2)">
                  <conditions>
                    <condition number="93" type="jump" coverage="100%" />
                  </conditions>
                </line>
                <line number="335" hits="2" branch="False" />
                <line number="336" hits="2" branch="False" />
                <line number="337" hits="1" branch="False" />
              </lines>
            </method>
            <method name="ShowLimit" signature="()" line-rate="1" branch-rate="0.5" complexity="6">
              <lines>
                <line number="340" hits="2" branch="False" />
                <line number="341" hits="2" branch="False" />
                <line number="342" hits="2" branch="False" />
                <line number="344" hits="2" branch="True" condition-coverage="100% (2/2)">
                  <conditions>
                    <condition number="34" type="jump" coverage="100%" />
                  </conditions>
                </line>
                <line number="345" hits="1" branch="False" />
                <line number="346" hits="1" branch="False" />
                <line number="347" hits="1" branch="False" />
                <line number="350" hits="1" branch="False" />
                <line number="351" hits="2" branch="True" condition-coverage="25% (1/4)">
                  <conditions>
                    <condition number="109" type="jump" coverage="50%" />
                    <condition number="119" type="jump" coverage="0%" />
                  </conditions>
                </line>
                <line number="352" hits="1" branch="False" />
                <line number="353" hits="1" branch="False" />
                <line number="355" hits="1" branch="False" />
                <line number="356" hits="2" branch="False" />
              </lines>
            </method>
            <method name="AskRequiredText" signature="(System.String,System.String)" line-rate="0.7368000000000001" branch-rate="0.6666" complexity="6">
              <lines>
                <line number="359" hits="5" branch="False" />
                <line number="360" hits="5" branch="False" />
                <line number="361" hits="5" branch="False" />
                <line number="362" hits="5" branch="False" />
                <line number="363" hits="5" branch="True" condition-coverage="100% (2/2)">
                  <conditions>
                    <condition number="12" type="jump" coverage="100%" />
                  </conditions>
                </line>
                <line number="364" hits="5" branch="False" />
                <line number="365" hits="5" branch="False" />
                <line number="366" hits="5" branch="False" />
                <line number="367" hits="5" branch="False" />
                <line number="369" hits="5" branch="True" condition-coverage="50% (1/2)">
                  <conditions>
                    <condition number="60" type="jump" coverage="50%" />
                  </conditions>
                </line>
                <line number="370" hits="0" branch="False" />
                <line number="371" hits="0" branch="False" />
                <line number="374" hits="5" branch="True" condition-coverage="50% (1/2)">
                  <conditions>
                    <condition number="80" type="jump" coverage="50%" />
                  </conditions>
                </line>
                <line number="375" hits="5" branch="False" />
                <line number="376" hits="5" branch="False" />
                <line number="379" hits="0" branch="False" />
                <line number="380" hits="0" branch="False" />
                <line number="381" hits="0" branch="False" />
                <line number="382" hits="5" branch="False" />
              </lines>
            </method>
            <method name="AskRequiredDecimal" signature="(System.String,System.String)" line-rate="0.8946999999999999" branch-rate="0.8332999999999999" complexity="6">
              <lines>
                <line number="385" hits="2" branch="False" />
                <line number="386" hits="2" branch="False" />
                <line number="387" hits="3" branch="False" />
                <line number="388" hits="3" branch="False" />
                <line number="389" hits="3" branch="True" condition-coverage="100% (2/2)">
                  <conditions>
                    <condition number="12" type="jump" coverage="100%" />
                  </conditions>
                </line>
                <line number="390" hits="3" branch="False" />
                <line number="391" hits="3" branch="False" />
                <line number="392" hits="3" branch="False" />
                <line number="393" hits="3" branch="False" />
                <line number="395" hits="3" branch="True" condition-coverage="50% (1/2)">
                  <conditions>
                    <condition number="60" type="jump" coverage="50%" />
                  </conditions>
                </line>
                <line number="396" hits="0" branch="False" />
                <line number="397" hits="0" branch="False" />
                <line number="400" hits="3" branch="True" condition-coverage="100% (2/2)">
                  <conditions>
                    <condition number="81" type="jump" coverage="100%" />
                  </conditions>
                </line>
                <line number="401" hits="2" branch="False" />
                <line number="402" hits="2" branch="False" />
                <line number="405" hits="1" branch="False" />
                <line number="406" hits="1" branch="False" />
                <line number="407" hits="1" branch="False" />
                <line number="408" hits="2" branch="False" />
              </lines>
            </method>
            <method name="AskOptionalDecimal" signature="(System.String,System.String)" line-rate="0.7726999999999999" branch-rate="0.75" complexity="8">
              <lines>
                <line number="411" hits="2" branch="False" />
                <line number="412" hits="2" branch="False" />
                <line number="413" hits="2" branch="False" />
                <line number="414" hits="2" branch="False" />
                <line number="415" hits="2" branch="True" condition-coverage="100% (2/2)">
                  <conditions>
                    <condition number="15" type="jump" coverage="100%" />
                  </conditions>
                </line>
                <line number="416" hits="2" branch="False" />
                <line number="417" hits="2" branch="False" />
                <line number="418" hits="2" branch="False" />
                <line number="419" hits="2" branch="False" />
                <line number="421" hits="2" branch="True" condition-coverage="50% (1/2)">
                  <conditions>
                    <condition number="63" type="jump" coverage="50%" />
                  </conditions>
                </line>
                <line number="422" hits="0" branch="False" />
                <line number="423" hits="0" branch="False" />
                <line number="426" hits="2" branch="True" condition-coverage="100% (2/2)">
                  <conditions>
                    <condition number="82" type="jump" coverage="100%" />
                  </conditions>
                </line>
                <line number="427" hits="1" branch="False" />
                <line number="428" hits="1" branch="False" />
                <line number="431" hits="1" branch="True" condition-coverage="50% (1/2)">
                  <conditions>
                    <condition number="111" type="jump" coverage="50%" />
                  </conditions>
                </line>
                <line number="432" hits="1" branch="False" />
                <line number="433" hits="1" branch="False" />
                <line number="436" hits="0" branch="False" />
                <line number="437" hits="0" branch="False" />
                <line number="438" hits="0" branch="False" />
                <line number="439" hits="2" branch="False" />
              </lines>
            </method>
            <method name="AskOptionalInt" signature="(System.String,System.String)" line-rate="0.909" branch-rate="0.875" complexity="8">
              <lines>
                <line number="442" hits="2" branch="False" />
                <line number="443" hits="2" branch="False" />
                <line number="444" hits="3" branch="False" />
                <line number="445" hits="3" branch="False" />
                <line number="446" hits="3" branch="True" condition-coverage="100% (2/2)">
                  <conditions>
                    <condition number="15" type="jump" coverage="100%" />
                  </conditions>
                </line>
                <line number="447" hits="3" branch="False" />
                <line number="448" hits="3" branch="False" />
                <line number="449" hits="3" branch="False" />
                <line number="450" hits="3" branch="False" />
                <line number="452" hits="3" branch="True" condition-coverage="50% (1/2)">
                  <conditions>
                    <condition number="63" type="jump" coverage="50%" />
                  </conditions>
                </line>
                <line number="453" hits="0" branch="False" />
                <line number="454" hits="0" branch="False" />
                <line number="457" hits="3" branch="True" condition-coverage="100% (2/2)">
                  <conditions>
                    <condition number="82" type="jump" coverage="100%" />
                  </conditions>
                </line>
                <line number="458" hits="1" branch="False" />
                <line number="459" hits="1" branch="False" />
                <line number="462" hits="2" branch="True" condition-coverage="100% (2/2)">
                  <conditions>
                    <condition number="111" type="jump" coverage="100%" />
                  </conditions>
                </line>
                <line number="463" hits="1" branch="False" />
                <line number="464" hits="1" branch="False" />
                <line number="467" hits="1" branch="False" />
                <line number="468" hits="1" branch="False" />
                <line number="469" hits="1" branch="False" />
                <line number="470" hits="2" branch="False" />
              </lines>
            </method>
            <method name="AskOptionalDate" signature="(System.String,System.String)" line-rate="0.8181" branch-rate="0.75" complexity="8">
              <lines>
                <line number="473" hits="2" branch="False" />
                <line number="474" hits="2" branch="False" />
                <line number="475" hits="3" branch="False" />
                <line number="476" hits="3" branch="False" />
                <line number="477" hits="3" branch="True" condition-coverage="100% (2/2)">
                  <conditions>
                    <condition number="15" type="jump" coverage="100%" />
                  </conditions>
                </line>
                <line number="478" hits="3" branch="False" />
                <line number="479" hits="3" branch="False" />
                <line number="480" hits="3" branch="False" />
                <line number="481" hits="3" branch="False" />
                <line number="483" hits="3" branch="True" condition-coverage="50% (1/2)">
                  <conditions>
                    <condition number="63" type="jump" coverage="50%" />
                  </conditions>
                </line>
                <line number="484" hits="0" branch="False" />
                <line number="485" hits="0" branch="False" />
                <line number="488" hits="3" branch="True" condition-coverage="50% (1/2)">
                  <conditions>
                    <condition number="82" type="jump" coverage="50%" />
                  </conditions>
                </line>
                <line number="489" hits="0" branch="False" />
                <line number="490" hits="0" branch="False" />
                <line number="493" hits="3" branch="True" condition-coverage="100% (2/2)">
                  <conditions>
                    <condition number="111" type="jump" coverage="100%" />
                  </conditions>
                </line>
                <line number="494" hits="2" branch="False" />
                <line number="495" hits="2" branch="False" />
                <line number="498" hits="1" branch="False" />
                <line number="499" hits="1" branch="False" />
                <line number="500" hits="1" branch="False" />
                <line number="501" hits="2" branch="False" />
              </lines>
            </method>
            <method name="AskCurrency" signature="(System.String)" line-rate="1" branch-rate="1" complexity="6">
              <lines>
                <line number="504" hits="3" branch="False" />
                <line number="505" hits="3" branch="False" />
                <line number="506" hits="4" branch="False" />
                <line number="507" hits="4" branch="False" />
                <line number="508" hits="4" branch="True" condition-coverage="100% (2/2)">
                  <conditions>
                    <condition number="12" type="jump" coverage="100%" />
                  </conditions>
                </line>
                <line number="509" hits="4" branch="False" />
                <line number="510" hits="4" branch="False" />
                <line number="511" hits="4" branch="False" />
                <line number="512" hits="4" branch="False" />
                <line number="514" hits="4" branch="True" condition-coverage="100% (2/2)">
                  <conditions>
                    <condition number="54" type="jump" coverage="100%" />
                  </conditions>
                </line>
                <line number="515" hits="1" branch="False" />
                <line number="516" hits="1" branch="False" />
                <line number="519" hits="3" branch="True" condition-coverage="100% (2/2)">
                  <conditions>
                    <condition number="74" type="jump" coverage="100%" />
                  </conditions>
                </line>
                <line number="520" hits="2" branch="False" />
                <line number="521" hits="2" branch="False" />
                <line number="524" hits="1" branch="False" />
                <line number="525" hits="1" branch="False" />
                <line number="526" hits="1" branch="False" />
                <line number="527" hits="2" branch="False" />
              </lines>
            </method>
            <method name="ReadWizardAnswer" signature="()" line-rate="0.7142000000000001" branch-rate="0.5" complexity="2">
              <lines>
                <line number="530" hits="20" branch="False" />
                <line number="531" hits="20" branch="False" />
                <line number="532" hits="20" branch="True" condition-coverage="50% (1/2)">
                  <conditions>
                    <condition number="19" type="jump" coverage="50%" />
                  </conditions>
                </line>
                <line number="533" hits="0" branch="False" />
                <line number="534" hits="0" branch="False" />
                <line number="537" hits="20" branch="False" />
                <line number="538" hits="20" branch="False" />
              </lines>
            </method>
            <method name="ParseWizardTransactionOptions" signature="(System.Collections.Generic.IReadOnlyList`1&lt;System.String&gt;,System.Int32)" line-rate="0.2758" branch-rate="0.07139999999999999" complexity="14">
              <lines>
                <line number="541" hits="2" branch="False" />
                <line number="542" hits="2" branch="False" />
                <line number="543" hits="2" branch="False" />
                <line number="544" hits="2" branch="False" />
                <line number="546" hits="2" branch="False" />
                <line number="547" hits="2" branch="True" condition-coverage="50% (1/2)">
                  <conditions>
                    <condition number="210" type="jump" coverage="50%" />
                  </conditions>
                </line>
                <line number="548" hits="0" branch="False" />
                <line number="549" hits="0" branch="False" />
                <line number="550" hits="0" branch="True" condition-coverage="0% (0/2)">
                  <conditions>
                    <condition number="40" type="jump" coverage="0%" />
                  </conditions>
                </line>
                <line number="551" hits="0" branch="False" />
                <line number="552" hits="0" branch="False" />
                <line number="553" hits="0" branch="True" condition-coverage="0% (0/2)">
                  <conditions>
                    <condition number="54" type="jump" coverage="0%" />
                  </conditions>
                </line>
                <line number="554" hits="0" branch="False" />
                <line number="555" hits="0" branch="True" condition-coverage="0% (0/2)">
                  <conditions>
                    <condition number="86" type="jump" coverage="0%" />
                  </conditions>
                </line>
                <line number="556" hits="0" branch="False" />
                <line number="557" hits="0" branch="False" />
                <line number="558" hits="0" branch="True" condition-coverage="0% (0/2)">
                  <conditions>
                    <condition number="100" type="jump" coverage="0%" />
                  </conditions>
                </line>
                <line number="559" hits="0" branch="False" />
                <line number="560" hits="0" branch="True" condition-coverage="0% (0/2)">
                  <conditions>
                    <condition number="132" type="jump" coverage="0%" />
                  </conditions>
                </line>
                <line number="561" hits="0" branch="False" />
                <line number="562" hits="0" branch="False" />
                <line number="563" hits="0" branch="True" condition-coverage="0% (0/2)">
                  <conditions>
                    <condition number="146" type="jump" coverage="0%" />
                  </conditions>
                </line>
                <line number="564" hits="0" branch="False" />
                <line number="566" hits="0" branch="False" />
                <line number="567" hits="0" branch="False" />
                <line number="570" hits="0" branch="False" />
                <line number="571" hits="0" branch="False" />
                <line number="573" hits="2" branch="False" />
                <line number="574" hits="2" branch="False" />
              </lines>
            </method>
            <method name=".ctor" signature="(PersonalFinanceCli.Presentation.Parsing.CommandParser,PersonalFinanceCli.Application.CommandHandlers.AddCardHandler,PersonalFinanceCli.Application.CommandHandlers.SetDefaultCardHandler,PersonalFinanceCli.Application.CommandHandlers.AddTransactionHandler,PersonalFinanceCli.Application.CommandHandlers.SetDailyLimitHandler,PersonalFinanceCli.Domain.Services.DailyReportService,PersonalFinanceCli.Presentation.Rendering.ReportPrinter,PersonalFinanceCli.Application.Repositories.ICardRepository,PersonalFinanceCli.Application.Repositories.ILimitRepository,PersonalFinanceCli.Infrastructure.Time.IClock,PersonalFinanceCli.Presentation.Rendering.IConsole)" line-rate="1" branch-rate="1" complexity="1">
              <lines>
                <line number="24" hits="27" branch="False" />
                <line number="25" hits="27" branch="False" />
                <line number="26" hits="27" branch="False" />
                <line number="27" hits="27" branch="False" />
                <line number="28" hits="27" branch="False" />
                <line number="29" hits="27" branch="False" />
                <line number="30" hits="27" branch="False" />
                <line number="31" hits="27" branch="False" />
                <line number="32" hits="27" branch="False" />
                <line number="33" hits="27" branch="False" />
                <line number="34" hits="27" branch="False" />
                <line number="35" hits="27" branch="False" />
                <line number="36" hits="27" branch="False" />
                <line number="37" hits="27" branch="False" />
                <line number="38" hits="27" branch="False" />
                <line number="39" hits="27" branch="False" />
                <line number="40" hits="27" branch="False" />
                <line number="41" hits="27" branch="False" />
                <line number="42" hits="27" branch="False" />
                <line number="43" hits="27" branch="False" />
                <line number="44" hits="27" branch="False" />
                <line number="45" hits="27" branch="False" />
                <line number="46" hits="27" branch="False" />
                <line number="47" hits="27" branch="False" />
                <line number="48" hits="27" branch="False" />
              </lines>
            </method>
          </methods>
          <lines>
            <line number="51" hits="60" branch="False" />
            <line number="53" hits="60" branch="False" />
            <line number="54" hits="60" branch="False" />
            <line number="55" hits="59" branch="False" />
            <line number="56" hits="52" branch="False" />
            <line number="58" hits="8" branch="False" />
            <line number="59" hits="8" branch="False" />
            <line number="60" hits="8" branch="False" />
            <line number="61" hits="8" branch="False" />
            <line number="63" hits="60" branch="False" />
            <line number="66" hits="5" branch="False" />
            <line number="67" hits="13" branch="False" />
            <line number="68" hits="13" branch="False" />
            <line number="69" hits="13" branch="False" />
            <line number="70" hits="13" branch="False" />
            <line number="71" hits="13" branch="True" condition-coverage="50% (1/2)">
              <conditions>
                <condition number="42" type="jump" coverage="50%" />
              </conditions>
            </line>
            <line number="72" hits="0" branch="False" />
            <line number="73" hits="0" branch="False" />
            <line number="76" hits="13" branch="True" condition-coverage="100% (2/2)">
              <conditions>
                <condition number="58" type="jump" coverage="100%" />
              </conditions>
            </line>
            <line number="77" hits="1" branch="False" />
            <line number="78" hits="1" branch="False" />
            <line number="81" hits="12" branch="True" condition-coverage="100% (2/2)">
              <conditions>
                <condition number="80" type="jump" coverage="100%" />
              </conditions>
            </line>
            <line number="82" hits="5" branch="False" />
            <line number="83" hits="5" branch="False" />
            <line number="86" hits="7" branch="True" condition-coverage="100% (2/2)">
              <conditions>
                <condition number="104" type="jump" coverage="100%" />
              </conditions>
            </line>
            <line number="87" hits="1" branch="False" />
            <line number="88" hits="1" branch="False" />
            <line number="89" hits="1" branch="False" />
            <line number="92" hits="6" branch="True" condition-coverage="100% (2/2)">
              <conditions>
                <condition number="127" type="jump" coverage="100%" />
              </conditions>
            </line>
            <line number="93" hits="5" branch="False" />
            <line number="94" hits="5" branch="False" />
            <line number="98" hits="1" branch="False" />
            <line number="99" hits="1" branch="False" />
            <line number="100" hits="0" branch="False" />
            <line number="101" hits="0" branch="False" />
            <line number="102" hits="1" branch="False" />
            <line number="103" hits="1" branch="False" />
            <line number="104" hits="1" branch="False" />
            <line number="105" hits="1" branch="False" />
            <line number="106" hits="1" branch="False" />
            <line number="107" hits="1" branch="False" />
            <line number="108" hits="5" branch="False" />
            <line number="111" hits="6" branch="False" />
            <line number="112" hits="6" branch="False" />
            <line number="113" hits="6" branch="True" condition-coverage="100% (2/2)">
              <conditions>
                <condition number="19" type="jump" coverage="100%" />
              </conditions>
            </line>
            <line number="114" hits="1" branch="False" />
            <line number="115" hits="1" branch="False" />
            <line number="118" hits="5" branch="False" />
            <line number="119" hits="5" branch="False" />
            <line number="120" hits="5" branch="True" condition-coverage="100% (4/4)">
              <conditions>
                <condition number="67" type="jump" coverage="100%" />
                <condition number="87" type="jump" coverage="100%" />
              </conditions>
            </line>
            <line number="121" hits="3" branch="False" />
            <line number="122" hits="3" branch="False" />
            <line number="123" hits="3" branch="False" />
            <line number="126" hits="2" branch="True" condition-coverage="50% (2/4)">
              <conditions>
                <condition number="117" type="jump" coverage="50%" />
                <condition number="137" type="jump" coverage="50%" />
              </conditions>
            </line>
            <line number="127" hits="2" branch="False" />
            <line number="128" hits="2" branch="False" />
            <line number="129" hits="2" branch="False" />
            <line number="132" hits="0" branch="True" condition-coverage="0% (0/4)">
              <conditions>
                <condition number="164" type="jump" coverage="0%" />
                <condition number="184" type="jump" coverage="0%" />
              </conditions>
            </line>
            <line number="133" hits="0" branch="False" />
            <line number="134" hits="0" branch="False" />
            <line number="135" hits="0" branch="False" />
            <line number="138" hits="0" branch="True" condition-coverage="0% (0/4)">
              <conditions>
                <condition number="211" type="jump" coverage="0%" />
                <condition number="231" type="jump" coverage="0%" />
              </conditions>
            </line>
            <line number="139" hits="0" branch="False" />
            <line number="140" hits="0" branch="False" />
            <line number="141" hits="0" branch="False" />
            <line number="144" hits="0" branch="False" />
            <line number="145" hits="6" branch="False" />
            <line number="148" hits="3" branch="False" />
            <line number="150" hits="3" branch="False" />
            <line number="151" hits="3" branch="True" condition-coverage="50% (1/2)">
              <conditions>
                <condition number="10" type="jump" coverage="50%" />
              </conditions>
            </line>
            <line number="152" hits="3" branch="True" condition-coverage="50% (1/2)">
              <conditions>
                <condition number="41" type="jump" coverage="50%" />
              </conditions>
            </line>
            <line number="153" hits="2" branch="True" condition-coverage="50% (1/2)">
              <conditions>
                <condition number="67" type="jump" coverage="50%" />
              </conditions>
            </line>
            <line number="154" hits="2" branch="False" />
            <line number="155" hits="2" branch="False" />
            <line number="156" hits="1" branch="False" />
            <line number="157" hits="1" branch="False" />
            <line number="158" hits="1" branch="False" />
            <line number="159" hits="1" branch="False" />
            <line number="160" hits="0" branch="False" />
            <line number="161" hits="0" branch="False" />
            <line number="162" hits="0" branch="False" />
            <line number="163" hits="0" branch="False" />
            <line number="164" hits="0" branch="False" />
            <line number="165" hits="3" branch="False" />
            <line number="168" hits="2" branch="False" />
            <line number="170" hits="2" branch="False" />
            <line number="171" hits="2" branch="True" condition-coverage="50% (1/2)">
              <conditions>
                <condition number="10" type="jump" coverage="50%" />
              </conditions>
            </line>
            <line number="173" hits="2" branch="True" condition-coverage="50% (1/2)">
              <conditions>
                <condition number="40" type="jump" coverage="50%" />
              </conditions>
            </line>
            <line number="174" hits="2" branch="False" />
            <line number="175" hits="2" branch="True" condition-coverage="50% (2/4)">
              <conditions>
                <condition number="56" type="jump" coverage="50%" />
                <condition number="77" type="jump" coverage="50%" />
              </conditions>
            </line>
            <line number="176" hits="0" branch="False" />
            <line number="177" hits="0" branch="False" />
            <line number="178" hits="0" branch="False" />
            <line number="179" hits="0" branch="False" />
            <line number="181" hits="2" branch="False" />
            <line number="182" hits="2" branch="True" condition-coverage="50% (1/2)">
              <conditions>
                <condition number="110" type="jump" coverage="50%" />
              </conditions>
            </line>
            <line number="183" hits="0" branch="False" />
            <line number="184" hits="0" branch="False" />
            <line number="185" hits="0" branch="False" />
            <line number="186" hits="0" branch="False" />
            <line number="189" hits="2" branch="False" />
            <line number="190" hits="2" branch="False" />
            <line number="191" hits="2" branch="False" />
            <line number="192" hits="2" branch="False" />
            <line number="193" hits="2" branch="False" />
            <line number="194" hits="0" branch="False" />
            <line number="195" hits="0" branch="False" />
            <line number="196" hits="0" branch="False" />
            <line number="197" hits="0" branch="False" />
            <line number="198" hits="0" branch="False" />
            <line number="199" hits="0" branch="False" />
            <line number="200" hits="0" branch="False" />
            <line number="201" hits="0" branch="False" />
            <line number="202" hits="0" branch="False" />
            <line number="203" hits="2" branch="False" />
            <line number="206" hits="0" branch="False" />
            <line number="208" hits="0" branch="False" />
            <line number="209" hits="0" branch="True" condition-coverage="0% (0/2)">
              <conditions>
                <condition number="10" type="jump" coverage="0%" />
              </conditions>
            </line>
            <line number="211" hits="0" branch="True" condition-coverage="0% (0/2)">
              <conditions>
                <condition number="40" type="jump" coverage="0%" />
              </conditions>
            </line>
            <line number="212" hits="0" branch="False" />
            <line number="213" hits="0" branch="True" condition-coverage="0% (0/4)">
              <conditions>
                <condition number="56" type="jump" coverage="0%" />
                <condition number="77" type="jump" coverage="0%" />
              </conditions>
            </line>
            <line number="214" hits="0" branch="False" />
            <line number="215" hits="0" branch="False" />
            <line number="216" hits="0" branch="False" />
            <line number="217" hits="0" branch="False" />
            <line number="219" hits="0" branch="False" />
            <line number="220" hits="0" branch="True" condition-coverage="0% (0/2)">
              <conditions>
                <condition number="110" type="jump" coverage="0%" />
              </conditions>
            </line>
            <line number="221" hits="0" branch="False" />
            <line number="222" hits="0" branch="False" />
            <line number="223" hits="0" branch="False" />
            <line number="224" hits="0" branch="False" />
            <line number="227" hits="0" branch="False" />
            <line number="228" hits="0" branch="False" />
            <line number="229" hits="0" branch="False" />
            <line number="230" hits="0" branch="False" />
            <line number="231" hits="0" branch="False" />
            <line number="232" hits="0" branch="False" />
            <line number="233" hits="0" branch="False" />
            <line number="234" hits="0" branch="False" />
            <line number="235" hits="0" branch="False" />
            <line number="236" hits="0" branch="False" />
            <line number="237" hits="0" branch="False" />
            <line number="238" hits="0" branch="False" />
            <line number="239" hits="0" branch="False" />
            <line number="240" hits="0" branch="False" />
            <line number="241" hits="0" branch="False" />
            <line number="244" hits="0" branch="False" />
            <line number="246" hits="0" branch="False" />
            <line number="247" hits="0" branch="True" condition-coverage="0% (0/2)">
              <conditions>
                <condition number="10" type="jump" coverage="0%" />
              </conditions>
            </line>
            <line number="248" hits="0" branch="False" />
            <line number="249" hits="0" branch="False" />
            <line number="250" hits="0" branch="False" />
            <line number="251" hits="0" branch="False" />
            <line number="252" hits="0" branch="False" />
            <line number="253" hits="0" branch="False" />
            <line number="254" hits="0" branch="False" />
            <line number="255" hits="0" branch="False" />
            <line number="256" hits="0" branch="False" />
            <line number="257" hits="0" branch="False" />
            <line number="258" hits="0" branch="False" />
            <line number="259" hits="0" branch="False" />
            <line number="262" hits="63" branch="False" />
            <line number="263" hits="63" branch="False" />
            <line number="265" hits="63" branch="True" condition-coverage="92.85% (13/14)">
              <conditions>
                <condition number="19" type="jump" coverage="100%" />
                <condition number="28" type="jump" coverage="100%" />
                <condition number="39" type="jump" coverage="100%" />
                <condition number="50" type="jump" coverage="100%" />
                <condition number="63" type="jump" coverage="100%" />
                <condition number="75" type="jump" coverage="100%" />
                <condition number="91" type="jump" coverage="50%" />
              </conditions>
            </line>
            <line number="268" hits="25" branch="False" />
            <line number="269" hits="24" branch="False" />
            <line number="270" hits="24" branch="False" />
            <line number="272" hits="1" branch="False" />
            <line number="273" hits="1" branch="False" />
            <line number="275" hits="3" branch="False" />
            <line number="276" hits="3" branch="False" />
            <line number="277" hits="3" branch="False" />
            <line number="279" hits="20" branch="False" />
            <line number="280" hits="16" branch="False" />
            <line number="281" hits="16" branch="False" />
            <line number="283" hits="6" branch="False" />
            <line number="284" hits="4" branch="False" />
            <line number="285" hits="4" branch="False" />
            <line number="287" hits="2" branch="False" />
            <line number="288" hits="2" branch="False" />
            <line number="290" hits="6" branch="True" condition-coverage="100% (2/2)">
              <conditions>
                <condition number="291" type="jump" coverage="100%" />
              </conditions>
            </line>
            <line number="291" hits="6" branch="False" />
            <line number="293" hits="0" branch="False" />
            <line number="296" hits="56" branch="True" condition-coverage="100% (2/2)">
              <conditions>
                <condition number="337" type="jump" coverage="100%" />
              </conditions>
            </line>
            <line number="297" hits="47" branch="False" />
            <line number="298" hits="47" branch="False" />
            <line number="299" hits="47" branch="False" />
            <line number="300" hits="47" branch="False" />
            <line number="301" hits="56" branch="False" />
            <line number="304" hits="1" branch="False" />
            <line number="305" hits="1" branch="False" />
            <line number="306" hits="1" branch="False" />
            <line number="307" hits="1" branch="False" />
            <line number="308" hits="1" branch="False" />
            <line number="309" hits="1" branch="False" />
            <line number="310" hits="1" branch="False" />
            <line number="311" hits="1" branch="False" />
            <line number="312" hits="1" branch="False" />
            <line number="313" hits="1" branch="False" />
            <line number="314" hits="1" branch="False" />
            <line number="315" hits="1" branch="False" />
            <line number="316" hits="1" branch="False" />
            <line number="317" hits="1" branch="False" />
            <line number="318" hits="1" branch="False" />
            <line number="319" hits="1" branch="False" />
            <line number="320" hits="1" branch="False" />
            <line number="323" hits="1" branch="False" />
            <line number="324" hits="1" branch="False" />
            <line number="325" hits="1" branch="True" condition-coverage="50% (1/2)">
              <conditions>
                <condition number="24" type="jump" coverage="50%" />
              </conditions>
            </line>
            <line number="326" hits="0" branch="False" />
            <line number="327" hits="0" branch="False" />
            <line number="328" hits="0" branch="False" />
            <line number="331" hits="1" branch="False" />
            <line number="332" hits="7" branch="True" condition-coverage="100% (2/2)">
              <conditions>
                <condition number="267" type="jump" coverage="100%" />
              </conditions>
            </line>
            <line number="333" hits="2" branch="False" />
            <line number="334" hits="2" branch="True" condition-coverage="100% (2/2)">
              <conditions>
                <condition number="93" type="jump" coverage="100%" />
              </conditions>
            </line>
            <line number="335" hits="2" branch="False" />
            <line number="336" hits="2" branch="False" />
            <line number="337" hits="1" branch="False" />
            <line number="340" hits="2" branch="False" />
            <line number="341" hits="2" branch="False" />
            <line number="342" hits="2" branch="False" />
            <line number="344" hits="2" branch="True" condition-coverage="100% (2/2)">
              <conditions>
                <condition number="34" type="jump" coverage="100%" />
              </conditions>
            </line>
            <line number="345" hits="1" branch="False" />
            <line number="346" hits="1" branch="False" />
            <line number="347" hits="1" branch="False" />
            <line number="350" hits="1" branch="False" />
            <line number="351" hits="2" branch="True" condition-coverage="25% (1/4)">
              <conditions>
                <condition number="109" type="jump" coverage="50%" />
                <condition number="119" type="jump" coverage="0%" />
              </conditions>
            </line>
            <line number="352" hits="1" branch="False" />
            <line number="353" hits="1" branch="False" />
            <line number="355" hits="1" branch="False" />
            <line number="356" hits="2" branch="False" />
            <line number="359" hits="5" branch="False" />
            <line number="360" hits="5" branch="False" />
            <line number="361" hits="5" branch="False" />
            <line number="362" hits="5" branch="False" />
            <line number="363" hits="5" branch="True" condition-coverage="100% (2/2)">
              <conditions>
                <condition number="12" type="jump" coverage="100%" />
              </conditions>
            </line>
            <line number="364" hits="5" branch="False" />
            <line number="365" hits="5" branch="False" />
            <line number="366" hits="5" branch="False" />
            <line number="367" hits="5" branch="False" />
            <line number="369" hits="5" branch="True" condition-coverage="50% (1/2)">
              <conditions>
                <condition number="60" type="jump" coverage="50%" />
              </conditions>
            </line>
            <line number="370" hits="0" branch="False" />
            <line number="371" hits="0" branch="False" />
            <line number="374" hits="5" branch="True" condition-coverage="50% (1/2)">
              <conditions>
                <condition number="80" type="jump" coverage="50%" />
              </conditions>
            </line>
            <line number="375" hits="5" branch="False" />
            <line number="376" hits="5" branch="False" />
            <line number="379" hits="0" branch="False" />
            <line number="380" hits="0" branch="False" />
            <line number="381" hits="0" branch="False" />
            <line number="382" hits="5" branch="False" />
            <line number="385" hits="2" branch="False" />
            <line number="386" hits="2" branch="False" />
            <line number="387" hits="3" branch="False" />
            <line number="388" hits="3" branch="False" />
            <line number="389" hits="3" branch="True" condition-coverage="100% (2/2)">
              <conditions>
                <condition number="12" type="jump" coverage="100%" />
              </conditions>
            </line>
            <line number="390" hits="3" branch="False" />
            <line number="391" hits="3" branch="False" />
            <line number="392" hits="3" branch="False" />
            <line number="393" hits="3" branch="False" />
            <line number="395" hits="3" branch="True" condition-coverage="50% (1/2)">
              <conditions>
                <condition number="60" type="jump" coverage="50%" />
              </conditions>
            </line>
            <line number="396" hits="0" branch="False" />
            <line number="397" hits="0" branch="False" />
            <line number="400" hits="3" branch="True" condition-coverage="100% (2/2)">
              <conditions>
                <condition number="81" type="jump" coverage="100%" />
              </conditions>
            </line>
            <line number="401" hits="2" branch="False" />
            <line number="402" hits="2" branch="False" />
            <line number="405" hits="1" branch="False" />
            <line number="406" hits="1" branch="False" />
            <line number="407" hits="1" branch="False" />
            <line number="408" hits="2" branch="False" />
            <line number="411" hits="2" branch="False" />
            <line number="412" hits="2" branch="False" />
            <line number="413" hits="2" branch="False" />
            <line number="414" hits="2" branch="False" />
            <line number="415" hits="2" branch="True" condition-coverage="100% (2/2)">
              <conditions>
                <condition number="15" type="jump" coverage="100%" />
              </conditions>
            </line>
            <line number="416" hits="2" branch="False" />
            <line number="417" hits="2" branch="False" />
            <line number="418" hits="2" branch="False" />
            <line number="419" hits="2" branch="False" />
            <line number="421" hits="2" branch="True" condition-coverage="50% (1/2)">
              <conditions>
                <condition number="63" type="jump" coverage="50%" />
              </conditions>
            </line>
            <line number="422" hits="0" branch="False" />
            <line number="423" hits="0" branch="False" />
            <line number="426" hits="2" branch="True" condition-coverage="100% (2/2)">
              <conditions>
                <condition number="82" type="jump" coverage="100%" />
              </conditions>
            </line>
            <line number="427" hits="1" branch="False" />
            <line number="428" hits="1" branch="False" />
            <line number="431" hits="1" branch="True" condition-coverage="50% (1/2)">
              <conditions>
                <condition number="111" type="jump" coverage="50%" />
              </conditions>
            </line>
            <line number="432" hits="1" branch="False" />
            <line number="433" hits="1" branch="False" />
            <line number="436" hits="0" branch="False" />
            <line number="437" hits="0" branch="False" />
            <line number="438" hits="0" branch="False" />
            <line number="439" hits="2" branch="False" />
            <line number="442" hits="2" branch="False" />
            <line number="443" hits="2" branch="False" />
            <line number="444" hits="3" branch="False" />
            <line number="445" hits="3" branch="False" />
            <line number="446" hits="3" branch="True" condition-coverage="100% (2/2)">
              <conditions>
                <condition number="15" type="jump" coverage="100%" />
              </conditions>
            </line>
            <line number="447" hits="3" branch="False" />
            <line number="448" hits="3" branch="False" />
            <line number="449" hits="3" branch="False" />
            <line number="450" hits="3" branch="False" />
            <line number="452" hits="3" branch="True" condition-coverage="50% (1/2)">
              <conditions>
                <condition number="63" type="jump" coverage="50%" />
              </conditions>
            </line>
            <line number="453" hits="0" branch="False" />
            <line number="454" hits="0" branch="False" />
            <line number="457" hits="3" branch="True" condition-coverage="100% (2/2)">
              <conditions>
                <condition number="82" type="jump" coverage="100%" />
              </conditions>
            </line>
            <line number="458" hits="1" branch="False" />
            <line number="459" hits="1" branch="False" />
            <line number="462" hits="2" branch="True" condition-coverage="100% (2/2)">
              <conditions>
                <condition number="111" type="jump" coverage="100%" />
              </conditions>
            </line>
            <line number="463" hits="1" branch="False" />
            <line number="464" hits="1" branch="False" />
            <line number="467" hits="1" branch="False" />
            <line number="468" hits="1" branch="False" />
            <line number="469" hits="1" branch="False" />
            <line number="470" hits="2" branch="False" />
            <line number="473" hits="2" branch="False" />
            <line number="474" hits="2" branch="False" />
            <line number="475" hits="3" branch="False" />
            <line number="476" hits="3" branch="False" />
            <line number="477" hits="3" branch="True" condition-coverage="100% (2/2)">
              <conditions>
                <condition number="15" type="jump" coverage="100%" />
              </conditions>
            </line>
            <line number="478" hits="3" branch="False" />
            <line number="479" hits="3" branch="False" />
            <line number="480" hits="3" branch="False" />
            <line number="481" hits="3" branch="False" />
            <line number="483" hits="3" branch="True" condition-coverage="50% (1/2)">
              <conditions>
                <condition number="63" type="jump" coverage="50%" />
              </conditions>
            </line>
            <line number="484" hits="0" branch="False" />
            <line number="485" hits="0" branch="False" />
            <line number="488" hits="3" branch="True" condition-coverage="50% (1/2)">
              <conditions>
                <condition number="82" type="jump" coverage="50%" />
              </conditions>
            </line>
            <line number="489" hits="0" branch="False" />
            <line number="490" hits="0" branch="False" />
            <line number="493" hits="3" branch="True" condition-coverage="100% (2/2)">
              <conditions>
                <condition number="111" type="jump" coverage="100%" />
              </conditions>
            </line>
            <line number="494" hits="2" branch="False" />
            <line number="495" hits="2" branch="False" />
            <line number="498" hits="1" branch="False" />
            <line number="499" hits="1" branch="False" />
            <line number="500" hits="1" branch="False" />
            <line number="501" hits="2" branch="False" />
            <line number="504" hits="3" branch="False" />
            <line number="505" hits="3" branch="False" />
            <line number="506" hits="4" branch="False" />
            <line number="507" hits="4" branch="False" />
            <line number="508" hits="4" branch="True" condition-coverage="100% (2/2)">
              <conditions>
                <condition number="12" type="jump" coverage="100%" />
              </conditions>
            </line>
            <line number="509" hits="4" branch="False" />
            <line number="510" hits="4" branch="False" />
            <line number="511" hits="4" branch="False" />
            <line number="512" hits="4" branch="False" />
            <line number="514" hits="4" branch="True" condition-coverage="100% (2/2)">
              <conditions>
                <condition number="54" type="jump" coverage="100%" />
              </conditions>
            </line>
            <line number="515" hits="1" branch="False" />
            <line number="516" hits="1" branch="False" />
            <line number="519" hits="3" branch="True" condition-coverage="100% (2/2)">
              <conditions>
                <condition number="74" type="jump" coverage="100%" />
              </conditions>
            </line>
            <line number="520" hits="2" branch="False" />
            <line number="521" hits="2" branch="False" />
            <line number="524" hits="1" branch="False" />
            <line number="525" hits="1" branch="False" />
            <line number="526" hits="1" branch="False" />
            <line number="527" hits="2" branch="False" />
            <line number="530" hits="20" branch="False" />
            <line number="531" hits="20" branch="False" />
            <line number="532" hits="20" branch="True" condition-coverage="50% (1/2)">
              <conditions>
                <condition number="19" type="jump" coverage="50%" />
              </conditions>
            </line>
            <line number="533" hits="0" branch="False" />
            <line number="534" hits="0" branch="False" />
            <line number="537" hits="20" branch="False" />
            <line number="538" hits="20" branch="False" />
            <line number="541" hits="2" branch="False" />
            <line number="542" hits="2" branch="False" />
            <line number="543" hits="2" branch="False" />
            <line number="544" hits="2" branch="False" />
            <line number="546" hits="2" branch="False" />
            <line number="547" hits="2" branch="True" condition-coverage="50% (1/2)">
              <conditions>
                <condition number="210" type="jump" coverage="50%" />
              </conditions>
            </line>
            <line number="548" hits="0" branch="False" />
            <line number="549" hits="0" branch="False" />
            <line number="550" hits="0" branch="True" condition-coverage="0% (0/2)">
              <conditions>
                <condition number="40" type="jump" coverage="0%" />
              </conditions>
            </line>
            <line number="551" hits="0" branch="False" />
            <line number="552" hits="0" branch="False" />
[...]
            <line number="17" hits="171" branch="False" />
            <line number="19" hits="233" branch="False" />
          </lines>
        </class>
        <class name="PersonalFinanceCli.Application.CommandHandlers.AddCardHandler" filename="Application/CommandHandlers/AddCardHandler.cs" line-rate="0.9" branch-rate="0.75" complexity="5">
          <methods>
            <method name="Handle" signature="(System.String,System.String,System.Nullable`1&lt;System.Decimal&gt;)" line-rate="0.875" branch-rate="0.75" complexity="4">
              <lines>
                <line number="17" hits="25" branch="False" />
                <line number="18" hits="25" branch="True" condition-coverage="50% (1/2)">
                  <conditions>
                    <condition number="9" type="jump" coverage="50%" />
                  </conditions>
                </line>
                <line number="19" hits="0" branch="False" />
                <line number="20" hits="0" branch="False" />
                <line number="23" hits="25" branch="True" condition-coverage="100% (2/2)">
                  <conditions>
                    <condition number="37" type="jump" coverage="100%" />
                  </conditions>
                </line>
                <line number="24" hits="1" branch="False" />
                <line number="25" hits="1" branch="False" />
                <line number="28" hits="24" branch="False" />
                <line number="29" hits="24" branch="False" />
                <line number="30" hits="24" branch="False" />
                <line number="31" hits="24" branch="False" />
                <line number="32" hits="24" branch="False" />
                <line number="33" hits="24" branch="False" />
                <line number="34" hits="24" branch="False" />
                <line number="36" hits="24" branch="False" />
                <line number="37" hits="24" branch="False" />
              </lines>
            </method>
            <method name=".ctor" signature="(PersonalFinanceCli.Application.Repositories.ICardRepository)" line-rate="1" branch-rate="1" complexity="1">
              <lines>
                <line number="11" hits="27" branch="False" />
                <line number="12" hits="27" branch="False" />
                <line number="13" hits="27" branch="False" />
                <line number="14" hits="27" branch="False" />
              </lines>
            </method>
          </methods>
          <lines>
            <line number="17" hits="25" branch="False" />
            <line number="18" hits="25" branch="True" condition-coverage="50% (1/2)">
              <conditions>
                <condition number="9" type="jump" coverage="50%" />
              </conditions>
            </line>
            <line number="19" hits="0" branch="False" />
            <line number="20" hits="0" branch="False" />
            <line number="23" hits="25" branch="True" condition-coverage="100% (2/2)">
              <conditions>
                <condition number="37" type="jump" coverage="100%" />
              </conditions>
            </line>
            <line number="24" hits="1" branch="False" />
            <line number="25" hits="1" branch="False" />
            <line number="28" hits="24" branch="False" />
            <line number="29" hits="24" branch="False" />
            <line number="30" hits="24" branch="False" />
            <line number="31" hits="24" branch="False" />
            <line number="32" hits="24" branch="False" />
            <line number="33" hits="24" branch="False" />
            <line number="34" hits="24" branch="False" />
            <line number="36" hits="24" branch="False" />
            <line number="37" hits="24" branch="False" />
            <line number="11" hits="27" branch="False" />
            <line number="12" hits="27" branch="False" />
            <line number="13" hits="27" branch="False" />
            <line number="14" hits="27" branch="False" />
          </lines>
        </class>
        <class name="PersonalFinanceCli.Application.CommandHandlers.AddTransactionHandler" filename="Application/CommandHandlers/AddTransactionHandler.cs" line-rate="1" branch-rate="1" complexity="15">
          <methods>
            <method name="Handle" signature="(PersonalFinanceCli.Domain.ValueObjects.TransactionType,System.Decimal,System.String,System.Nullable`1&lt;System.Int32&gt;,System.Nullable`1&lt;System.DateOnly&gt;,System.String)" line-rate="1" branch-rate="1" complexity="14">
              <lines>
                <line number="31" hits="20" branch="False" />
                <line number="32" hits="20" branch="True" condition-coverage="100% (2/2)">
                  <conditions>
                    <condition number="14" type="jump" coverage="100%" />
                  </conditions>
                </line>
                <line number="33" hits="1" branch="False" />
                <line number="34" hits="1" branch="False" />
                <line number="37" hits="19" branch="True" condition-coverage="100% (2/2)">
                  <conditions>
                    <condition number="36" type="jump" coverage="100%" />
                  </conditions>
                </line>
                <line number="38" hits="1" branch="False" />
                <line number="39" hits="1" branch="False" />
                <line number="43" hits="18" branch="True" condition-coverage="100% (2/2)">
                  <conditions>
                    <condition number="61" type="jump" coverage="100%" />
                  </conditions>
                </line>
                <line number="44" hits="3" branch="False" />
                <line number="45" hits="3" branch="False" />
                <line number="46" hits="3" branch="True" condition-coverage="100% (2/2)">
                  <conditions>
                    <condition number="91" type="jump" coverage="100%" />
                  </conditions>
                </line>
                <line number="47" hits="1" branch="False" />
                <line number="48" hits="1" branch="False" />
                <line number="50" hits="2" branch="False" />
                <line number="52" hits="15" branch="False" />
                <line number="53" hits="15" branch="False" />
                <line number="54" hits="15" branch="True" condition-coverage="100% (2/2)">
                  <conditions>
                    <condition number="131" type="jump" coverage="100%" />
                  </conditions>
                </line>
                <line number="55" hits="13" branch="False" />
                <line number="56" hits="13" branch="False" />
                <line number="57" hits="13" branch="False" />
                <line number="59" hits="2" branch="False" />
                <line number="60" hits="2" branch="False" />
                <line number="61" hits="2" branch="True" condition-coverage="100% (2/2)">
                  <conditions>
                    <condition number="163" type="jump" coverage="100%" />
                  </conditions>
                </line>
                <line number="62" hits="1" branch="False" />
                <line number="63" hits="1" branch="False" />
                <line number="66" hits="1" branch="False" />
                <line number="67" hits="1" branch="False" />
                <line number="68" hits="14" branch="False" />
                <line number="70" hits="16" branch="True" condition-coverage="100% (2/2)">
                  <conditions>
                    <condition number="228" type="jump" coverage="100%" />
                  </conditions>
                </line>
                <line number="71" hits="16" branch="False" />
                <line number="72" hits="16" branch="False" />
                <line number="73" hits="16" branch="False" />
                <line number="74" hits="16" branch="False" />
                <line number="75" hits="16" branch="False" />
                <line number="76" hits="16" branch="False" />
                <line number="77" hits="16" branch="False" />
                <line number="78" hits="16" branch="False" />
                <line number="80" hits="16" branch="False" />
                <line number="81" hits="16" branch="False" />
              </lines>
            </method>
            <method name=".ctor" signature="(PersonalFinanceCli.Application.Repositories.ITransactionRepository,PersonalFinanceCli.Application.Repositories.ICardRepository,PersonalFinanceCli.Infrastructure.Time.IClock)" line-rate="1" branch-rate="1" complexity="1">
              <lines>
                <line number="14" hits="27" branch="False" />
                <line number="15" hits="27" branch="False" />
                <line number="16" hits="27" branch="False" />
                <line number="17" hits="27" branch="False" />
                <line number="18" hits="27" branch="False" />
                <line number="19" hits="27" branch="False" />
                <line number="20" hits="27" branch="False" />
                <line number="21" hits="27" branch="False" />
                <line number="22" hits="27" branch="False" />
              </lines>
            </method>
          </methods>
          <lines>
            <line number="31" hits="20" branch="False" />
            <line number="32" hits="20" branch="True" condition-coverage="100% (2/2)">
              <conditions>
                <condition number="14" type="jump" coverage="100%" />
              </conditions>
            </line>
            <line number="33" hits="1" branch="False" />
            <line number="34" hits="1" branch="False" />
            <line number="37" hits="19" branch="True" condition-coverage="100% (2/2)">
              <conditions>
                <condition number="36" type="jump" coverage="100%" />
              </conditions>
            </line>
            <line number="38" hits="1" branch="False" />
            <line number="39" hits="1" branch="False" />
            <line number="43" hits="18" branch="True" condition-coverage="100% (2/2)">
              <conditions>
                <condition number="61" type="jump" coverage="100%" />
              </conditions>
            </line>
            <line number="44" hits="3" branch="False" />
            <line number="45" hits="3" branch="False" />
            <line number="46" hits="3" branch="True" condition-coverage="100% (2/2)">
              <conditions>
                <condition number="91" type="jump" coverage="100%" />
              </conditions>
            </line>
            <line number="47" hits="1" branch="False" />
            <line number="48" hits="1" branch="False" />
            <line number="50" hits="2" branch="False" />
            <line number="52" hits="15" branch="False" />
            <line number="53" hits="15" branch="False" />
            <line number="54" hits="15" branch="True" condition-coverage="100% (2/2)">
              <conditions>
                <condition number="131" type="jump" coverage="100%" />
              </conditions>
            </line>
            <line number="55" hits="13" branch="False" />
            <line number="56" hits="13" branch="False" />
            <line number="57" hits="13" branch="False" />
            <line number="59" hits="2" branch="False" />
            <line number="60" hits="2" branch="False" />
            <line number="61" hits="2" branch="True" condition-coverage="100% (2/2)">
              <conditions>
                <condition number="163" type="jump" coverage="100%" />
              </conditions>
            </line>
            <line number="62" hits="1" branch="False" />
            <line number="63" hits="1" branch="False" />
            <line number="66" hits="1" branch="False" />
            <line number="67" hits="1" branch="False" />
            <line number="68" hits="14" branch="False" />
            <line number="70" hits="16" branch="True" condition-coverage="100% (2/2)">
              <conditions>
                <condition number="228" type="jump" coverage="100%" />
              </conditions>
            </line>
            <line number="71" hits="16" branch="False" />
            <line number="72" hits="16" branch="False" />
            <line number="73" hits="16" branch="False" />
            <line number="74" hits="16" branch="False" />
            <line number="75" hits="16" branch="False" />
            <line number="76" hits="16" branch="False" />
            <line number="77" hits="16" branch="False" />
            <line number="78" hits="16" branch="False" />
            <line number="80" hits="16" branch="False" />
            <line number="81" hits="16" branch="False" />
            <line number="14" hits="27" branch="False" />
            <line number="15" hits="27" branch="False" />
            <line number="16" hits="27" branch="False" />
            <line number="17" hits="27" branch="False" />
            <line number="18" hits="27" branch="False" />
            <line number="19" hits="27" branch="False" />
            <line number="20" hits="27" branch="False" />
            <line number="21" hits="27" branch="False" />
            <line number="22" hits="27" branch="False" />
          </lines>
        </class>
        <class name="PersonalFinanceCli.Application.CommandHandlers.SetDailyLimitHandler" filename="Application/CommandHandlers/SetDailyLimitHandler.cs" line-rate="1" branch-rate="0.625" complexity="9">
          <methods>
            <method name="Handle" signature="(System.Decimal)" line-rate="1" branch-rate="0.625" complexity="8">
              <lines>
                <line number="20" hits="6" branch="False" />
                <line number="21" hits="6" branch="True" condition-coverage="100% (2/2)">
                  <conditions>
                    <condition number="14" type="jump" coverage="100%" />
                  </conditions>
                </line>
                <line number="22" hits="1" branch="False" />
                <line number="23" hits="1" branch="False" />
                <line number="26" hits="5" branch="False" />
                <line number="27" hits="5" branch="True" condition-coverage="100% (2/2)">
                  <conditions>
                    <condition number="51" type="jump" coverage="100%" />
                  </conditions>
                </line>
                <line number="28" hits="1" branch="False" />
                <line number="29" hits="1" branch="False" />
                <line number="32" hits="4" branch="True" condition-coverage="25% (1/4)">
                  <conditions>
                    <condition number="77" type="jump" coverage="50%" />
                    <condition number="92" type="jump" coverage="0%" />
                  </conditions>
                </line>
                <line number="33" hits="4" branch="False" />
                <line number="34" hits="4" branch="False" />
                <line number="36" hits="4" branch="False" />
                <line number="37" hits="4" branch="False" />
              </lines>
            </method>
            <method name=".ctor" signature="(PersonalFinanceCli.Application.Repositories.ILimitRepository,PersonalFinanceCli.Application.Repositories.ICardRepository,PersonalFinanceCli.Infrastructure.Time.IClock)" line-rate="1" branch-rate="1" complexity="1">
              <lines>
                <line number="12" hits="27" branch="False" />
                <line number="13" hits="27" branch="False" />
                <line number="14" hits="27" branch="False" />
                <line number="15" hits="27" branch="False" />
                <line number="16" hits="27" branch="False" />
                <line number="17" hits="27" branch="False" />
              </lines>
            </method>
          </methods>
          <lines>
            <line number="20" hits="6" branch="False" />
            <line number="21" hits="6" branch="True" condition-coverage="100% (2/2)">
              <conditions>
                <condition number="14" type="jump" coverage="100%" />
              </conditions>
            </line>
            <line number="22" hits="1" branch="False" />
            <line number="23" hits="1" branch="False" />
            <line number="26" hits="5" branch="False" />
            <line number="27" hits="5" branch="True" condition-coverage="100% (2/2)">
              <conditions>
                <condition number="51" type="jump" coverage="100%" />
              </conditions>
            </line>
            <line number="28" hits="1" branch="False" />
            <line number="29" hits="1" branch="False" />
            <line number="32" hits="4" branch="True" condition-coverage="25% (1/4)">
              <conditions>
                <condition number="77" type="jump" coverage="50%" />
                <condition number="92" type="jump" coverage="0%" />
              </conditions>
            </line>
            <line number="33" hits="4" branch="False" />
            <line number="34" hits="4" branch="False" />
            <line number="36" hits="4" branch="False" />
            <line number="37" hits="4" branch="False" />
            <line number="12" hits="27" branch="False" />
            <line number="13" hits="27" branch="False" />
            <line number="14" hits="27" branch="False" />
            <line number="15" hits="27" branch="False" />
            <line number="16" hits="27" branch="False" />
            <line number="17" hits="27" branch="False" />
          </lines>
        </class>
        <class name="PersonalFinanceCli.Application.CommandHandlers.SetDefaultCardHandler" filename="Application/CommandHandlers/SetDefaultCardHandler.cs" line-rate="0.8181" branch-rate="0.5" complexity="3">
          <methods>
            <method name="Handle" signature="(System.Int32)" line-rate="0.7142000000000001" branch-rate="0.5" complexity="2">
              <lines>
                <line number="15" hits="3" branch="False" />
                <line number="16" hits="3" branch="False" />
                <line number="17" hits="3" branch="True" condition-coverage="50% (1/2)">
                  <conditions>
                    <condition number="20" type="jump" coverage="50%" />
                  </conditions>
                </line>
                <line number="18" hits="0" branch="False" />
                <line number="19" hits="0" branch="False" />
                <line number="22" hits="3" branch="False" />
                <line number="23" hits="3" branch="False" />
              </lines>
            </method>
            <method name=".ctor" signature="(PersonalFinanceCli.Application.Repositories.ICardRepository)" line-rate="1" branch-rate="1" complexity="1">
              <lines>
                <line number="9" hits="27" branch="False" />
                <line number="10" hits="27" branch="False" />
                <line number="11" hits="27" branch="False" />
                <line number="12" hits="27" branch="False" />
              </lines>
            </method>
          </methods>
          <lines>
            <line number="15" hits="3" branch="False" />
            <line number="16" hits="3" branch="False" />
            <line number="17" hits="3" branch="True" condition-coverage="50% (1/2)">
              <conditions>
                <condition number="20" type="jump" coverage="50%" />
              </conditions>
            </line>
            <line number="18" hits="0" branch="False" />
            <line number="19" hits="0" branch="False" />
            <line number="22" hits="3" branch="False" />
            <line number="23" hits="3" branch="False" />
            <line number="9" hits="27" branch="False" />
            <line number="10" hits="27" branch="False" />
            <line number="11" hits="27" branch="False" />
            <line number="12" hits="27" branch="False" />
          </lines>
        </class>
      </classes>
    </package>
  </packages>
</coverage>